#
# There is insufficient memory for the Java Runtime Environment to continue.
# Native memory allocation (malloc) failed to allocate 1009856 bytes for Chunk::new
# Possible reasons:
#   The system is out of physical RAM or swap space
#   The process is running with CompressedOops enabled, and the Java Heap may be blocking the growth of the native heap
# Possible solutions:
#   Reduce memory load on the system
#   Increase physical memory or swap space
#   Check if swap backing store is full
#   Decrease Java heap size (-Xmx/-Xms)
#   Decrease number of Java threads
#   Decrease Java thread stack sizes (-Xss)
#   Set larger code cache with -XX:ReservedCodeCacheSize=
#   JVM is running with Unscaled Compressed Oops mode in which the Java heap is
#     placed in the first 4GB address space. The Java Heap base address is the
#     maximum limit for the native heap growth. Please use -XX:HeapBaseMinAddress
#     to set the Java Heap base and to place the Java Heap above 4GB virtual address.
# This output file may be truncated or incomplete.
#
#  Out of Memory Error (./src/hotspot/share/memory/arena.cpp:197), pid=15996, tid=12832
#
# JRE version: OpenJDK Runtime Environment (11.0.10) (build 11.0.10+0-b96-7249189)
# Java VM: OpenJDK 64-Bit Server VM (11.0.10+0-b96-7249189, mixed mode, tiered, compressed oops, g1 gc, windows-amd64)
# No core dump will be written. Minidumps are not enabled by default on client versions of Windows
#

---------------  S U M M A R Y ------------

Command Line: --add-opens=java.base/java.util=ALL-UNNAMED --add-opens=java.base/java.lang=ALL-UNNAMED --add-opens=java.base/java.lang.invoke=ALL-UNNAMED --add-opens=java.base/java.util=ALL-UNNAMED --add-opens=java.prefs/java.util.prefs=ALL-UNNAMED --add-opens=java.prefs/java.util.prefs=ALL-UNNAMED --add-opens=java.base/java.nio.charset=ALL-UNNAMED --add-opens=java.base/java.net=ALL-UNNAMED --add-opens=java.base/java.util.concurrent.atomic=ALL-UNNAMED -Xmx2048m -Dfile.encoding=UTF-8 -Duser.country=AU -Duser.language=en -Duser.variant org.gradle.launcher.daemon.bootstrap.GradleDaemon 7.0.2

Host: Intel(R) Core(TM) i3-6006U CPU @ 2.00GHz, 4 cores, 7G,  Windows 10 , 64 bit Build 18362 (10.0.18362.1500)
Time: Sat Nov 20 12:03:18 2021 Bangladesh Standard Time elapsed time: 3690.673120 seconds (0d 1h 1m 30s)

---------------  T H R E A D  ---------------

Current thread (0x000001eb1995c800):  JavaThread "C2 CompilerThread0" daemon [_thread_in_native, id=12832, stack(0x000000d30e800000,0x000000d30e900000)]


Current CompileTask:
C2:3690673 15901       4       org.objectweb.asm.ClassReader::accept (1250 bytes)

Stack: [0x000000d30e800000,0x000000d30e900000]
Native frames: (J=compiled Java code, j=interpreted, Vv=VM code, C=native code)
V  [jvm.dll+0x5ecfaa]
V  [jvm.dll+0x722bd5]
V  [jvm.dll+0x72412d]
V  [jvm.dll+0x7247e3]
V  [jvm.dll+0x242928]
V  [jvm.dll+0xbc4fc]
V  [jvm.dll+0xbca0c]
V  [jvm.dll+0x2b4fd4]
V  [jvm.dll+0x506028]
V  [jvm.dll+0x1fcdfd]
V  [jvm.dll+0x1fa77f]
V  [jvm.dll+0x18354c]
V  [jvm.dll+0x208ee7]
V  [jvm.dll+0x207731]
V  [jvm.dll+0x6eb1cf]
V  [jvm.dll+0x6e3d45]
V  [jvm.dll+0x5ebe96]
C  [ucrtbase.dll+0x210b2]
C  [KERNEL32.DLL+0x17c24]
C  [ntdll.dll+0x6d721]


---------------  P R O C E S S  ---------------

Threads class SMR info:
_java_thread_list=0x000001eb2243c500, length=42, elements={
0x000001eb7f37d000, 0x000001eb18fdc000, 0x000001eb18fdd800, 0x000001eb19956800,
0x000001eb19957000, 0x000001eb19958800, 0x000001eb1995c800, 0x000001eb18ffa000,
0x000001eb18ffc800, 0x000001eb19aac800, 0x000001eb1a5be000, 0x000001eb1c2a2800,
0x000001eb1b1eb800, 0x000001eb19fe0800, 0x000001eb19fe2800, 0x000001eb19fe0000,
0x000001eb19fe5800, 0x000001eb19fe3000, 0x000001eb19dca800, 0x000001eb19dc9000,
0x000001eb19dce000, 0x000001eb19dce800, 0x000001eb19dd2800, 0x000001eb19dd3800,
0x000001eb19dd7800, 0x000001eb19dd0000, 0x000001eb19dcd000, 0x000001eb1c4cc000,
0x000001eb1c4c7000, 0x000001eb1c4cd000, 0x000001eb1c4cd800, 0x000001eb1c4ce800,
0x000001eb1c4c8800, 0x000001eb1c4c9800, 0x000001eb1c4d1800, 0x000001eb1c4d3800,
0x000001eb1c4d4000, 0x000001eb1c4d5000, 0x000001eb1c4d1000, 0x000001eb1c4cf000,
0x000001eb1c4d2800, 0x000001eb1c4d5800
}

Java Threads: ( => current thread )
  0x000001eb7f37d000 JavaThread "main" [_thread_blocked, id=4504, stack(0x000000d30dc00000,0x000000d30dd00000)]
  0x000001eb18fdc000 JavaThread "Reference Handler" daemon [_thread_blocked, id=9432, stack(0x000000d30e300000,0x000000d30e400000)]
  0x000001eb18fdd800 JavaThread "Finalizer" daemon [_thread_blocked, id=15880, stack(0x000000d30e400000,0x000000d30e500000)]
  0x000001eb19956800 JavaThread "Signal Dispatcher" daemon [_thread_blocked, id=9816, stack(0x000000d30e500000,0x000000d30e600000)]
  0x000001eb19957000 JavaThread "Attach Listener" daemon [_thread_blocked, id=13056, stack(0x000000d30e600000,0x000000d30e700000)]
  0x000001eb19958800 JavaThread "Service Thread" daemon [_thread_blocked, id=14604, stack(0x000000d30e700000,0x000000d30e800000)]
=>0x000001eb1995c800 JavaThread "C2 CompilerThread0" daemon [_thread_in_native, id=12832, stack(0x000000d30e800000,0x000000d30e900000)]
  0x000001eb18ffa000 JavaThread "C1 CompilerThread0" daemon [_thread_blocked, id=7896, stack(0x000000d30e900000,0x000000d30ea00000)]
  0x000001eb18ffc800 JavaThread "Sweeper thread" daemon [_thread_blocked, id=11116, stack(0x000000d30ea00000,0x000000d30eb00000)]
  0x000001eb19aac800 JavaThread "Common-Cleaner" daemon [_thread_blocked, id=14456, stack(0x000000d30eb00000,0x000000d30ec00000)]
  0x000001eb1a5be000 JavaThread "Daemon health stats" [_thread_blocked, id=4980, stack(0x000000d30ed00000,0x000000d30ee00000)]
  0x000001eb1c2a2800 JavaThread "Incoming local TCP Connector on port 50880" [_thread_in_native, id=2028, stack(0x000000d30f000000,0x000000d30f100000)]
  0x000001eb1b1eb800 JavaThread "Daemon periodic checks" [_thread_blocked, id=2244, stack(0x000000d30f100000,0x000000d30f200000)]
  0x000001eb19fe0800 JavaThread "Cache worker for file hash cache (C:\Users\tahmi\.gradle\caches\7.0.2\fileHashes)" [_thread_blocked, id=10460, stack(0x000000d30fa00000,0x000000d30fb00000)]
  0x000001eb19fe2800 JavaThread "File lock request listener" [_thread_in_native, id=12476, stack(0x000000d30fb00000,0x000000d30fc00000)]
  0x000001eb19fe0000 JavaThread "Cache worker for journal cache (C:\Users\tahmi\.gradle\caches\journal-1)" [_thread_blocked, id=11064, stack(0x000000d30fc00000,0x000000d30fd00000)]
  0x000001eb19fe5800 JavaThread "File watcher server" daemon [_thread_in_native, id=11728, stack(0x000000d30ff00000,0x000000d310000000)]
  0x000001eb19fe3000 JavaThread "File watcher consumer" daemon [_thread_blocked, id=6440, stack(0x000000d30fe00000,0x000000d30ff00000)]
  0x000001eb19dca800 JavaThread "Cache worker for execution history cache (C:\Users\tahmi\.gradle\caches\7.0.2\executionHistory)" [_thread_blocked, id=8384, stack(0x000000d310300000,0x000000d310400000)]
  0x000001eb19dc9000 JavaThread "jar transforms" [_thread_blocked, id=9916, stack(0x000000d310400000,0x000000d310500000)]
  0x000001eb19dce000 JavaThread "jar transforms Thread 2" [_thread_blocked, id=5448, stack(0x000000d310500000,0x000000d310600000)]
  0x000001eb19dce800 JavaThread "Cache worker for file content cache (C:\Users\tahmi\.gradle\caches\7.0.2\fileContent)" [_thread_blocked, id=5260, stack(0x000000d310700000,0x000000d310800000)]
  0x000001eb19dd2800 JavaThread "jar transforms Thread 3" [_thread_blocked, id=5176, stack(0x000000d310800000,0x000000d310900000)]
  0x000001eb19dd3800 JavaThread "jar transforms Thread 4" [_thread_blocked, id=4348, stack(0x000000d310900000,0x000000d310a00000)]
  0x000001eb19dd7800 JavaThread "Memory manager" [_thread_blocked, id=13524, stack(0x000000d311100000,0x000000d311200000)]
  0x000001eb19dd0000 JavaThread "Daemon Thread 2" [_thread_blocked, id=13016, stack(0x000000d30da00000,0x000000d30db00000)]
  0x000001eb19dcd000 JavaThread "Daemon worker Thread 2" [_thread_in_Java, id=8860, stack(0x000000d30f300000,0x000000d30f400000)]
  0x000001eb1c4cc000 JavaThread "Handler for socket connection from /127.0.0.1:50880 to /127.0.0.1:56752" [_thread_in_native, id=11836, stack(0x000000d30f400000,0x000000d30f500000)]
  0x000001eb1c4c7000 JavaThread "Cancel handler" [_thread_blocked, id=3572, stack(0x000000d30f500000,0x000000d30f600000)]
  0x000001eb1c4cd000 JavaThread "Asynchronous log dispatcher for DefaultDaemonConnection: socket connection from /127.0.0.1:50880 to /127.0.0.1:56752" [_thread_blocked, id=9604, stack(0x000000d30f600000,0x000000d30f700000)]
  0x000001eb1c4cd800 JavaThread "Stdin handler" [_thread_blocked, id=3540, stack(0x000000d30f700000,0x000000d30f800000)]
  0x000001eb1c4ce800 JavaThread "Daemon client event forwarder" [_thread_blocked, id=2756, stack(0x000000d30f800000,0x000000d30f900000)]
  0x000001eb1c4c8800 JavaThread "Cache worker for file hash cache (E:\hot_seat_as\Hot_Seat\Hot_Seat_Application\.gradle\7.0.2\fileHashes)" [_thread_blocked, id=9556, stack(0x000000d30fd00000,0x000000d30fe00000)]
  0x000001eb1c4c9800 JavaThread "Cache worker for checksums cache (E:\hot_seat_as\Hot_Seat\Hot_Seat_Application\.gradle\checksums)" [_thread_blocked, id=13588, stack(0x000000d310000000,0x000000d310100000)]
  0x000001eb1c4d1800 JavaThread "Cache worker for cache directory md-supplier (C:\Users\tahmi\.gradle\caches\7.0.2\md-supplier)" [_thread_blocked, id=7180, stack(0x000000d310200000,0x000000d310300000)]
  0x000001eb1c4d3800 JavaThread "Cache worker for cache directory md-rule (C:\Users\tahmi\.gradle\caches\7.0.2\md-rule)" [_thread_blocked, id=11736, stack(0x000000d310600000,0x000000d310700000)]
  0x000001eb1c4d4000 JavaThread "Cache worker for dependencies-accessors (E:\hot_seat_as\Hot_Seat\Hot_Seat_Application\.gradle\7.0.2\dependencies-accessors)" [_thread_blocked, id=8016, stack(0x000000d310a00000,0x000000d310b00000)]
  0x000001eb1c4d5000 JavaThread "Cache worker for Build Output Cleanup Cache (E:\hot_seat_as\Hot_Seat\Hot_Seat_Application\.gradle\buildOutputCleanup)" [_thread_blocked, id=9128, stack(0x000000d310b00000,0x000000d310c00000)]
  0x000001eb1c4d1000 JavaThread "Build operations" [_thread_blocked, id=11612, stack(0x000000d310c00000,0x000000d310d00000)]
  0x000001eb1c4cf000 JavaThread "Build operations Thread 2" [_thread_blocked, id=13436, stack(0x000000d310d00000,0x000000d310e00000)]
  0x000001eb1c4d2800 JavaThread "Build operations Thread 3" [_thread_blocked, id=12940, stack(0x000000d310e00000,0x000000d310f00000)]
  0x000001eb1c4d5800 JavaThread "Build operations Thread 4" [_thread_blocked, id=13708, stack(0x000000d310f00000,0x000000d311000000)]

Other Threads:
  0x000001eb18f9e000 VMThread "VM Thread" [stack: 0x000000d30e200000,0x000000d30e300000] [id=5288]
  0x000001eb19ad3000 WatcherThread [stack: 0x000000d30ec00000,0x000000d30ed00000] [id=13812]
  0x000001eb7f395800 GCTaskThread "GC Thread#0" [stack: 0x000000d30dd00000,0x000000d30de00000] [id=7468]
  0x000001eb19d51800 GCTaskThread "GC Thread#1" [stack: 0x000000d30ee00000,0x000000d30ef00000] [id=14116]
  0x000001eb1a2af800 GCTaskThread "GC Thread#2" [stack: 0x000000d30ef00000,0x000000d30f000000] [id=13136]
  0x000001eb1ab59000 GCTaskThread "GC Thread#3" [stack: 0x000000d30f900000,0x000000d30fa00000] [id=6836]
  0x000001eb7f3c5000 ConcurrentGCThread "G1 Main Marker" [stack: 0x000000d30de00000,0x000000d30df00000] [id=16272]
  0x000001eb7f3c6800 ConcurrentGCThread "G1 Conc#0" [stack: 0x000000d30df00000,0x000000d30e000000] [id=11196]
  0x000001eb18e28800 ConcurrentGCThread "G1 Refine#0" [stack: 0x000000d30e000000,0x000000d30e100000] [id=12072]
  0x000001eb18e29800 ConcurrentGCThread "G1 Young RemSet Sampling" [stack: 0x000000d30e100000,0x000000d30e200000] [id=2504]

Threads with active compile tasks:
C2 CompilerThread03692615 15901       4       org.objectweb.asm.ClassReader::accept (1250 bytes)

VM state:not at safepoint (normal execution)

VM Mutex/Monitor currently owned by a thread: None

Heap address: 0x0000000080000000, size: 2048 MB, Compressed Oops mode: 32-bit
Narrow klass base: 0x0000000000000000, Narrow klass shift: 3
Compressed class space size: 1073741824 Address: 0x0000000100000000

Heap:
 garbage-first heap   total 157696K, used 125385K [0x0000000080000000, 0x0000000100000000)
  region size 1024K, 3 young (3072K), 1 survivors (1024K)
 Metaspace       used 120320K, capacity 123293K, committed 123392K, reserved 1157120K
  class space    used 15303K, capacity 16303K, committed 16384K, reserved 1048576K
Heap Regions: E=young(eden), S=young(survivor), O=old, HS=humongous(starts), HC=humongous(continues), CS=collection set, F=free, A=archive, TAMS=top-at-mark-start (previous, next)
|   0|0x0000000080000000, 0x0000000080100000, 0x0000000080100000|100%| O|  |TAMS 0x0000000080100000, 0x0000000080000000| Untracked 
|   1|0x0000000080100000, 0x0000000080200000, 0x0000000080200000|100%| O|  |TAMS 0x0000000080200000, 0x0000000080100000| Untracked 
|   2|0x0000000080200000, 0x0000000080300000, 0x0000000080300000|100%| O|  |TAMS 0x0000000080300000, 0x0000000080200000| Untracked 
|   3|0x0000000080300000, 0x0000000080400000, 0x0000000080400000|100%|HS|  |TAMS 0x0000000080400000, 0x0000000080300000| Complete 
|   4|0x0000000080400000, 0x0000000080500000, 0x0000000080500000|100%|HC|  |TAMS 0x0000000080500000, 0x0000000080400000| Complete 
|   5|0x0000000080500000, 0x0000000080600000, 0x0000000080600000|100%|HC|  |TAMS 0x0000000080600000, 0x0000000080500000| Complete 
|   6|0x0000000080600000, 0x0000000080700000, 0x0000000080700000|100%| O|  |TAMS 0x0000000080700000, 0x0000000080600000| Untracked 
|   7|0x0000000080700000, 0x0000000080800000, 0x0000000080800000|100%| O|  |TAMS 0x0000000080800000, 0x0000000080700000| Untracked 
|   8|0x0000000080800000, 0x0000000080900000, 0x0000000080900000|100%| O|  |TAMS 0x0000000080900000, 0x0000000080800000| Untracked 
|   9|0x0000000080900000, 0x0000000080a00000, 0x0000000080a00000|100%| O|  |TAMS 0x0000000080a00000, 0x0000000080900000| Untracked 
|  10|0x0000000080a00000, 0x0000000080b00000, 0x0000000080b00000|100%| O|  |TAMS 0x0000000080b00000, 0x0000000080a00000| Untracked 
|  11|0x0000000080b00000, 0x0000000080c00000, 0x0000000080c00000|100%| O|  |TAMS 0x0000000080c00000, 0x0000000080b00000| Untracked 
|  12|0x0000000080c00000, 0x0000000080d00000, 0x0000000080d00000|100%| O|  |TAMS 0x0000000080d00000, 0x0000000080c00000| Untracked 
|  13|0x0000000080d00000, 0x0000000080e00000, 0x0000000080e00000|100%| O|  |TAMS 0x0000000080e00000, 0x0000000080d00000| Untracked 
|  14|0x0000000080e00000, 0x0000000080f00000, 0x0000000080f00000|100%| O|  |TAMS 0x0000000080f00000, 0x0000000080e00000| Untracked 
|  15|0x0000000080f00000, 0x0000000081000000, 0x0000000081000000|100%| O|  |TAMS 0x0000000081000000, 0x0000000080f00000| Untracked 
|  16|0x0000000081000000, 0x0000000081100000, 0x0000000081100000|100%| O|  |TAMS 0x0000000081100000, 0x0000000081000000| Untracked 
|  17|0x0000000081100000, 0x0000000081200000, 0x0000000081200000|100%| O|  |TAMS 0x0000000081200000, 0x0000000081100000| Untracked 
|  18|0x0000000081200000, 0x0000000081300000, 0x0000000081300000|100%| O|  |TAMS 0x0000000081300000, 0x0000000081200000| Untracked 
|  19|0x0000000081300000, 0x0000000081400000, 0x0000000081400000|100%| O|  |TAMS 0x0000000081400000, 0x0000000081300000| Untracked 
|  20|0x0000000081400000, 0x0000000081500000, 0x0000000081500000|100%| O|  |TAMS 0x0000000081500000, 0x0000000081400000| Untracked 
|  21|0x0000000081500000, 0x0000000081600000, 0x0000000081600000|100%| O|  |TAMS 0x0000000081600000, 0x0000000081500000| Untracked 
|  22|0x0000000081600000, 0x0000000081700000, 0x0000000081700000|100%| O|  |TAMS 0x0000000081700000, 0x0000000081600000| Untracked 
|  23|0x0000000081700000, 0x0000000081800000, 0x0000000081800000|100%| O|  |TAMS 0x0000000081800000, 0x0000000081700000| Untracked 
|  24|0x0000000081800000, 0x0000000081900000, 0x0000000081900000|100%| O|  |TAMS 0x0000000081900000, 0x0000000081800000| Untracked 
|  25|0x0000000081900000, 0x0000000081a00000, 0x0000000081a00000|100%| O|  |TAMS 0x0000000081a00000, 0x0000000081900000| Untracked 
|  26|0x0000000081a00000, 0x0000000081b00000, 0x0000000081b00000|100%| O|  |TAMS 0x0000000081b00000, 0x0000000081a00000| Untracked 
|  27|0x0000000081b00000, 0x0000000081c00000, 0x0000000081c00000|100%| O|  |TAMS 0x0000000081c00000, 0x0000000081b00000| Untracked 
|  28|0x0000000081c00000, 0x0000000081d00000, 0x0000000081d00000|100%|HS|  |TAMS 0x0000000081d00000, 0x0000000081c00000| Complete 
|  29|0x0000000081d00000, 0x0000000081e00000, 0x0000000081e00000|100%|HS|  |TAMS 0x0000000081e00000, 0x0000000081d00000| Complete 
|  30|0x0000000081e00000, 0x0000000081f00000, 0x0000000081f00000|100%| O|  |TAMS 0x0000000081f00000, 0x0000000081e00000| Untracked 
|  31|0x0000000081f00000, 0x0000000082000000, 0x0000000082000000|100%| O|  |TAMS 0x0000000082000000, 0x0000000081f00000| Untracked 
|  32|0x0000000082000000, 0x0000000082100000, 0x0000000082100000|100%| O|  |TAMS 0x0000000082100000, 0x0000000082000000| Untracked 
|  33|0x0000000082100000, 0x0000000082200000, 0x0000000082200000|100%| O|  |TAMS 0x0000000082200000, 0x0000000082100000| Untracked 
|  34|0x0000000082200000, 0x0000000082300000, 0x0000000082300000|100%| O|  |TAMS 0x0000000082300000, 0x0000000082200000| Untracked 
|  35|0x0000000082300000, 0x0000000082400000, 0x0000000082400000|100%| O|  |TAMS 0x0000000082400000, 0x0000000082300000| Untracked 
|  36|0x0000000082400000, 0x0000000082500000, 0x0000000082500000|100%| O|  |TAMS 0x0000000082500000, 0x0000000082400000| Untracked 
|  37|0x0000000082500000, 0x0000000082600000, 0x0000000082600000|100%| O|  |TAMS 0x0000000082600000, 0x0000000082500000| Untracked 
|  38|0x0000000082600000, 0x0000000082700000, 0x0000000082700000|100%| O|  |TAMS 0x0000000082700000, 0x0000000082600000| Untracked 
|  39|0x0000000082700000, 0x0000000082800000, 0x0000000082800000|100%|HS|  |TAMS 0x0000000082800000, 0x0000000082700000| Complete 
|  40|0x0000000082800000, 0x0000000082900000, 0x0000000082900000|100%|HC|  |TAMS 0x0000000082900000, 0x0000000082800000| Complete 
|  41|0x0000000082900000, 0x0000000082a00000, 0x0000000082a00000|100%| O|  |TAMS 0x0000000082a00000, 0x0000000082900000| Untracked 
|  42|0x0000000082a00000, 0x0000000082b00000, 0x0000000082b00000|100%| O|  |TAMS 0x0000000082b00000, 0x0000000082a00000| Untracked 
|  43|0x0000000082b00000, 0x0000000082c00000, 0x0000000082c00000|100%| O|  |TAMS 0x0000000082c00000, 0x0000000082b00000| Untracked 
|  44|0x0000000082c00000, 0x0000000082d00000, 0x0000000082d00000|100%| O|  |TAMS 0x0000000082d00000, 0x0000000082c00000| Untracked 
|  45|0x0000000082d00000, 0x0000000082e00000, 0x0000000082e00000|100%| O|  |TAMS 0x0000000082e00000, 0x0000000082d00000| Untracked 
|  46|0x0000000082e00000, 0x0000000082f00000, 0x0000000082f00000|100%| O|  |TAMS 0x0000000082f00000, 0x0000000082e00000| Untracked 
|  47|0x0000000082f00000, 0x0000000083000000, 0x0000000083000000|100%| O|  |TAMS 0x0000000083000000, 0x0000000082f00000| Untracked 
|  48|0x0000000083000000, 0x0000000083100000, 0x0000000083100000|100%| O|  |TAMS 0x0000000083100000, 0x0000000083000000| Untracked 
|  49|0x0000000083100000, 0x0000000083200000, 0x0000000083200000|100%| O|  |TAMS 0x0000000083200000, 0x0000000083100000| Untracked 
|  50|0x0000000083200000, 0x0000000083300000, 0x0000000083300000|100%| O|  |TAMS 0x0000000083300000, 0x0000000083200000| Untracked 
|  51|0x0000000083300000, 0x0000000083400000, 0x0000000083400000|100%| O|  |TAMS 0x0000000083400000, 0x0000000083300000| Untracked 
|  52|0x0000000083400000, 0x0000000083500000, 0x0000000083500000|100%| O|  |TAMS 0x0000000083500000, 0x0000000083400000| Untracked 
|  53|0x0000000083500000, 0x0000000083600000, 0x0000000083600000|100%| O|  |TAMS 0x0000000083600000, 0x0000000083500000| Untracked 
|  54|0x0000000083600000, 0x0000000083700000, 0x0000000083700000|100%| O|  |TAMS 0x0000000083700000, 0x0000000083600000| Untracked 
|  55|0x0000000083700000, 0x0000000083800000, 0x0000000083800000|100%| O|  |TAMS 0x0000000083800000, 0x0000000083700000| Untracked 
|  56|0x0000000083800000, 0x0000000083900000, 0x0000000083900000|100%| O|  |TAMS 0x0000000083900000, 0x0000000083800000| Untracked 
|  57|0x0000000083900000, 0x0000000083a00000, 0x0000000083a00000|100%| O|  |TAMS 0x0000000083a00000, 0x0000000083900000| Untracked 
|  58|0x0000000083a00000, 0x0000000083b00000, 0x0000000083b00000|100%| O|  |TAMS 0x0000000083b00000, 0x0000000083a00000| Untracked 
|  59|0x0000000083b00000, 0x0000000083c00000, 0x0000000083c00000|100%| O|  |TAMS 0x0000000083c00000, 0x0000000083b00000| Untracked 
|  60|0x0000000083c00000, 0x0000000083d00000, 0x0000000083d00000|100%| O|  |TAMS 0x0000000083d00000, 0x0000000083c00000| Untracked 
|  61|0x0000000083d00000, 0x0000000083e00000, 0x0000000083e00000|100%| O|  |TAMS 0x0000000083e00000, 0x0000000083d00000| Untracked 
|  62|0x0000000083e00000, 0x0000000083f00000, 0x0000000083f00000|100%| O|  |TAMS 0x0000000083f00000, 0x0000000083e00000| Untracked 
|  63|0x0000000083f00000, 0x0000000084000000, 0x0000000084000000|100%| O|  |TAMS 0x0000000084000000, 0x0000000083f00000| Untracked 
|  64|0x0000000084000000, 0x0000000084100000, 0x0000000084100000|100%| O|  |TAMS 0x0000000084100000, 0x0000000084000000| Untracked 
|  65|0x0000000084100000, 0x0000000084200000, 0x0000000084200000|100%| O|  |TAMS 0x0000000084200000, 0x0000000084100000| Untracked 
|  66|0x0000000084200000, 0x0000000084300000, 0x0000000084300000|100%|HS|  |TAMS 0x0000000084300000, 0x0000000084200000| Complete 
|  67|0x0000000084300000, 0x0000000084400000, 0x0000000084400000|100%|HC|  |TAMS 0x0000000084400000, 0x0000000084300000| Complete 
|  68|0x0000000084400000, 0x0000000084500000, 0x0000000084500000|100%|HS|  |TAMS 0x0000000084500000, 0x0000000084400000| Complete 
|  69|0x0000000084500000, 0x0000000084600000, 0x0000000084600000|100%|HC|  |TAMS 0x0000000084600000, 0x0000000084500000| Complete 
|  70|0x0000000084600000, 0x0000000084700000, 0x0000000084700000|100%|HC|  |TAMS 0x0000000084700000, 0x0000000084600000| Complete 
|  71|0x0000000084700000, 0x0000000084800000, 0x0000000084800000|100%|HS|  |TAMS 0x0000000084800000, 0x0000000084700000| Complete 
|  72|0x0000000084800000, 0x0000000084900000, 0x0000000084900000|100%|HC|  |TAMS 0x0000000084900000, 0x0000000084800000| Complete 
|  73|0x0000000084900000, 0x0000000084a00000, 0x0000000084a00000|100%|HC|  |TAMS 0x0000000084a00000, 0x0000000084900000| Complete 
|  74|0x0000000084a00000, 0x0000000084b00000, 0x0000000084b00000|100%|HC|  |TAMS 0x0000000084b00000, 0x0000000084a00000| Complete 
|  75|0x0000000084b00000, 0x0000000084c00000, 0x0000000084c00000|100%|HC|  |TAMS 0x0000000084c00000, 0x0000000084b00000| Complete 
|  76|0x0000000084c00000, 0x0000000084d00000, 0x0000000084d00000|100%| O|  |TAMS 0x0000000084d00000, 0x0000000084c00000| Untracked 
|  77|0x0000000084d00000, 0x0000000084e00000, 0x0000000084e00000|100%| O|  |TAMS 0x0000000084e00000, 0x0000000084d00000| Untracked 
|  78|0x0000000084e00000, 0x0000000084f00000, 0x0000000084f00000|100%| O|  |TAMS 0x0000000084f00000, 0x0000000084e00000| Untracked 
|  79|0x0000000084f00000, 0x0000000085000000, 0x0000000085000000|100%| O|  |TAMS 0x0000000085000000, 0x0000000084f00000| Untracked 
|  80|0x0000000085000000, 0x0000000085100000, 0x0000000085100000|100%| O|  |TAMS 0x0000000085100000, 0x0000000085000000| Untracked 
|  81|0x0000000085100000, 0x0000000085200000, 0x0000000085200000|100%| O|  |TAMS 0x0000000085200000, 0x0000000085100000| Untracked 
|  82|0x0000000085200000, 0x0000000085300000, 0x0000000085300000|100%| O|  |TAMS 0x0000000085300000, 0x0000000085200000| Untracked 
|  83|0x0000000085300000, 0x0000000085400000, 0x0000000085400000|100%|HS|  |TAMS 0x0000000085400000, 0x0000000085300000| Complete 
|  84|0x0000000085400000, 0x0000000085500000, 0x0000000085500000|100%|HC|  |TAMS 0x0000000085500000, 0x0000000085400000| Complete 
|  85|0x0000000085500000, 0x0000000085600000, 0x0000000085600000|100%|HC|  |TAMS 0x0000000085600000, 0x0000000085500000| Complete 
|  86|0x0000000085600000, 0x0000000085700000, 0x0000000085700000|100%| O|  |TAMS 0x0000000085700000, 0x0000000085600000| Untracked 
|  87|0x0000000085700000, 0x0000000085800000, 0x0000000085800000|100%| O|  |TAMS 0x0000000085800000, 0x0000000085700000| Untracked 
|  88|0x0000000085800000, 0x0000000085900000, 0x0000000085900000|100%| O|  |TAMS 0x0000000085900000, 0x0000000085800000| Untracked 
|  89|0x0000000085900000, 0x0000000085a00000, 0x0000000085a00000|100%| O|  |TAMS 0x0000000085a00000, 0x0000000085900000| Untracked 
|  90|0x0000000085a00000, 0x0000000085b00000, 0x0000000085b00000|100%| O|  |TAMS 0x0000000085b00000, 0x0000000085a00000| Untracked 
|  91|0x0000000085b00000, 0x0000000085c00000, 0x0000000085c00000|100%|HS|  |TAMS 0x0000000085c00000, 0x0000000085b00000| Complete 
|  92|0x0000000085c00000, 0x0000000085d00000, 0x0000000085d00000|100%|HC|  |TAMS 0x0000000085d00000, 0x0000000085c00000| Complete 
|  93|0x0000000085d00000, 0x0000000085e00000, 0x0000000085e00000|100%|HC|  |TAMS 0x0000000085e00000, 0x0000000085d00000| Complete 
|  94|0x0000000085e00000, 0x0000000085f00000, 0x0000000085f00000|100%|HC|  |TAMS 0x0000000085f00000, 0x0000000085e00000| Complete 
|  95|0x0000000085f00000, 0x0000000086000000, 0x0000000086000000|100%|HC|  |TAMS 0x0000000086000000, 0x0000000085f00000| Complete 
|  96|0x0000000086000000, 0x0000000086100000, 0x0000000086100000|100%| O|  |TAMS 0x0000000086100000, 0x0000000086000000| Untracked 
|  97|0x0000000086100000, 0x0000000086200000, 0x0000000086200000|100%| O|  |TAMS 0x0000000086200000, 0x0000000086100000| Untracked 
|  98|0x0000000086200000, 0x0000000086300000, 0x0000000086300000|100%| O|  |TAMS 0x0000000086300000, 0x0000000086200000| Untracked 
|  99|0x0000000086300000, 0x0000000086400000, 0x0000000086400000|100%| O|  |TAMS 0x0000000086400000, 0x0000000086300000| Untracked 
| 100|0x0000000086400000, 0x0000000086500000, 0x0000000086500000|100%| O|  |TAMS 0x0000000086500000, 0x0000000086400000| Untracked 
| 101|0x0000000086500000, 0x0000000086600000, 0x0000000086600000|100%| O|  |TAMS 0x0000000086600000, 0x0000000086500000| Untracked 
| 102|0x0000000086600000, 0x0000000086700000, 0x0000000086700000|100%| O|  |TAMS 0x0000000086700000, 0x0000000086600000| Untracked 
| 103|0x0000000086700000, 0x0000000086800000, 0x0000000086800000|100%| O|  |TAMS 0x0000000086800000, 0x0000000086700000| Untracked 
| 104|0x0000000086800000, 0x0000000086900000, 0x0000000086900000|100%| O|  |TAMS 0x0000000086900000, 0x0000000086800000| Untracked 
| 105|0x0000000086900000, 0x0000000086a00000, 0x0000000086a00000|100%| O|  |TAMS 0x0000000086a00000, 0x0000000086900000| Untracked 
| 106|0x0000000086a00000, 0x0000000086b00000, 0x0000000086b00000|100%| O|  |TAMS 0x0000000086b00000, 0x0000000086a00000| Untracked 
| 107|0x0000000086b00000, 0x0000000086c00000, 0x0000000086c00000|100%| O|  |TAMS 0x0000000086c00000, 0x0000000086b00000| Untracked 
| 108|0x0000000086c00000, 0x0000000086d00000, 0x0000000086d00000|100%| O|  |TAMS 0x0000000086d00000, 0x0000000086c00000| Untracked 
| 109|0x0000000086d00000, 0x0000000086e00000, 0x0000000086e00000|100%| O|  |TAMS 0x0000000086e00000, 0x0000000086d00000| Untracked 
| 110|0x0000000086e00000, 0x0000000086f00000, 0x0000000086f00000|100%| O|  |TAMS 0x0000000086f00000, 0x0000000086e00000| Untracked 
| 111|0x0000000086f00000, 0x0000000087000000, 0x0000000087000000|100%| O|  |TAMS 0x0000000087000000, 0x0000000086f00000| Untracked 
| 112|0x0000000087000000, 0x0000000087100000, 0x0000000087100000|100%| O|  |TAMS 0x0000000087100000, 0x0000000087000000| Untracked 
| 113|0x0000000087100000, 0x0000000087200000, 0x0000000087200000|100%| O|  |TAMS 0x0000000087200000, 0x0000000087100000| Untracked 
| 114|0x0000000087200000, 0x0000000087300000, 0x0000000087300000|100%| O|  |TAMS 0x0000000087300000, 0x0000000087200000| Untracked 
| 115|0x0000000087300000, 0x0000000087400000, 0x0000000087400000|100%| O|  |TAMS 0x0000000087400000, 0x0000000087300000| Untracked 
| 116|0x0000000087400000, 0x0000000087500000, 0x0000000087500000|100%|HS|  |TAMS 0x0000000087500000, 0x0000000087400000| Complete 
| 117|0x0000000087500000, 0x0000000087600000, 0x0000000087600000|100%|HC|  |TAMS 0x0000000087600000, 0x0000000087500000| Complete 
| 118|0x0000000087600000, 0x0000000087700000, 0x0000000087700000|100%| O|  |TAMS 0x0000000087700000, 0x0000000087600000| Untracked 
| 119|0x0000000087700000, 0x0000000087800000, 0x0000000087800000|100%| O|  |TAMS 0x0000000087800000, 0x0000000087700000| Untracked 
| 120|0x0000000087800000, 0x0000000087900000, 0x0000000087900000|100%| O|  |TAMS 0x0000000087900000, 0x0000000087800000| Untracked 
| 121|0x0000000087900000, 0x0000000087903400, 0x0000000087a00000|  1%| O|  |TAMS 0x0000000087903400, 0x0000000087900000| Untracked 
| 122|0x0000000087a00000, 0x0000000087a00000, 0x0000000087b00000|  0%| F|  |TAMS 0x0000000087a00000, 0x0000000087a00000| Untracked 
| 123|0x0000000087b00000, 0x0000000087b00000, 0x0000000087c00000|  0%| F|  |TAMS 0x0000000087b00000, 0x0000000087b00000| Untracked 
| 124|0x0000000087c00000, 0x0000000087c00000, 0x0000000087d00000|  0%| F|  |TAMS 0x0000000087c00000, 0x0000000087c00000| Untracked 
| 125|0x0000000087d00000, 0x0000000087d00000, 0x0000000087e00000|  0%| F|  |TAMS 0x0000000087d00000, 0x0000000087d00000| Untracked 
| 126|0x0000000087e00000, 0x0000000087e00000, 0x0000000087f00000|  0%| F|  |TAMS 0x0000000087e00000, 0x0000000087e00000| Untracked 
| 127|0x0000000087f00000, 0x0000000087f00000, 0x0000000088000000|  0%| F|  |TAMS 0x0000000087f00000, 0x0000000087f00000| Untracked 
| 128|0x0000000088000000, 0x0000000088000000, 0x0000000088100000|  0%| F|  |TAMS 0x0000000088000000, 0x0000000088000000| Untracked 
| 129|0x0000000088100000, 0x0000000088100000, 0x0000000088200000|  0%| F|  |TAMS 0x0000000088100000, 0x0000000088100000| Untracked 
| 130|0x0000000088200000, 0x0000000088200000, 0x0000000088300000|  0%| F|  |TAMS 0x0000000088200000, 0x0000000088200000| Untracked 
| 131|0x0000000088300000, 0x0000000088300000, 0x0000000088400000|  0%| F|  |TAMS 0x0000000088300000, 0x0000000088300000| Untracked 
| 132|0x0000000088400000, 0x0000000088400000, 0x0000000088500000|  0%| F|  |TAMS 0x0000000088400000, 0x0000000088400000| Untracked 
| 133|0x0000000088500000, 0x0000000088500000, 0x0000000088600000|  0%| F|  |TAMS 0x0000000088500000, 0x0000000088500000| Untracked 
| 134|0x0000000088600000, 0x0000000088600000, 0x0000000088700000|  0%| F|  |TAMS 0x0000000088600000, 0x0000000088600000| Untracked 
| 135|0x0000000088700000, 0x0000000088700000, 0x0000000088800000|  0%| F|  |TAMS 0x0000000088700000, 0x0000000088700000| Untracked 
| 136|0x0000000088800000, 0x0000000088800000, 0x0000000088900000|  0%| F|  |TAMS 0x0000000088800000, 0x0000000088800000| Untracked 
| 137|0x0000000088900000, 0x0000000088900000, 0x0000000088a00000|  0%| F|  |TAMS 0x0000000088900000, 0x0000000088900000| Untracked 
| 138|0x0000000088a00000, 0x0000000088a00000, 0x0000000088b00000|  0%| F|  |TAMS 0x0000000088a00000, 0x0000000088a00000| Untracked 
| 139|0x0000000088b00000, 0x0000000088b00000, 0x0000000088c00000|  0%| F|  |TAMS 0x0000000088b00000, 0x0000000088b00000| Untracked 
| 140|0x0000000088c00000, 0x0000000088c6f108, 0x0000000088d00000| 43%| S|CS|TAMS 0x0000000088c00000, 0x0000000088c00000| Complete 
| 141|0x0000000088d00000, 0x0000000088d00000, 0x0000000088e00000|  0%| F|  |TAMS 0x0000000088d00000, 0x0000000088d00000| Untracked 
| 142|0x0000000088e00000, 0x0000000088e00000, 0x0000000088f00000|  0%| F|  |TAMS 0x0000000088e00000, 0x0000000088e00000| Untracked 
| 143|0x0000000088f00000, 0x0000000088f00000, 0x0000000089000000|  0%| F|  |TAMS 0x0000000088f00000, 0x0000000088f00000| Untracked 
| 144|0x0000000089000000, 0x0000000089000000, 0x0000000089100000|  0%| F|  |TAMS 0x0000000089000000, 0x0000000089000000| Untracked 
| 145|0x0000000089100000, 0x0000000089100000, 0x0000000089200000|  0%| F|  |TAMS 0x0000000089100000, 0x0000000089100000| Untracked 
| 146|0x0000000089200000, 0x0000000089200000, 0x0000000089300000|  0%| F|  |TAMS 0x0000000089200000, 0x0000000089200000| Untracked 
| 147|0x0000000089300000, 0x0000000089300000, 0x0000000089400000|  0%| F|  |TAMS 0x0000000089300000, 0x0000000089300000| Untracked 
| 148|0x0000000089400000, 0x0000000089400000, 0x0000000089500000|  0%| F|  |TAMS 0x0000000089400000, 0x0000000089400000| Untracked 
| 149|0x0000000089500000, 0x0000000089500000, 0x0000000089600000|  0%| F|  |TAMS 0x0000000089500000, 0x0000000089500000| Untracked 
| 150|0x0000000089600000, 0x0000000089600000, 0x0000000089700000|  0%| F|  |TAMS 0x0000000089600000, 0x0000000089600000| Untracked 
| 151|0x0000000089700000, 0x0000000089700000, 0x0000000089800000|  0%| F|  |TAMS 0x0000000089700000, 0x0000000089700000| Untracked 
| 152|0x0000000089800000, 0x0000000089884498, 0x0000000089900000| 51%| E|  |TAMS 0x0000000089800000, 0x0000000089800000| Complete 
| 153|0x0000000089900000, 0x0000000089a00000, 0x0000000089a00000|100%| E|CS|TAMS 0x0000000089900000, 0x0000000089900000| Complete 

Card table byte_map: [0x000001eb7f840000,0x000001eb7fc40000] _byte_map_base: 0x000001eb7f440000

Marking Bits (Prev, Next): (CMBitMap*) 0x000001eb7f3bc630, (CMBitMap*) 0x000001eb7f3bc5f8
 Prev Bits: [0x000001eb14e10000, 0x000001eb16e10000)
 Next Bits: [0x000001eb12e10000, 0x000001eb14e10000)

Polling page: 0x000001eb7eb40000

Metaspace:

Usage:
  Non-class:    104.48 MB capacity,   102.56 MB ( 98%) used,     1.62 MB (  2%) free+waste,   319.19 KB ( <1%) overhead. 
      Class:     15.92 MB capacity,    14.95 MB ( 94%) used,   858.05 KB (  5%) free+waste,   141.25 KB ( <1%) overhead. 
       Both:    120.40 MB capacity,   117.50 MB ( 98%) used,     2.45 MB (  2%) free+waste,   460.44 KB ( <1%) overhead. 

Virtual space:
  Non-class space:      106.00 MB reserved,     104.50 MB ( 99%) committed 
      Class space:        1.00 GB reserved,      16.00 MB (  2%) committed 
             Both:        1.10 GB reserved,     120.50 MB ( 11%) committed 

Chunk freelists:
   Non-Class:  18.00 KB
       Class:  17.00 KB
        Both:  35.00 KB

MaxMetaspaceSize: 17179869184.00 GB
CompressedClassSpaceSize: 1.00 GB

CodeHeap 'non-profiled nmethods': size=120064Kb used=12037Kb max_used=12037Kb free=108026Kb
 bounds [0x000001eb0b4d0000, 0x000001eb0c0a0000, 0x000001eb12a10000]
CodeHeap 'profiled nmethods': size=120000Kb used=34958Kb max_used=34985Kb free=85041Kb
 bounds [0x000001eb03fa0000, 0x000001eb06210000, 0x000001eb0b4d0000]
CodeHeap 'non-nmethods': size=5696Kb used=2334Kb max_used=2406Kb free=3361Kb
 bounds [0x000001eb03a10000, 0x000001eb03c80000, 0x000001eb03fa0000]
 total_blobs=15905 nmethods=14955 adapters=859
 compilation: enabled
              stopped_count=0, restarted_count=0
 full_count=0

Compilation events (20 events):
Event: 3689.327 Thread 0x000001eb1995c800 nmethod 15893 0x000001eb0c08ec10 code [0x000001eb0c08ef80, 0x000001eb0c090e70]
Event: 3689.327 Thread 0x000001eb1995c800 15894       4       org.objectweb.asm.Frame::pop (42 bytes)
Event: 3689.328 Thread 0x000001eb1995c800 nmethod 15894 0x000001eb0c092510 code [0x000001eb0c0926a0, 0x000001eb0c092758]
Event: 3689.471 Thread 0x000001eb18ffa000 15895       3       org.objectweb.asm.tree.MethodNode::visitIntInsn (17 bytes)
Event: 3689.472 Thread 0x000001eb18ffa000 nmethod 15895 0x000001eb0466a310 code [0x000001eb0466a4e0, 0x000001eb0466a7a8]
Event: 3689.472 Thread 0x000001eb18ffa000 15896       3       org.objectweb.asm.tree.IntInsnNode::<init> (11 bytes)
Event: 3689.472 Thread 0x000001eb18ffa000 nmethod 15896 0x000001eb04624a10 code [0x000001eb04624bc0, 0x000001eb04624d98]
Event: 3689.533 Thread 0x000001eb18ffa000 15897       3       org.objectweb.asm.tree.IntInsnNode::accept (18 bytes)
Event: 3689.533 Thread 0x000001eb18ffa000 nmethod 15897 0x000001eb0465ab90 code [0x000001eb0465ad60, 0x000001eb0465af78]
Event: 3689.732 Thread 0x000001eb1995c800 15898   !   4       java.util.zip.Deflater::needsInput (55 bytes)
Event: 3689.736 Thread 0x000001eb1995c800 nmethod 15898 0x000001eb0c092810 code [0x000001eb0c0929a0, 0x000001eb0c092c18]
Event: 3689.736 Thread 0x000001eb1995c800 15899       4       com.google.common.base.Preconditions::checkPositionIndex (25 bytes)
Event: 3689.737 Thread 0x000001eb1995c800 nmethod 15899 0x000001eb0c092d10 code [0x000001eb0c092ea0, 0x000001eb0c092f18]
Event: 3689.831 Thread 0x000001eb1995c800 15900       4       org.objectweb.asm.tree.AnnotationNode::<init> (25 bytes)
Event: 3689.834 Thread 0x000001eb1995c800 nmethod 15900 0x000001eb0c093010 code [0x000001eb0c0931a0, 0x000001eb0c093358]
Event: 3689.923 Thread 0x000001eb1995c800 15901       4       org.objectweb.asm.ClassReader::accept (1250 bytes)
Event: 3689.936 Thread 0x000001eb18ffa000 15902       3       org.objectweb.asm.SymbolTable::addConstantInteger (7 bytes)
Event: 3689.937 Thread 0x000001eb18ffa000 nmethod 15902 0x000001eb043ed190 code [0x000001eb043ed340, 0x000001eb043ed468]
Event: 3689.940 Thread 0x000001eb18ffa000 15904       3       org.objectweb.asm.tree.MethodNode::accept (874 bytes)
Event: 3689.947 Thread 0x000001eb18ffa000 nmethod 15904 0x000001eb04f1d310 code [0x000001eb04f1da80, 0x000001eb04f229e8]

GC Heap History (20 events):
Event: 3685.493 GC heap before
{Heap before GC invocations=108 (full 0):
 garbage-first heap   total 157696K, used 136661K [0x0000000080000000, 0x0000000100000000)
  region size 1024K, 13 young (13312K), 1 survivors (1024K)
 Metaspace       used 120298K, capacity 123229K, committed 123392K, reserved 1157120K
  class space    used 15302K, capacity 16303K, committed 16384K, reserved 1048576K
}
Event: 3685.496 GC heap after
{Heap after GC invocations=109 (full 0):
 garbage-first heap   total 157696K, used 124045K [0x0000000080000000, 0x0000000100000000)
  region size 1024K, 1 young (1024K), 1 survivors (1024K)
 Metaspace       used 120298K, capacity 123229K, committed 123392K, reserved 1157120K
  class space    used 15302K, capacity 16303K, committed 16384K, reserved 1048576K
}
Event: 3685.922 GC heap before
{Heap before GC invocations=109 (full 0):
 garbage-first heap   total 157696K, used 136333K [0x0000000080000000, 0x0000000100000000)
  region size 1024K, 13 young (13312K), 1 survivors (1024K)
 Metaspace       used 120298K, capacity 123229K, committed 123392K, reserved 1157120K
  class space    used 15302K, capacity 16303K, committed 16384K, reserved 1048576K
}
Event: 3685.924 GC heap after
{Heap after GC invocations=110 (full 0):
 garbage-first heap   total 157696K, used 124125K [0x0000000080000000, 0x0000000100000000)
  region size 1024K, 1 young (1024K), 1 survivors (1024K)
 Metaspace       used 120298K, capacity 123229K, committed 123392K, reserved 1157120K
  class space    used 15302K, capacity 16303K, committed 16384K, reserved 1048576K
}
Event: 3686.722 GC heap before
{Heap before GC invocations=111 (full 0):
 garbage-first heap   total 157696K, used 137437K [0x0000000080000000, 0x0000000100000000)
  region size 1024K, 14 young (14336K), 1 survivors (1024K)
 Metaspace       used 120299K, capacity 123229K, committed 123392K, reserved 1157120K
  class space    used 15302K, capacity 16303K, committed 16384K, reserved 1048576K
}
Event: 3686.724 GC heap after
{Heap after GC invocations=112 (full 0):
 garbage-first heap   total 157696K, used 124075K [0x0000000080000000, 0x0000000100000000)
  region size 1024K, 1 young (1024K), 1 survivors (1024K)
 Metaspace       used 120299K, capacity 123229K, committed 123392K, reserved 1157120K
  class space    used 15302K, capacity 16303K, committed 16384K, reserved 1048576K
}
Event: 3687.268 GC heap before
{Heap before GC invocations=112 (full 0):
 garbage-first heap   total 157696K, used 137387K [0x0000000080000000, 0x0000000100000000)
  region size 1024K, 14 young (14336K), 1 survivors (1024K)
 Metaspace       used 120299K, capacity 123229K, committed 123392K, reserved 1157120K
  class space    used 15302K, capacity 16303K, committed 16384K, reserved 1048576K
}
Event: 3687.271 GC heap after
{Heap after GC invocations=113 (full 0):
 garbage-first heap   total 157696K, used 124114K [0x0000000080000000, 0x0000000100000000)
  region size 1024K, 1 young (1024K), 1 survivors (1024K)
 Metaspace       used 120299K, capacity 123229K, committed 123392K, reserved 1157120K
  class space    used 15302K, capacity 16303K, committed 16384K, reserved 1048576K
}
Event: 3687.871 GC heap before
{Heap before GC invocations=113 (full 0):
 garbage-first heap   total 157696K, used 136402K [0x0000000080000000, 0x0000000100000000)
  region size 1024K, 14 young (14336K), 1 survivors (1024K)
 Metaspace       used 120300K, capacity 123229K, committed 123392K, reserved 1157120K
  class space    used 15302K, capacity 16303K, committed 16384K, reserved 1048576K
}
Event: 3687.874 GC heap after
{Heap after GC invocations=114 (full 0):
 garbage-first heap   total 157696K, used 124228K [0x0000000080000000, 0x0000000100000000)
  region size 1024K, 1 young (1024K), 1 survivors (1024K)
 Metaspace       used 120300K, capacity 123229K, committed 123392K, reserved 1157120K
  class space    used 15302K, capacity 16303K, committed 16384K, reserved 1048576K
}
Event: 3688.324 GC heap before
{Heap before GC invocations=115 (full 0):
 garbage-first heap   total 157696K, used 137540K [0x0000000080000000, 0x0000000100000000)
  region size 1024K, 14 young (14336K), 1 survivors (1024K)
 Metaspace       used 120300K, capacity 123229K, committed 123392K, reserved 1157120K
  class space    used 15302K, capacity 16303K, committed 16384K, reserved 1048576K
}
Event: 3688.325 GC heap after
{Heap after GC invocations=116 (full 0):
 garbage-first heap   total 157696K, used 124186K [0x0000000080000000, 0x0000000100000000)
  region size 1024K, 1 young (1024K), 1 survivors (1024K)
 Metaspace       used 120300K, capacity 123229K, committed 123392K, reserved 1157120K
  class space    used 15302K, capacity 16303K, committed 16384K, reserved 1048576K
}
Event: 3688.689 GC heap before
{Heap before GC invocations=116 (full 0):
 garbage-first heap   total 157696K, used 137498K [0x0000000080000000, 0x0000000100000000)
  region size 1024K, 14 young (14336K), 1 survivors (1024K)
 Metaspace       used 120300K, capacity 123229K, committed 123392K, reserved 1157120K
  class space    used 15302K, capacity 16303K, committed 16384K, reserved 1048576K
}
Event: 3688.692 GC heap after
{Heap after GC invocations=117 (full 0):
 garbage-first heap   total 157696K, used 124245K [0x0000000080000000, 0x0000000100000000)
  region size 1024K, 1 young (1024K), 1 survivors (1024K)
 Metaspace       used 120300K, capacity 123229K, committed 123392K, reserved 1157120K
  class space    used 15302K, capacity 16303K, committed 16384K, reserved 1048576K
}
Event: 3689.287 GC heap before
{Heap before GC invocations=117 (full 0):
 garbage-first heap   total 157696K, used 137557K [0x0000000080000000, 0x0000000100000000)
  region size 1024K, 14 young (14336K), 1 survivors (1024K)
 Metaspace       used 120303K, capacity 123293K, committed 123392K, reserved 1157120K
  class space    used 15302K, capacity 16303K, committed 16384K, reserved 1048576K
}
Event: 3689.290 GC heap after
{Heap after GC invocations=118 (full 0):
 garbage-first heap   total 157696K, used 124266K [0x0000000080000000, 0x0000000100000000)
  region size 1024K, 1 young (1024K), 1 survivors (1024K)
 Metaspace       used 120303K, capacity 123293K, committed 123392K, reserved 1157120K
  class space    used 15302K, capacity 16303K, committed 16384K, reserved 1048576K
}
Event: 3689.646 GC heap before
{Heap before GC invocations=119 (full 0):
 garbage-first heap   total 157696K, used 137578K [0x0000000080000000, 0x0000000100000000)
  region size 1024K, 14 young (14336K), 1 survivors (1024K)
 Metaspace       used 120303K, capacity 123293K, committed 123392K, reserved 1157120K
  class space    used 15302K, capacity 16303K, committed 16384K, reserved 1048576K
}
Event: 3689.647 GC heap after
{Heap after GC invocations=120 (full 0):
 garbage-first heap   total 157696K, used 124297K [0x0000000080000000, 0x0000000100000000)
  region size 1024K, 1 young (1024K), 1 survivors (1024K)
 Metaspace       used 120303K, capacity 123293K, committed 123392K, reserved 1157120K
  class space    used 15302K, capacity 16303K, committed 16384K, reserved 1048576K
}
Event: 3689.783 GC heap before
{Heap before GC invocations=120 (full 0):
 garbage-first heap   total 157696K, used 137609K [0x0000000080000000, 0x0000000100000000)
  region size 1024K, 14 young (14336K), 1 survivors (1024K)
 Metaspace       used 120303K, capacity 123293K, committed 123392K, reserved 1157120K
  class space    used 15302K, capacity 16303K, committed 16384K, reserved 1048576K
}
Event: 3689.785 GC heap after
{Heap after GC invocations=121 (full 0):
 garbage-first heap   total 157696K, used 124337K [0x0000000080000000, 0x0000000100000000)
  region size 1024K, 1 young (1024K), 1 survivors (1024K)
 Metaspace       used 120303K, capacity 123293K, committed 123392K, reserved 1157120K
  class space    used 15302K, capacity 16303K, committed 16384K, reserved 1048576K
}

Deoptimization events (20 events):
Event: 3689.932 Thread 0x000001eb19dcd000 Uncommon trap: trap_request=0xffffffde fr.pc=0x000001eb0bffeee4 relative=0x00000000000084a4
Event: 3689.932 Thread 0x000001eb19dcd000 Uncommon trap: reason=class_check action=maybe_recompile pc=0x000001eb0bffeee4 method=org.objectweb.asm.ClassReader.readMethod(Lorg/objectweb/asm/ClassVisitor;Lorg/objectweb/asm/Context;I)I @ 649 c2
Event: 3689.932 Thread 0x000001eb19dcd000 DEOPT PACKING pc=0x000001eb0bffeee4 sp=0x000000d30f3f5e70
Event: 3689.932 Thread 0x000001eb19dcd000 DEOPT UNPACKING pc=0x000001eb03a378af sp=0x000000d30f3f5e78 mode 2
Event: 3689.936 Thread 0x000001eb19dcd000 Uncommon trap: trap_request=0xffffffde fr.pc=0x000001eb0bffeee4 relative=0x00000000000084a4
Event: 3689.936 Thread 0x000001eb19dcd000 Uncommon trap: reason=class_check action=maybe_recompile pc=0x000001eb0bffeee4 method=org.objectweb.asm.ClassReader.readMethod(Lorg/objectweb/asm/ClassVisitor;Lorg/objectweb/asm/Context;I)I @ 649 c2
Event: 3689.936 Thread 0x000001eb19dcd000 DEOPT PACKING pc=0x000001eb0bffeee4 sp=0x000000d30f3f5e70
Event: 3689.936 Thread 0x000001eb19dcd000 DEOPT UNPACKING pc=0x000001eb03a378af sp=0x000000d30f3f5e78 mode 2
Event: 3689.936 Thread 0x000001eb19dcd000 Uncommon trap: trap_request=0xffffffde fr.pc=0x000001eb0bffeee4 relative=0x00000000000084a4
Event: 3689.936 Thread 0x000001eb19dcd000 Uncommon trap: reason=class_check action=maybe_recompile pc=0x000001eb0bffeee4 method=org.objectweb.asm.ClassReader.readMethod(Lorg/objectweb/asm/ClassVisitor;Lorg/objectweb/asm/Context;I)I @ 649 c2
Event: 3689.936 Thread 0x000001eb19dcd000 DEOPT PACKING pc=0x000001eb0bffeee4 sp=0x000000d30f3f5e70
Event: 3689.936 Thread 0x000001eb19dcd000 DEOPT UNPACKING pc=0x000001eb03a378af sp=0x000000d30f3f5e78 mode 2
Event: 3689.936 Thread 0x000001eb19dcd000 Uncommon trap: trap_request=0xffffffde fr.pc=0x000001eb0bffeee4 relative=0x00000000000084a4
Event: 3689.936 Thread 0x000001eb19dcd000 Uncommon trap: reason=class_check action=maybe_recompile pc=0x000001eb0bffeee4 method=org.objectweb.asm.ClassReader.readMethod(Lorg/objectweb/asm/ClassVisitor;Lorg/objectweb/asm/Context;I)I @ 649 c2
Event: 3689.936 Thread 0x000001eb19dcd000 DEOPT PACKING pc=0x000001eb0bffeee4 sp=0x000000d30f3f5e70
Event: 3689.936 Thread 0x000001eb19dcd000 DEOPT UNPACKING pc=0x000001eb03a378af sp=0x000000d30f3f5e78 mode 2
Event: 3689.936 Thread 0x000001eb19dcd000 Uncommon trap: trap_request=0xffffff4d fr.pc=0x000001eb0c0487a0 relative=0x0000000000002780
Event: 3689.936 Thread 0x000001eb19dcd000 Uncommon trap: reason=unstable_if action=reinterpret pc=0x000001eb0c0487a0 method=org.objectweb.asm.tree.MethodNode.accept(Lorg/objectweb/asm/MethodVisitor;)V @ 51 c2
Event: 3689.936 Thread 0x000001eb19dcd000 DEOPT PACKING pc=0x000001eb0c0487a0 sp=0x000000d30f3f5fd0
Event: 3689.936 Thread 0x000001eb19dcd000 DEOPT UNPACKING pc=0x000001eb03a378af sp=0x000000d30f3f5fb0 mode 2

Classes redefined (0 events):
No events

Internal exceptions (20 events):
Event: 3663.560 Thread 0x000001eb1c4d1000 Exception <a 'java/lang/NoSuchMethodError'{0x00000000894e1f08}: 'void java.lang.invoke.DirectMethodHandle$Holder.invokeStatic(java.lang.Object, java.lang.Object, java.lang.Object, java.lang.Object, java.lang.Object, java.lang.Object, java.lang.Object)'> (0x00000000894e1f08) thrown at [./src/hotspot/share/interpreter/linkResolver.cpp, line 773]
Event: 3663.560 Thread 0x000001eb1c4d2800 Exception <a 'java/lang/NoSuchMethodError'{0x00000000894dd428}: 'void java.lang.invoke.DirectMethodHandle$Holder.invokeStatic(java.lang.Object, java.lang.Object, java.lang.Object, java.lang.Object, java.lang.Object, java.lang.Object, java.lang.Object)'> (0x00000000894dd428) thrown at [./src/hotspot/share/interpreter/linkResolver.cpp, line 773]
Event: 3663.656 Thread 0x000001eb1c4cf000 Exception <a 'sun/nio/fs/WindowsException'{0x00000000892f21e0}> (0x00000000892f21e0) thrown at [./src/hotspot/share/prims/jni.cpp, line 615]
Event: 3664.850 Thread 0x000001eb1c4d1000 Exception <a 'sun/nio/fs/WindowsException'{0x00000000889547e8}> (0x00000000889547e8) thrown at [./src/hotspot/share/prims/jni.cpp, line 615]
Event: 3666.943 Thread 0x000001eb1c4cf000 Exception <a 'sun/nio/fs/WindowsException'{0x00000000893adaa0}> (0x00000000893adaa0) thrown at [./src/hotspot/share/prims/jni.cpp, line 615]
Event: 3669.595 Thread 0x000001eb1c4d1000 Exception <a 'sun/nio/fs/WindowsException'{0x000000008940a8e8}> (0x000000008940a8e8) thrown at [./src/hotspot/share/prims/jni.cpp, line 615]
Event: 3672.593 Thread 0x000001eb1c4cf000 Exception <a 'sun/nio/fs/WindowsException'{0x0000000088f07978}> (0x0000000088f07978) thrown at [./src/hotspot/share/prims/jni.cpp, line 615]
Event: 3678.224 Thread 0x000001eb1c4cf000 Exception <a 'sun/nio/fs/WindowsException'{0x0000000088ee9538}> (0x0000000088ee9538) thrown at [./src/hotspot/share/prims/jni.cpp, line 615]
Event: 3678.331 Thread 0x000001eb1c4d1000 Exception <a 'sun/nio/fs/WindowsException'{0x0000000088a39b00}> (0x0000000088a39b00) thrown at [./src/hotspot/share/prims/jni.cpp, line 615]
Event: 3678.876 Thread 0x000001eb1c4d1000 Implicit null exception at 0x000001eb0b55c2dd to 0x000001eb0b55e1d4
Event: 3678.930 Thread 0x000001eb1c4d2800 Implicit null exception at 0x000001eb0b50d231 to 0x000001eb0b50dc48
Event: 3679.799 Thread 0x000001eb1c4d5800 Exception <a 'sun/nio/fs/WindowsException'{0x0000000088988030}> (0x0000000088988030) thrown at [./src/hotspot/share/prims/jni.cpp, line 615]
Event: 3680.035 Thread 0x000001eb1c4d1000 Exception <a 'sun/nio/fs/WindowsException'{0x0000000089335a28}> (0x0000000089335a28) thrown at [./src/hotspot/share/prims/jni.cpp, line 615]
Event: 3680.274 Thread 0x000001eb1c4d2800 Exception <a 'sun/nio/fs/WindowsException'{0x0000000088965dd8}> (0x0000000088965dd8) thrown at [./src/hotspot/share/prims/jni.cpp, line 615]
Event: 3680.343 Thread 0x000001eb1c4cf000 Exception <a 'sun/nio/fs/WindowsException'{0x00000000889fdd80}> (0x00000000889fdd80) thrown at [./src/hotspot/share/prims/jni.cpp, line 615]
Event: 3681.071 Thread 0x000001eb1c4d5800 Exception <a 'sun/nio/fs/WindowsException'{0x00000000897e0d88}> (0x00000000897e0d88) thrown at [./src/hotspot/share/prims/jni.cpp, line 615]
Event: 3681.113 Thread 0x000001eb1c4d2800 Exception <a 'sun/nio/fs/WindowsException'{0x0000000088ab40f8}> (0x0000000088ab40f8) thrown at [./src/hotspot/share/prims/jni.cpp, line 615]
Event: 3681.159 Thread 0x000001eb1c4d1000 Exception <a 'sun/nio/fs/WindowsException'{0x000000008989a1d0}> (0x000000008989a1d0) thrown at [./src/hotspot/share/prims/jni.cpp, line 615]
Event: 3681.606 Thread 0x000001eb19dcd000 Exception <a 'java/lang/NoSuchMethodError'{0x000000008974b0e0}: 'int java.lang.invoke.DirectMethodHandle$Holder.invokeSpecialIFC(java.lang.Object, java.lang.Object, java.lang.Object)'> (0x000000008974b0e0) thrown at [./src/hotspot/share/interpreter/linkResolver.cpp, line 773]
Event: 3682.832 Thread 0x000001eb1c4d1000 Exception <a 'sun/nio/fs/WindowsException'{0x00000000892485a8}> (0x00000000892485a8) thrown at [./src/hotspot/share/prims/jni.cpp, line 615]

Events (20 events):
Event: 3688.099 Executing VM operation: CGC_Operation done
Event: 3688.324 Executing VM operation: G1CollectForAllocation
Event: 3688.325 Executing VM operation: G1CollectForAllocation done
Event: 3688.689 Executing VM operation: G1CollectForAllocation
Event: 3688.692 Executing VM operation: G1CollectForAllocation done
Event: 3689.128 Executing VM operation: CGC_Operation
Event: 3689.152 Executing VM operation: CGC_Operation done
Event: 3689.240 Thread 0x000001eb1b958000 Thread exited: 0x000001eb1b958000
Event: 3689.286 Executing VM operation: G1CollectForAllocation
Event: 3689.290 Executing VM operation: G1CollectForAllocation done
Event: 3689.403 Executing VM operation: CGC_Operation
Event: 3689.403 Executing VM operation: CGC_Operation done
Event: 3689.645 Executing VM operation: G1CollectForAllocation
Event: 3689.647 Executing VM operation: G1CollectForAllocation done
Event: 3689.783 Executing VM operation: G1CollectForAllocation
Event: 3689.785 Executing VM operation: G1CollectForAllocation done
Event: 3689.932 loading class org/objectweb/asm/tree/MethodNode$1
Event: 3689.932 loading class org/objectweb/asm/tree/MethodNode$1 done
Event: 3689.933 Executing VM operation: Deoptimize
Event: 3689.935 Executing VM operation: Deoptimize done


Dynamic libraries:
0x00007ff74bca0000 - 0x00007ff74bcaa000 	D:\sftwr\android_studio\android_software\jre\bin\java.exe
0x00007ff931c60000 - 0x00007ff931e50000 	C:\WINDOWS\SYSTEM32\ntdll.dll
0x00007ff931ae0000 - 0x00007ff931b92000 	C:\WINDOWS\System32\KERNEL32.DLL
0x00007ff92f100000 - 0x00007ff92f3a5000 	C:\WINDOWS\System32\KERNELBASE.dll
0x00007ff92cc80000 - 0x00007ff92cd0f000 	C:\WINDOWS\SYSTEM32\apphelp.dll
0x00007ff92f3b0000 - 0x00007ff92f4aa000 	C:\WINDOWS\System32\ucrtbase.dll
0x00007ff91b9a0000 - 0x00007ff91b9b9000 	D:\sftwr\android_studio\android_software\jre\bin\jli.dll
0x00007ff931120000 - 0x00007ff9312b4000 	C:\WINDOWS\System32\USER32.dll
0x00007ff91b980000 - 0x00007ff91b997000 	D:\sftwr\android_studio\android_software\jre\bin\VCRUNTIME140.dll
0x00007ff92ec20000 - 0x00007ff92ec41000 	C:\WINDOWS\System32\win32u.dll
0x00007ff931670000 - 0x00007ff931696000 	C:\WINDOWS\System32\GDI32.dll
0x00007ff921f00000 - 0x00007ff922184000 	C:\WINDOWS\WinSxS\amd64_microsoft.windows.common-controls_6595b64144ccf1df_6.0.18362.1556_none_9e7e372fe45e41d5\COMCTL32.dll
0x00007ff92edb0000 - 0x00007ff92ef48000 	C:\WINDOWS\System32\gdi32full.dll
0x00007ff9306e0000 - 0x00007ff93077e000 	C:\WINDOWS\System32\msvcrt.dll
0x00007ff92ef50000 - 0x00007ff92efee000 	C:\WINDOWS\System32\msvcp_win.dll
0x00007ff9316a0000 - 0x00007ff9319d6000 	C:\WINDOWS\System32\combase.dll
0x00007ff92fd70000 - 0x00007ff92fe8f000 	C:\WINDOWS\System32\RPCRT4.dll
0x00007ff92fc80000 - 0x00007ff92fd01000 	C:\WINDOWS\System32\bcryptPrimitives.dll
0x00007ff9319e0000 - 0x00007ff931a0e000 	C:\WINDOWS\System32\IMM32.DLL
0x00007ff8e3de0000 - 0x00007ff8e3e7d000 	D:\sftwr\android_studio\android_software\jre\bin\msvcp140.dll
0x00007ff8baa40000 - 0x00007ff8bb50f000 	D:\sftwr\android_studio\android_software\jre\bin\server\jvm.dll
0x00007ff9315c0000 - 0x00007ff931663000 	C:\WINDOWS\System32\ADVAPI32.dll
0x00007ff931520000 - 0x00007ff9315b7000 	C:\WINDOWS\System32\sechost.dll
0x00007ff930780000 - 0x00007ff930788000 	C:\WINDOWS\System32\PSAPI.DLL
0x00007ff920d00000 - 0x00007ff920d09000 	C:\WINDOWS\SYSTEM32\WSOCK32.dll
0x00007ff9310b0000 - 0x00007ff93111f000 	C:\WINDOWS\System32\WS2_32.dll
0x00007ff92c420000 - 0x00007ff92c444000 	C:\WINDOWS\SYSTEM32\WINMM.dll
0x00007ff91ef30000 - 0x00007ff91ef3a000 	C:\WINDOWS\SYSTEM32\VERSION.dll
0x00007ff92c3f0000 - 0x00007ff92c41d000 	C:\WINDOWS\SYSTEM32\winmmbase.dll
0x00007ff92ebd0000 - 0x00007ff92ec1a000 	C:\WINDOWS\System32\cfgmgr32.dll
0x00007ff92ebb0000 - 0x00007ff92ebc1000 	C:\WINDOWS\System32\kernel.appcore.dll
0x00007ff91b950000 - 0x00007ff91b961000 	D:\sftwr\android_studio\android_software\jre\bin\verify.dll
0x00007ff925ea0000 - 0x00007ff926094000 	C:\WINDOWS\SYSTEM32\DBGHELP.DLL
0x00007ff925e70000 - 0x00007ff925e9a000 	C:\WINDOWS\SYSTEM32\dbgcore.DLL
0x00007ff8f5a90000 - 0x00007ff8f5ab9000 	D:\sftwr\android_studio\android_software\jre\bin\java.dll
0x00007ff91b8c0000 - 0x00007ff91b8cb000 	D:\sftwr\android_studio\android_software\jre\bin\jimage.dll
0x00007ff9068b0000 - 0x00007ff9068c8000 	D:\sftwr\android_studio\android_software\jre\bin\zip.dll
0x00007ff930790000 - 0x00007ff930e77000 	C:\WINDOWS\System32\SHELL32.dll
0x00007ff931460000 - 0x00007ff931508000 	C:\WINDOWS\System32\shcore.dll
0x00007ff92f4b0000 - 0x00007ff92fc2b000 	C:\WINDOWS\System32\windows.storage.dll
0x00007ff92eb90000 - 0x00007ff92ebae000 	C:\WINDOWS\System32\profapi.dll
0x00007ff92eb40000 - 0x00007ff92eb8a000 	C:\WINDOWS\System32\powrprof.dll
0x00007ff92eb10000 - 0x00007ff92eb20000 	C:\WINDOWS\System32\UMPDC.dll
0x00007ff92fd10000 - 0x00007ff92fd62000 	C:\WINDOWS\System32\shlwapi.dll
0x00007ff92fc60000 - 0x00007ff92fc77000 	C:\WINDOWS\System32\cryptsp.dll
0x00007ff92b440000 - 0x00007ff92b45a000 	D:\sftwr\android_studio\android_software\jre\bin\net.dll
0x00007ff921a00000 - 0x00007ff921afa000 	C:\WINDOWS\SYSTEM32\WINHTTP.dll
0x00007ff92e350000 - 0x00007ff92e3b7000 	C:\WINDOWS\system32\mswsock.dll
0x00007ff928030000 - 0x00007ff928044000 	D:\sftwr\android_studio\android_software\jre\bin\nio.dll
0x00007ff927df0000 - 0x00007ff927e17000 	C:\Users\tahmi\.gradle\native\8bec1ad78214c89d9ad589b4d07fe93259594b29d510b10fafb7a158f7737e5d\windows-amd64\native-platform.dll
0x00007ff8dcb90000 - 0x00007ff8dcccd000 	C:\Users\tahmi\.gradle\native\53dbd7edfb1c66fb8903c78663c9afc45aea4f116125fa6feffd364cf09443e8\windows-amd64\native-platform-file-events.dll
0x00007ff92b430000 - 0x00007ff92b43a000 	D:\sftwr\android_studio\android_software\jre\bin\management.dll
0x00007ff929540000 - 0x00007ff92954c000 	D:\sftwr\android_studio\android_software\jre\bin\management_ext.dll
0x00007ff92ded0000 - 0x00007ff92df03000 	C:\WINDOWS\system32\rsaenh.dll
0x00007ff92fc30000 - 0x00007ff92fc56000 	C:\WINDOWS\System32\bcrypt.dll
0x00007ff92ea00000 - 0x00007ff92ea25000 	C:\WINDOWS\SYSTEM32\USERENV.dll
0x00007ff92e520000 - 0x00007ff92e52c000 	C:\WINDOWS\SYSTEM32\CRYPTBASE.dll
0x00007ff92e060000 - 0x00007ff92e09a000 	C:\WINDOWS\SYSTEM32\IPHLPAPI.DLL
0x00007ff931040000 - 0x00007ff931048000 	C:\WINDOWS\System32\NSI.dll
0x00007ff922250000 - 0x00007ff922266000 	C:\WINDOWS\SYSTEM32\dhcpcsvc6.DLL
0x00007ff925d60000 - 0x00007ff925d7c000 	C:\WINDOWS\SYSTEM32\dhcpcsvc.DLL
0x00007ff92e0f0000 - 0x00007ff92e1bb000 	C:\WINDOWS\SYSTEM32\DNSAPI.dll
0x00007ff929570000 - 0x00007ff929597000 	D:\sftwr\android_studio\android_software\jre\bin\sunec.dll
0x00007ff91d190000 - 0x00007ff91d19a000 	C:\Windows\System32\rasadhlp.dll
0x00007ff921e80000 - 0x00007ff921ef7000 	C:\WINDOWS\System32\fwpuclnt.dll
0x00007ff92db50000 - 0x00007ff92db81000 	C:\WINDOWS\SYSTEM32\ntmarta.dll

dbghelp: loaded successfully - version: 4.0.5 - missing functions: none
symbol engine: initialized successfully - sym options: 0x614 - pdb path: .;D:\sftwr\android_studio\android_software\jre\bin;C:\WINDOWS\SYSTEM32;C:\WINDOWS\WinSxS\amd64_microsoft.windows.common-controls_6595b64144ccf1df_6.0.18362.1556_none_9e7e372fe45e41d5;D:\sftwr\android_studio\android_software\jre\bin\server;C:\Users\tahmi\.gradle\native\8bec1ad78214c89d9ad589b4d07fe93259594b29d510b10fafb7a158f7737e5d\windows-amd64;C:\Users\tahmi\.gradle\native\53dbd7edfb1c66fb8903c78663c9afc45aea4f116125fa6feffd364cf09443e8\windows-amd64

VM Arguments:
jvm_args: --add-opens=java.base/java.util=ALL-UNNAMED --add-opens=java.base/java.lang=ALL-UNNAMED --add-opens=java.base/java.lang.invoke=ALL-UNNAMED --add-opens=java.base/java.util=ALL-UNNAMED --add-opens=java.prefs/java.util.prefs=ALL-UNNAMED --add-opens=java.prefs/java.util.prefs=ALL-UNNAMED --add-opens=java.base/java.nio.charset=ALL-UNNAMED --add-opens=java.base/java.net=ALL-UNNAMED --add-opens=java.base/java.util.concurrent.atomic=ALL-UNNAMED -Xmx2048m -Dfile.encoding=UTF-8 -Duser.country=AU -Duser.language=en -Duser.variant 
java_command: org.gradle.launcher.daemon.bootstrap.GradleDaemon 7.0.2
java_class_path (initial): C:\Users\tahmi\.gradle\wrapper\dists\gradle-7.0.2-bin\857tjihv64xamwrf0h14cai3r\gradle-7.0.2\lib\gradle-launcher-7.0.2.jar
Launcher Type: SUN_STANDARD

[Global flags]
     intx CICompilerCount                          = 3                                         {product} {ergonomic}
     uint ConcGCThreads                            = 1                                         {product} {ergonomic}
     uint G1ConcRefinementThreads                  = 4                                         {product} {ergonomic}
   size_t G1HeapRegionSize                         = 1048576                                   {product} {ergonomic}
    uintx GCDrainStackTargetSize                   = 64                                        {product} {ergonomic}
   size_t InitialHeapSize                          = 134217728                                 {product} {ergonomic}
   size_t MarkStackSize                            = 4194304                                   {product} {ergonomic}
   size_t MaxHeapSize                              = 2147483648                                {product} {command line}
   size_t MaxNewSize                               = 1287651328                                {product} {ergonomic}
   size_t MinHeapDeltaBytes                        = 1048576                                   {product} {ergonomic}
    uintx NonNMethodCodeHeapSize                   = 5830732                                {pd product} {ergonomic}
    uintx NonProfiledCodeHeapSize                  = 122913754                              {pd product} {ergonomic}
    uintx ProfiledCodeHeapSize                     = 122913754                              {pd product} {ergonomic}
    uintx ReservedCodeCacheSize                    = 251658240                              {pd product} {ergonomic}
     bool SegmentedCodeCache                       = true                                      {product} {ergonomic}
     bool UseCompressedClassPointers               = true                                 {lp64_product} {ergonomic}
     bool UseCompressedOops                        = true                                 {lp64_product} {ergonomic}
     bool UseG1GC                                  = true                                      {product} {ergonomic}
     bool UseLargePagesIndividualAllocation        = false                                  {pd product} {ergonomic}

Logging:
Log output configuration:
 #0: stdout all=warning uptime,level,tags
 #1: stderr all=off uptime,level,tags

Environment Variables:
PATH=C:\Python39\Scripts\;C:\Python39\;E:\app\Tahmid1234\product\18.0.0\client_1;E:\app\Tahmid1234\product\18.0.0\client_1\bin;E:\app\client\tahmi\product\18.0.0\client_1;E:\app\client\tahmi\product\18.0.0\client_1\bin;D:\sftwr\app\oracle\product\10.2.0\server\bin;C:\WINDOWS\system32;C:\WINDOWS;C:\WINDOWS\System32\Wbem;C:\WINDOWS\System32\WindowsPowerShell\v1.0\;C:\WINDOWS\System32\OpenSSH\;C:\Program Files\dotnet\;C:\Program Files\Microsoft SQL Server\130\Tools\Binn\;C:\Program Files\Microsoft SQL Server\Client SDK\ODBC\170\Tools\Binn\;C:\Program Files (x86)\Microsoft SQL Server\150\DTS\Binn\;C:\Program Files\Microsoft SQL Server\Client SDK\ODBC\130\Tools\Binn\;C:\Program Files (x86)\Microsoft SQL Server\140\Tools\Binn\;C:\Program Files\Microsoft SQL Server\140\Tools\Binn\;C:\Program Files\Microsoft SQL Server\140\DTS\Binn\;D:\sftwr;C:\Python27;C:\Android;C:\Windows\System32;D:\MATLAB\R2018b\runtime\win64;D:\MATLAB\R2018b\bin;C:\ProgramData\chocolatey\bin;C:\webdriver;D:\sftwr\NodeJs\;C:\Users\tahmi\AppData\Roaming\npm;C:\Users\tahmi\AppData\Local\Microsoft\WindowsApps;D:\INTELLIJ\IntelliJ IDEA Community Edition 2020.3.2\bin;;C:\Users\tahmi\AppData\Roaming\npm;E:\StudyStation\Microsoft VS Code\bin;C:\Users\tahmi\.dotnet\tools;D:\sftwr\jet brains\PyCharm Community Edition 2021.2.2\bin;
USERNAME=tahmi
OS=Windows_NT
PROCESSOR_IDENTIFIER=Intel64 Family 6 Model 78 Stepping 3, GenuineIntel



---------------  S Y S T E M  ---------------

OS: Windows 10 , 64 bit Build 18362 (10.0.18362.1500)
OS uptime: 0 days 9:20 hours

CPU:total 4 (initial active 4) (2 cores per cpu, 2 threads per core) family 6 model 78 stepping 3 microcode 0xc6, cmov, cx8, fxsr, mmx, sse, sse2, sse3, ssse3, sse4.1, sse4.2, popcnt, avx, avx2, aes, clmul, erms, 3dnowpref, lzcnt, ht, tsc, tscinvbit, bmi1, bmi2, adx, fma

Memory: 4k page, system-wide physical 8065M (442M free)
TotalPageFile size 11135M (AvailPageFile size 6M)
current process WorkingSet (physical memory assigned to process): 471M, peak: 499M
current process commit charge ("private bytes"): 503M, peak: 533M

vm_info: OpenJDK 64-Bit Server VM (11.0.10+0-b96-7249189) for windows-amd64 JRE (11.0.10+0-b96-7249189), built on Mar 31 2021 21:44:00 by "builder" with MS VC++ 14.0 (VS2015)

END.
