#
# There is insufficient memory for the Java Runtime Environment to continue.
# Native memory allocation (mmap) failed to map 47185920 bytes for Failed to commit area from 0x000000008de00000 to 0x0000000090b00000 of length 47185920.
# Possible reasons:
#   The system is out of physical RAM or swap space
#   The process is running with CompressedOops enabled, and the Java Heap may be blocking the growth of the native heap
# Possible solutions:
#   Reduce memory load on the system
#   Increase physical memory or swap space
#   Check if swap backing store is full
#   Decrease Java heap size (-Xmx/-Xms)
#   Decrease number of Java threads
#   Decrease Java thread stack sizes (-Xss)
#   Set larger code cache with -XX:ReservedCodeCacheSize=
#   JVM is running with Unscaled Compressed Oops mode in which the Java heap is
#     placed in the first 4GB address space. The Java Heap base address is the
#     maximum limit for the native heap growth. Please use -XX:HeapBaseMinAddress
#     to set the Java Heap base and to place the Java Heap above 4GB virtual address.
# This output file may be truncated or incomplete.
#
#  Out of Memory Error (./src/hotspot/os/windows/os_windows.cpp:3301), pid=14776, tid=11332
#
# JRE version: OpenJDK Runtime Environment (11.0.10) (build 11.0.10+0-b96-7249189)
# Java VM: OpenJDK 64-Bit Server VM (11.0.10+0-b96-7249189, mixed mode, tiered, compressed oops, g1 gc, windows-amd64)
# No core dump will be written. Minidumps are not enabled by default on client versions of Windows
#

---------------  S U M M A R Y ------------

Command Line: --add-opens=java.base/java.util=ALL-UNNAMED --add-opens=java.base/java.lang=ALL-UNNAMED --add-opens=java.base/java.lang.invoke=ALL-UNNAMED --add-opens=java.base/java.util=ALL-UNNAMED --add-opens=java.prefs/java.util.prefs=ALL-UNNAMED --add-opens=java.prefs/java.util.prefs=ALL-UNNAMED --add-opens=java.base/java.nio.charset=ALL-UNNAMED --add-opens=java.base/java.net=ALL-UNNAMED --add-opens=java.base/java.util.concurrent.atomic=ALL-UNNAMED -Xmx2048m -Dfile.encoding=UTF-8 -Duser.country=AU -Duser.language=en -Duser.variant org.gradle.launcher.daemon.bootstrap.GradleDaemon 7.0.2

Host: Intel(R) Core(TM) i3-6006U CPU @ 2.00GHz, 4 cores, 7G,  Windows 10 , 64 bit Build 18362 (10.0.18362.1500)
Time: Sat Nov 20 14:00:06 2021 Bangladesh Standard Time elapsed time: 6762.268758 seconds (0d 1h 52m 42s)

---------------  T H R E A D  ---------------

Current thread (0x000001bffd07a800):  VMThread "VM Thread" [stack: 0x00000067b6f00000,0x00000067b7000000] [id=11332]

Stack: [0x00000067b6f00000,0x00000067b7000000]
[error occurred during error reporting (printing stack bounds), id 0xc0000005, EXCEPTION_ACCESS_VIOLATION (0xc0000005) at pc=0x000001bf80000f2d]

Native frames: (J=compiled Java code, j=interpreted, Vv=VM code, C=native code)
V  [jvm.dll+0x5ecfaa]
V  [jvm.dll+0x722bd5]
V  [jvm.dll+0x72412d]
V  [jvm.dll+0x724745]
V  [jvm.dll+0x7246fb]
V  [jvm.dll+0x5ec348]
V  [jvm.dll+0x5ecad8]
C  [ntdll.dll+0xa1fff]
C  [ntdll.dll+0x6aad9]
C  [ntdll.dll+0xa0c6e]
C  0x000001bf80000f2d

VM_Operation (0x00000067b94f9d10): G1CollectForAllocation, mode: safepoint, requested by thread 0x000001bf8f93f000


---------------  P R O C E S S  ---------------

Threads class SMR info:
_java_thread_list=0x000001bf9d90a1f0, length=51, elements={
0x000001bff24af000, 0x000001bffd07f800, 0x000001bffd080800, 0x000001bffda05000,
0x000001bffda08000, 0x000001bffda0d000, 0x000001bffda10000, 0x000001bffda11000,
0x000001bffda51800, 0x000001bffdb63000, 0x000001bf8f73c800, 0x000001bffdce8800,
0x000001bf90b2f800, 0x000001bffdfe5000, 0x000001bffdfe6800, 0x000001bffdfe3800,
0x000001bffdfe8800, 0x000001bffdfe4800, 0x000001bffdfe2800, 0x000001bffdfe9000,
0x000001bf8f700800, 0x000001bf8f702800, 0x000001bf8f6fe800, 0x000001bf8f6ff000,
0x000001bf8f70d000, 0x000001bf8f932000, 0x000001bf8f934800, 0x000001bf8f937000,
0x000001bf8f935800, 0x000001bf8f936000, 0x000001bf8f933000, 0x000001bf8f931800,
0x000001bf8f938800, 0x000001bf8f939800, 0x000001bf8f93b000, 0x000001bf8f93a800,
0x000001bf8f93c000, 0x000001bf8f93d000, 0x000001bf8f93f000, 0x000001bf8f940000,
0x000001bf8f703000, 0x000001bf8f700000, 0x000001bf8f70c000, 0x000001bf8f708000,
0x000001bf8f709800, 0x000001bf8f70b800, 0x000001bf8f70a800, 0x000001bf8f706800,
0x000001bffdfe7800, 0x000001bf93e4a800, 0x000001bf93e48000
}

Java Threads: ( => current thread )
  0x000001bff24af000 JavaThread "main" [_thread_blocked, id=15668, stack(0x00000067b6900000,0x00000067b6a00000)]
  0x000001bffd07f800 JavaThread "Reference Handler" daemon [_thread_blocked, id=11024, stack(0x00000067b7000000,0x00000067b7100000)]
  0x000001bffd080800 JavaThread "Finalizer" daemon [_thread_blocked, id=15124, stack(0x00000067b7100000,0x00000067b7200000)]
  0x000001bffda05000 JavaThread "Signal Dispatcher" daemon [_thread_blocked, id=5424, stack(0x00000067b7200000,0x00000067b7300000)]
  0x000001bffda08000 JavaThread "Attach Listener" daemon [_thread_blocked, id=9300, stack(0x00000067b7300000,0x00000067b7400000)]
  0x000001bffda0d000 JavaThread "Service Thread" daemon [_thread_blocked, id=6420, stack(0x00000067b7400000,0x00000067b7500000)]
  0x000001bffda10000 JavaThread "C2 CompilerThread0" daemon [_thread_blocked, id=1420, stack(0x00000067b7500000,0x00000067b7600000)]
  0x000001bffda11000 JavaThread "C1 CompilerThread0" daemon [_thread_blocked, id=15524, stack(0x00000067b7600000,0x00000067b7700000)]
  0x000001bffda51800 JavaThread "Sweeper thread" daemon [_thread_blocked, id=9700, stack(0x00000067b7700000,0x00000067b7800000)]
  0x000001bffdb63000 JavaThread "Common-Cleaner" daemon [_thread_blocked, id=12632, stack(0x00000067b7800000,0x00000067b7900000)]
  0x000001bf8f73c800 JavaThread "Daemon health stats" [_thread_blocked, id=15292, stack(0x00000067b7d00000,0x00000067b7e00000)]
  0x000001bffdce8800 JavaThread "Incoming local TCP Connector on port 57231" [_thread_in_native, id=15904, stack(0x00000067b7a00000,0x00000067b7b00000)]
  0x000001bf90b2f800 JavaThread "Daemon periodic checks" [_thread_blocked, id=15452, stack(0x00000067b7e00000,0x00000067b7f00000)]
  0x000001bffdfe5000 JavaThread "Cache worker for file hash cache (C:\Users\tahmi\.gradle\caches\7.0.2\fileHashes)" [_thread_blocked, id=11460, stack(0x00000067b8600000,0x00000067b8700000)]
  0x000001bffdfe6800 JavaThread "File lock request listener" [_thread_in_native, id=14472, stack(0x00000067b8700000,0x00000067b8800000)]
  0x000001bffdfe3800 JavaThread "Cache worker for journal cache (C:\Users\tahmi\.gradle\caches\journal-1)" [_thread_blocked, id=3624, stack(0x00000067b8900000,0x00000067b8a00000)]
  0x000001bffdfe8800 JavaThread "File watcher server" daemon [_thread_blocked, id=12880, stack(0x00000067b8b00000,0x00000067b8c00000)]
  0x000001bffdfe4800 JavaThread "File watcher consumer" daemon [_thread_blocked, id=8660, stack(0x00000067b8c00000,0x00000067b8d00000)]
  0x000001bffdfe2800 JavaThread "jar transforms" [_thread_blocked, id=11112, stack(0x00000067b8d00000,0x00000067b8e00000)]
  0x000001bffdfe9000 JavaThread "jar transforms Thread 2" [_thread_blocked, id=15468, stack(0x00000067b8e00000,0x00000067b8f00000)]
  0x000001bf8f700800 JavaThread "jar transforms Thread 3" [_thread_blocked, id=13984, stack(0x00000067b8f00000,0x00000067b9000000)]
  0x000001bf8f702800 JavaThread "jar transforms Thread 4" [_thread_blocked, id=7224, stack(0x00000067b9000000,0x00000067b9100000)]
  0x000001bf8f6fe800 JavaThread "Cache worker for execution history cache (C:\Users\tahmi\.gradle\caches\7.0.2\executionHistory)" [_thread_blocked, id=8292, stack(0x00000067b9500000,0x00000067b9600000)]
  0x000001bf8f6ff000 JavaThread "Cache worker for file content cache (C:\Users\tahmi\.gradle\caches\7.0.2\fileContent)" [_thread_blocked, id=15308, stack(0x00000067b9600000,0x00000067b9700000)]
  0x000001bf8f70d000 JavaThread "Memory manager" [_thread_blocked, id=8728, stack(0x00000067b9d00000,0x00000067b9e00000)]
  0x000001bf8f932000 JavaThread "Daemon Thread 7" [_thread_blocked, id=14704, stack(0x00000067b6600000,0x00000067b6700000)]
  0x000001bf8f934800 JavaThread "Daemon worker Thread 7" [_thread_blocked, id=15508, stack(0x00000067b7f00000,0x00000067b8000000)]
  0x000001bf8f937000 JavaThread "Handler for socket connection from /127.0.0.1:57231 to /127.0.0.1:52213" [_thread_in_native, id=2372, stack(0x00000067b6700000,0x00000067b6800000)]
  0x000001bf8f935800 JavaThread "Cancel handler" [_thread_blocked, id=10736, stack(0x00000067b6800000,0x00000067b6900000)]
  0x000001bf8f936000 JavaThread "Asynchronous log dispatcher for DefaultDaemonConnection: socket connection from /127.0.0.1:57231 to /127.0.0.1:52213" [_thread_blocked, id=11788, stack(0x00000067b8000000,0x00000067b8100000)]
  0x000001bf8f933000 JavaThread "Stdin handler" [_thread_blocked, id=12840, stack(0x00000067b8100000,0x00000067b8200000)]
  0x000001bf8f931800 JavaThread "Daemon client event forwarder" [_thread_blocked, id=5068, stack(0x00000067b8200000,0x00000067b8300000)]
  0x000001bf8f938800 JavaThread "Cache worker for file hash cache (E:\hot_seat_as\Hot_Seat\Hot_Seat_Application\.gradle\7.0.2\fileHashes)" [_thread_blocked, id=9996, stack(0x00000067b8300000,0x00000067b8400000)]
  0x000001bf8f939800 JavaThread "Cache worker for checksums cache (E:\hot_seat_as\Hot_Seat\Hot_Seat_Application\.gradle\checksums)" [_thread_blocked, id=15396, stack(0x00000067b8400000,0x00000067b8500000)]
  0x000001bf8f93b000 JavaThread "Cache worker for cache directory md-supplier (C:\Users\tahmi\.gradle\caches\7.0.2\md-supplier)" [_thread_blocked, id=12812, stack(0x00000067b8500000,0x00000067b8600000)]
  0x000001bf8f93a800 JavaThread "Cache worker for cache directory md-rule (C:\Users\tahmi\.gradle\caches\7.0.2\md-rule)" [_thread_blocked, id=13760, stack(0x00000067b8a00000,0x00000067b8b00000)]
  0x000001bf8f93c000 JavaThread "Cache worker for dependencies-accessors (E:\hot_seat_as\Hot_Seat\Hot_Seat_Application\.gradle\7.0.2\dependencies-accessors)" [_thread_blocked, id=2384, stack(0x00000067b9100000,0x00000067b9200000)]
  0x000001bf8f93d000 JavaThread "Cache worker for Build Output Cleanup Cache (E:\hot_seat_as\Hot_Seat\Hot_Seat_Application\.gradle\buildOutputCleanup)" [_thread_blocked, id=15908, stack(0x00000067b9200000,0x00000067b9300000)]
  0x000001bf8f93f000 JavaThread "Build operations" [_thread_blocked, id=14032, stack(0x00000067b9400000,0x00000067b9500000)]
  0x000001bf8f940000 JavaThread "Build operations Thread 2" [_thread_blocked, id=12572, stack(0x00000067b9700000,0x00000067b9800000)]
  0x000001bf8f703000 JavaThread "Build operations Thread 3" [_thread_blocked, id=12656, stack(0x00000067b9800000,0x00000067b9900000)]
  0x000001bf8f700000 JavaThread "Build operations Thread 4" [_thread_blocked, id=3580, stack(0x00000067b9900000,0x00000067b9a00000)]
  0x000001bf8f70c000 JavaThread "build event listener" [_thread_blocked, id=9860, stack(0x00000067b9300000,0x00000067b9400000)]
  0x000001bf8f708000 JavaThread "Execution worker for ':'" [_thread_blocked, id=11820, stack(0x00000067b9a00000,0x00000067b9b00000)]
  0x000001bf8f709800 JavaThread "Execution worker for ':' Thread 2" [_thread_blocked, id=7608, stack(0x00000067b9b00000,0x00000067b9c00000)]
  0x000001bf8f70b800 JavaThread "Execution worker for ':' Thread 3" [_thread_blocked, id=936, stack(0x00000067b9c00000,0x00000067b9d00000)]
  0x000001bf8f70a800 JavaThread "Cache worker for execution history cache (E:\hot_seat_as\Hot_Seat\Hot_Seat_Application\.gradle\7.0.2\executionHistory)" [_thread_blocked, id=4212, stack(0x00000067b9e00000,0x00000067b9f00000)]
  0x000001bf8f706800 JavaThread "WorkerExecutor Queue" [_thread_blocked, id=7532, stack(0x00000067b9f00000,0x00000067ba000000)]
  0x000001bffdfe7800 JavaThread "WorkerExecutor Queue Thread 2" [_thread_blocked, id=5376, stack(0x00000067ba100000,0x00000067ba200000)]
  0x000001bf93e4a800 JavaThread "WorkerExecutor Queue Thread 5" [_thread_blocked, id=8556, stack(0x00000067ba000000,0x00000067ba100000)]
  0x000001bf93e48000 JavaThread "C2 CompilerThread1" daemon [_thread_blocked, id=12096, stack(0x00000067ba200000,0x00000067ba300000)]

Other Threads:
=>0x000001bffd07a800 VMThread "VM Thread" [stack: 0x00000067b6f00000,0x00000067b7000000] [id=11332]
  0x000001bffdb86800 WatcherThread [stack: 0x00000067b7900000,0x00000067b7a00000] [id=14068]
  0x000001bff24c8800 GCTaskThread "GC Thread#0" [stack: 0x00000067b6a00000,0x00000067b6b00000] [id=15200]
  0x000001bffe356800 GCTaskThread "GC Thread#1" [stack: 0x00000067b7b00000,0x00000067b7c00000] [id=5792]
  0x000001bffe357000 GCTaskThread "GC Thread#2" [stack: 0x00000067b7c00000,0x00000067b7d00000] [id=15332]
  0x000001bfff4b6800 GCTaskThread "GC Thread#3" [stack: 0x00000067b8800000,0x00000067b8900000] [id=8956]
  0x000001bff24f9000 ConcurrentGCThread "G1 Main Marker" [stack: 0x00000067b6b00000,0x00000067b6c00000] [id=15120]
  0x000001bff24fa800 ConcurrentGCThread "G1 Conc#0" [stack: 0x00000067b6c00000,0x00000067b6d00000] [id=10392]
  0x000001bffced0800 ConcurrentGCThread "G1 Refine#0" [stack: 0x00000067b6d00000,0x00000067b6e00000] [id=7388]
  0x000001bffced1800 ConcurrentGCThread "G1 Young RemSet Sampling" [stack: 0x00000067b6e00000,0x00000067b6f00000] [id=10724]

Threads with active compile tasks:
C2 CompilerThread06762394 27071 %     4       com.android.tools.r8.ir.regalloc.a::a @ 2157 (3985 bytes)
C2 CompilerThread16762394 27155 %     4       com.android.tools.r8.graph.c0::a @ 8 (258 bytes)

VM state:at safepoint (normal execution)

VM Mutex/Monitor currently owned by a thread:  ([mutex/lock_event])
[0x000001bff24abaf0] Threads_lock - owner thread: 0x000001bffd07a800
[0x000001bff24ac3f0] Heap_lock - owner thread: 0x000001bf8f93f000

Heap address: 0x0000000080000000, size: 2048 MB, Compressed Oops mode: 32-bit
Narrow klass base: 0x0000000000000000, Narrow klass shift: 3
Compressed class space size: 1073741824 Address: 0x0000000100000000

Heap:
 garbage-first heap   total 273408K, used 165374K [0x0000000080000000, 0x0000000100000000)
  region size 1024K, 2 young (2048K), 2 survivors (2048K)
 Metaspace       used 135271K, capacity 139036K, committed 139164K, reserved 1171456K
  class space    used 16571K, capacity 17906K, committed 18004K, reserved 1048576K
Heap Regions: E=young(eden), S=young(survivor), O=old, HS=humongous(starts), HC=humongous(continues), CS=collection set, F=free, A=archive, TAMS=top-at-mark-start (previous, next)
|   0|0x0000000080000000, 0x0000000080100000, 0x0000000080100000|100%| O|  |TAMS 0x0000000080100000, 0x0000000080100000| Untracked 
|   1|0x0000000080100000, 0x0000000080200000, 0x0000000080200000|100%| O|  |TAMS 0x0000000080200000, 0x0000000080200000| Untracked 
|   2|0x0000000080200000, 0x0000000080300000, 0x0000000080300000|100%| O|  |TAMS 0x0000000080300000, 0x0000000080300000| Untracked 
|   3|0x0000000080300000, 0x0000000080400000, 0x0000000080400000|100%|HS|  |TAMS 0x0000000080400000, 0x0000000080400000| Complete 
|   4|0x0000000080400000, 0x0000000080500000, 0x0000000080500000|100%|HC|  |TAMS 0x0000000080500000, 0x0000000080500000| Complete 
|   5|0x0000000080500000, 0x0000000080600000, 0x0000000080600000|100%|HC|  |TAMS 0x0000000080600000, 0x0000000080600000| Complete 
|   6|0x0000000080600000, 0x0000000080700000, 0x0000000080700000|100%| O|  |TAMS 0x0000000080700000, 0x0000000080700000| Untracked 
|   7|0x0000000080700000, 0x0000000080800000, 0x0000000080800000|100%| O|  |TAMS 0x0000000080800000, 0x0000000080800000| Untracked 
|   8|0x0000000080800000, 0x0000000080900000, 0x0000000080900000|100%| O|  |TAMS 0x0000000080900000, 0x0000000080900000| Untracked 
|   9|0x0000000080900000, 0x0000000080a00000, 0x0000000080a00000|100%| O|  |TAMS 0x0000000080a00000, 0x0000000080a00000| Untracked 
|  10|0x0000000080a00000, 0x0000000080b00000, 0x0000000080b00000|100%|HS|  |TAMS 0x0000000080b00000, 0x0000000080b00000| Complete 
|  11|0x0000000080b00000, 0x0000000080c00000, 0x0000000080c00000|100%|HC|  |TAMS 0x0000000080c00000, 0x0000000080c00000| Complete 
|  12|0x0000000080c00000, 0x0000000080d00000, 0x0000000080d00000|100%|HS|  |TAMS 0x0000000080d00000, 0x0000000080d00000| Complete 
|  13|0x0000000080d00000, 0x0000000080e00000, 0x0000000080e00000|100%|HC|  |TAMS 0x0000000080e00000, 0x0000000080e00000| Complete 
|  14|0x0000000080e00000, 0x0000000080f00000, 0x0000000080f00000|100%|HC|  |TAMS 0x0000000080f00000, 0x0000000080f00000| Complete 
|  15|0x0000000080f00000, 0x0000000081000000, 0x0000000081000000|100%|HS|  |TAMS 0x0000000081000000, 0x0000000081000000| Complete 
|  16|0x0000000081000000, 0x0000000081100000, 0x0000000081100000|100%|HC|  |TAMS 0x0000000081100000, 0x0000000081100000| Complete 
|  17|0x0000000081100000, 0x0000000081200000, 0x0000000081200000|100%|HC|  |TAMS 0x0000000081200000, 0x0000000081200000| Complete 
|  18|0x0000000081200000, 0x0000000081300000, 0x0000000081300000|100%|HC|  |TAMS 0x0000000081300000, 0x0000000081300000| Complete 
|  19|0x0000000081300000, 0x0000000081400000, 0x0000000081400000|100%|HC|  |TAMS 0x0000000081400000, 0x0000000081400000| Complete 
|  20|0x0000000081400000, 0x0000000081500000, 0x0000000081500000|100%| O|  |TAMS 0x0000000081500000, 0x0000000081500000| Untracked 
|  21|0x0000000081500000, 0x0000000081600000, 0x0000000081600000|100%| O|  |TAMS 0x0000000081600000, 0x0000000081600000| Untracked 
|  22|0x0000000081600000, 0x0000000081700000, 0x0000000081700000|100%| O|  |TAMS 0x0000000081700000, 0x0000000081700000| Untracked 
|  23|0x0000000081700000, 0x0000000081800000, 0x0000000081800000|100%| O|  |TAMS 0x0000000081800000, 0x0000000081800000| Untracked 
|  24|0x0000000081800000, 0x0000000081900000, 0x0000000081900000|100%| O|  |TAMS 0x0000000081900000, 0x0000000081900000| Untracked 
|  25|0x0000000081900000, 0x0000000081a00000, 0x0000000081a00000|100%| O|  |TAMS 0x0000000081a00000, 0x0000000081a00000| Untracked 
|  26|0x0000000081a00000, 0x0000000081b00000, 0x0000000081b00000|100%| O|  |TAMS 0x0000000081b00000, 0x0000000081b00000| Untracked 
|  27|0x0000000081b00000, 0x0000000081c00000, 0x0000000081c00000|100%| O|  |TAMS 0x0000000081c00000, 0x0000000081c00000| Untracked 
|  28|0x0000000081c00000, 0x0000000081d00000, 0x0000000081d00000|100%| O|  |TAMS 0x0000000081d00000, 0x0000000081d00000| Untracked 
|  29|0x0000000081d00000, 0x0000000081e00000, 0x0000000081e00000|100%| O|  |TAMS 0x0000000081e00000, 0x0000000081e00000| Untracked 
|  30|0x0000000081e00000, 0x0000000081f00000, 0x0000000081f00000|100%| O|  |TAMS 0x0000000081f00000, 0x0000000081f00000| Untracked 
|  31|0x0000000081f00000, 0x0000000082000000, 0x0000000082000000|100%| O|  |TAMS 0x0000000082000000, 0x0000000082000000| Untracked 
|  32|0x0000000082000000, 0x0000000082100000, 0x0000000082100000|100%|HS|  |TAMS 0x0000000082100000, 0x0000000082100000| Complete 
|  33|0x0000000082100000, 0x0000000082200000, 0x0000000082200000|100%|HC|  |TAMS 0x0000000082200000, 0x0000000082200000| Complete 
|  34|0x0000000082200000, 0x0000000082300000, 0x0000000082300000|100%|HC|  |TAMS 0x0000000082300000, 0x0000000082300000| Complete 
|  35|0x0000000082300000, 0x0000000082400000, 0x0000000082400000|100%|HC|  |TAMS 0x0000000082400000, 0x0000000082400000| Complete 
|  36|0x0000000082400000, 0x0000000082500000, 0x0000000082500000|100%|HC|  |TAMS 0x0000000082500000, 0x0000000082500000| Complete 
|  37|0x0000000082500000, 0x0000000082600000, 0x0000000082600000|100%| O|  |TAMS 0x0000000082600000, 0x0000000082600000| Untracked 
|  38|0x0000000082600000, 0x0000000082700000, 0x0000000082700000|100%| O|  |TAMS 0x0000000082700000, 0x0000000082700000| Untracked 
|  39|0x0000000082700000, 0x0000000082800000, 0x0000000082800000|100%| O|  |TAMS 0x0000000082800000, 0x0000000082800000| Untracked 
|  40|0x0000000082800000, 0x0000000082900000, 0x0000000082900000|100%| O|  |TAMS 0x0000000082900000, 0x0000000082900000| Untracked 
|  41|0x0000000082900000, 0x0000000082a00000, 0x0000000082a00000|100%| O|  |TAMS 0x0000000082a00000, 0x0000000082a00000| Untracked 
|  42|0x0000000082a00000, 0x0000000082b00000, 0x0000000082b00000|100%| O|  |TAMS 0x0000000082b00000, 0x0000000082b00000| Untracked 
|  43|0x0000000082b00000, 0x0000000082c00000, 0x0000000082c00000|100%| O|  |TAMS 0x0000000082c00000, 0x0000000082c00000| Untracked 
|  44|0x0000000082c00000, 0x0000000082d00000, 0x0000000082d00000|100%|HS|  |TAMS 0x0000000082d00000, 0x0000000082d00000| Complete 
|  45|0x0000000082d00000, 0x0000000082e00000, 0x0000000082e00000|100%|HC|  |TAMS 0x0000000082e00000, 0x0000000082e00000| Complete 
|  46|0x0000000082e00000, 0x0000000082f00000, 0x0000000082f00000|100%|HC|  |TAMS 0x0000000082f00000, 0x0000000082f00000| Complete 
|  47|0x0000000082f00000, 0x0000000083000000, 0x0000000083000000|100%| O|  |TAMS 0x0000000083000000, 0x0000000083000000| Untracked 
|  48|0x0000000083000000, 0x0000000083100000, 0x0000000083100000|100%| O|  |TAMS 0x0000000083100000, 0x0000000083100000| Untracked 
|  49|0x0000000083100000, 0x0000000083200000, 0x0000000083200000|100%| O|  |TAMS 0x0000000083200000, 0x0000000083200000| Untracked 
|  50|0x0000000083200000, 0x0000000083300000, 0x0000000083300000|100%| O|  |TAMS 0x0000000083300000, 0x0000000083300000| Untracked 
|  51|0x0000000083300000, 0x0000000083400000, 0x0000000083400000|100%|HS|  |TAMS 0x0000000083400000, 0x0000000083400000| Complete 
|  52|0x0000000083400000, 0x0000000083500000, 0x0000000083500000|100%|HS|  |TAMS 0x0000000083500000, 0x0000000083500000| Complete 
|  53|0x0000000083500000, 0x0000000083600000, 0x0000000083600000|100%|HS|  |TAMS 0x0000000083600000, 0x0000000083600000| Complete 
|  54|0x0000000083600000, 0x0000000083700000, 0x0000000083700000|100%|HC|  |TAMS 0x0000000083700000, 0x0000000083700000| Complete 
|  55|0x0000000083700000, 0x0000000083800000, 0x0000000083800000|100%| O|  |TAMS 0x0000000083800000, 0x0000000083800000| Untracked 
|  56|0x0000000083800000, 0x0000000083900000, 0x0000000083900000|100%| O|  |TAMS 0x0000000083900000, 0x0000000083900000| Untracked 
|  57|0x0000000083900000, 0x0000000083a00000, 0x0000000083a00000|100%| O|  |TAMS 0x0000000083a00000, 0x0000000083a00000| Untracked 
|  58|0x0000000083a00000, 0x0000000083b00000, 0x0000000083b00000|100%| O|  |TAMS 0x0000000083b00000, 0x0000000083b00000| Untracked 
|  59|0x0000000083b00000, 0x0000000083c00000, 0x0000000083c00000|100%| O|  |TAMS 0x0000000083c00000, 0x0000000083c00000| Untracked 
|  60|0x0000000083c00000, 0x0000000083d00000, 0x0000000083d00000|100%| O|  |TAMS 0x0000000083d00000, 0x0000000083d00000| Untracked 
|  61|0x0000000083d00000, 0x0000000083e00000, 0x0000000083e00000|100%| O|  |TAMS 0x0000000083e00000, 0x0000000083e00000| Untracked 
|  62|0x0000000083e00000, 0x0000000083f00000, 0x0000000083f00000|100%| O|  |TAMS 0x0000000083f00000, 0x0000000083f00000| Untracked 
|  63|0x0000000083f00000, 0x0000000084000000, 0x0000000084000000|100%| O|  |TAMS 0x0000000084000000, 0x0000000084000000| Untracked 
|  64|0x0000000084000000, 0x0000000084100000, 0x0000000084100000|100%| O|  |TAMS 0x0000000084100000, 0x0000000084100000| Untracked 
|  65|0x0000000084100000, 0x0000000084200000, 0x0000000084200000|100%| O|  |TAMS 0x0000000084200000, 0x0000000084200000| Untracked 
|  66|0x0000000084200000, 0x0000000084300000, 0x0000000084300000|100%| O|  |TAMS 0x0000000084300000, 0x0000000084300000| Untracked 
|  67|0x0000000084300000, 0x0000000084400000, 0x0000000084400000|100%| O|  |TAMS 0x0000000084400000, 0x0000000084400000| Untracked 
|  68|0x0000000084400000, 0x0000000084500000, 0x0000000084500000|100%| O|  |TAMS 0x0000000084500000, 0x0000000084500000| Untracked 
|  69|0x0000000084500000, 0x0000000084600000, 0x0000000084600000|100%| O|  |TAMS 0x0000000084600000, 0x0000000084600000| Untracked 
|  70|0x0000000084600000, 0x0000000084700000, 0x0000000084700000|100%| O|  |TAMS 0x0000000084700000, 0x0000000084700000| Untracked 
|  71|0x0000000084700000, 0x0000000084800000, 0x0000000084800000|100%| O|  |TAMS 0x0000000084800000, 0x0000000084800000| Untracked 
|  72|0x0000000084800000, 0x0000000084900000, 0x0000000084900000|100%| O|  |TAMS 0x0000000084900000, 0x0000000084900000| Untracked 
|  73|0x0000000084900000, 0x0000000084a00000, 0x0000000084a00000|100%| O|  |TAMS 0x0000000084a00000, 0x0000000084a00000| Untracked 
|  74|0x0000000084a00000, 0x0000000084b00000, 0x0000000084b00000|100%| O|  |TAMS 0x0000000084b00000, 0x0000000084b00000| Untracked 
|  75|0x0000000084b00000, 0x0000000084c00000, 0x0000000084c00000|100%| O|  |TAMS 0x0000000084c00000, 0x0000000084c00000| Untracked 
|  76|0x0000000084c00000, 0x0000000084d00000, 0x0000000084d00000|100%| O|  |TAMS 0x0000000084d00000, 0x0000000084d00000| Untracked 
|  77|0x0000000084d00000, 0x0000000084e00000, 0x0000000084e00000|100%| O|  |TAMS 0x0000000084e00000, 0x0000000084e00000| Untracked 
|  78|0x0000000084e00000, 0x0000000084f00000, 0x0000000084f00000|100%| O|  |TAMS 0x0000000084f00000, 0x0000000084f00000| Untracked 
|  79|0x0000000084f00000, 0x0000000084f42600, 0x0000000085000000| 25%| O|  |TAMS 0x0000000084f00000, 0x0000000084f42600| Untracked 
|  80|0x0000000085000000, 0x0000000085100000, 0x0000000085100000|100%| O|  |TAMS 0x0000000085100000, 0x0000000085100000| Untracked 
|  81|0x0000000085100000, 0x0000000085200000, 0x0000000085200000|100%| O|  |TAMS 0x0000000085200000, 0x0000000085200000| Untracked 
|  82|0x0000000085200000, 0x0000000085300000, 0x0000000085300000|100%| O|  |TAMS 0x0000000085300000, 0x0000000085300000| Untracked 
|  83|0x0000000085300000, 0x0000000085400000, 0x0000000085400000|100%| O|  |TAMS 0x0000000085400000, 0x0000000085400000| Untracked 
|  84|0x0000000085400000, 0x0000000085500000, 0x0000000085500000|100%| O|  |TAMS 0x0000000085500000, 0x0000000085500000| Untracked 
|  85|0x0000000085500000, 0x0000000085600000, 0x0000000085600000|100%| O|  |TAMS 0x0000000085600000, 0x0000000085600000| Untracked 
|  86|0x0000000085600000, 0x0000000085700000, 0x0000000085700000|100%| O|  |TAMS 0x0000000085700000, 0x0000000085700000| Untracked 
|  87|0x0000000085700000, 0x0000000085800000, 0x0000000085800000|100%| O|  |TAMS 0x0000000085800000, 0x0000000085800000| Untracked 
|  88|0x0000000085800000, 0x0000000085900000, 0x0000000085900000|100%| O|  |TAMS 0x0000000085900000, 0x0000000085900000| Untracked 
|  89|0x0000000085900000, 0x0000000085a00000, 0x0000000085a00000|100%| O|  |TAMS 0x0000000085a00000, 0x0000000085a00000| Untracked 
|  90|0x0000000085a00000, 0x0000000085b00000, 0x0000000085b00000|100%| O|  |TAMS 0x0000000085b00000, 0x0000000085b00000| Untracked 
|  91|0x0000000085b00000, 0x0000000085c00000, 0x0000000085c00000|100%| O|  |TAMS 0x0000000085c00000, 0x0000000085c00000| Untracked 
|  92|0x0000000085c00000, 0x0000000085d00000, 0x0000000085d00000|100%| O|  |TAMS 0x0000000085d00000, 0x0000000085d00000| Untracked 
|  93|0x0000000085d00000, 0x0000000085e00000, 0x0000000085e00000|100%| O|  |TAMS 0x0000000085e00000, 0x0000000085e00000| Untracked 
|  94|0x0000000085e00000, 0x0000000085f00000, 0x0000000085f00000|100%| O|  |TAMS 0x0000000085f00000, 0x0000000085f00000| Untracked 
|  95|0x0000000085f00000, 0x0000000086000000, 0x0000000086000000|100%| O|  |TAMS 0x0000000086000000, 0x0000000086000000| Untracked 
|  96|0x0000000086000000, 0x0000000086100000, 0x0000000086100000|100%| O|  |TAMS 0x0000000086100000, 0x0000000086100000| Untracked 
|  97|0x0000000086100000, 0x0000000086200000, 0x0000000086200000|100%| O|  |TAMS 0x0000000086200000, 0x0000000086200000| Untracked 
|  98|0x0000000086200000, 0x0000000086300000, 0x0000000086300000|100%| O|  |TAMS 0x0000000086300000, 0x0000000086300000| Untracked 
|  99|0x0000000086300000, 0x0000000086400000, 0x0000000086400000|100%| O|  |TAMS 0x0000000086400000, 0x0000000086400000| Untracked 
| 100|0x0000000086400000, 0x0000000086500000, 0x0000000086500000|100%| O|  |TAMS 0x0000000086500000, 0x0000000086500000| Untracked 
| 101|0x0000000086500000, 0x0000000086600000, 0x0000000086600000|100%| O|  |TAMS 0x0000000086600000, 0x0000000086600000| Untracked 
| 102|0x0000000086600000, 0x0000000086700000, 0x0000000086700000|100%| O|  |TAMS 0x0000000086700000, 0x0000000086700000| Untracked 
| 103|0x0000000086700000, 0x0000000086800000, 0x0000000086800000|100%| O|  |TAMS 0x0000000086800000, 0x0000000086800000| Untracked 
| 104|0x0000000086800000, 0x0000000086900000, 0x0000000086900000|100%| O|  |TAMS 0x0000000086900000, 0x0000000086900000| Untracked 
| 105|0x0000000086900000, 0x0000000086a00000, 0x0000000086a00000|100%| O|  |TAMS 0x0000000086a00000, 0x0000000086a00000| Untracked 
| 106|0x0000000086a00000, 0x0000000086b00000, 0x0000000086b00000|100%| O|  |TAMS 0x0000000086b00000, 0x0000000086b00000| Untracked 
| 107|0x0000000086b00000, 0x0000000086c00000, 0x0000000086c00000|100%| O|  |TAMS 0x0000000086c00000, 0x0000000086c00000| Untracked 
| 108|0x0000000086c00000, 0x0000000086d00000, 0x0000000086d00000|100%| O|  |TAMS 0x0000000086d00000, 0x0000000086d00000| Untracked 
| 109|0x0000000086d00000, 0x0000000086e00000, 0x0000000086e00000|100%| O|  |TAMS 0x0000000086e00000, 0x0000000086e00000| Untracked 
| 110|0x0000000086e00000, 0x0000000086f00000, 0x0000000086f00000|100%| O|  |TAMS 0x0000000086f00000, 0x0000000086f00000| Untracked 
| 111|0x0000000086f00000, 0x0000000087000000, 0x0000000087000000|100%| O|  |TAMS 0x0000000087000000, 0x0000000087000000| Untracked 
| 112|0x0000000087000000, 0x0000000087100000, 0x0000000087100000|100%| O|  |TAMS 0x0000000087100000, 0x0000000087100000| Untracked 
| 113|0x0000000087100000, 0x0000000087200000, 0x0000000087200000|100%| O|  |TAMS 0x0000000087200000, 0x0000000087200000| Untracked 
| 114|0x0000000087200000, 0x0000000087200000, 0x0000000087300000|  0%| F|  |TAMS 0x0000000087200000, 0x0000000087200000| Untracked 
| 115|0x0000000087300000, 0x0000000087400000, 0x0000000087400000|100%| O|  |TAMS 0x0000000087400000, 0x0000000087400000| Untracked 
| 116|0x0000000087400000, 0x0000000087500000, 0x0000000087500000|100%| O|  |TAMS 0x0000000087500000, 0x0000000087500000| Untracked 
| 117|0x0000000087500000, 0x0000000087600000, 0x0000000087600000|100%| O|  |TAMS 0x0000000087600000, 0x0000000087600000| Untracked 
| 118|0x0000000087600000, 0x0000000087600000, 0x0000000087700000|  0%| F|  |TAMS 0x0000000087600000, 0x0000000087600000| Untracked 
| 119|0x0000000087700000, 0x0000000087800000, 0x0000000087800000|100%| O|  |TAMS 0x0000000087800000, 0x0000000087800000| Untracked 
| 120|0x0000000087800000, 0x0000000087900000, 0x0000000087900000|100%| O|  |TAMS 0x0000000087900000, 0x0000000087900000| Untracked 
| 121|0x0000000087900000, 0x0000000087a00000, 0x0000000087a00000|100%| O|  |TAMS 0x0000000087a00000, 0x0000000087a00000| Untracked 
| 122|0x0000000087a00000, 0x0000000087b00000, 0x0000000087b00000|100%| O|  |TAMS 0x0000000087b00000, 0x0000000087b00000| Untracked 
| 123|0x0000000087b00000, 0x0000000087c00000, 0x0000000087c00000|100%| O|  |TAMS 0x0000000087c00000, 0x0000000087c00000| Untracked 
| 124|0x0000000087c00000, 0x0000000087d00000, 0x0000000087d00000|100%| O|  |TAMS 0x0000000087d00000, 0x0000000087d00000| Untracked 
| 125|0x0000000087d00000, 0x0000000087e00000, 0x0000000087e00000|100%| O|  |TAMS 0x0000000087e00000, 0x0000000087e00000| Untracked 
| 126|0x0000000087e00000, 0x0000000087f00000, 0x0000000087f00000|100%| O|  |TAMS 0x0000000087f00000, 0x0000000087f00000| Untracked 
| 127|0x0000000087f00000, 0x0000000088000000, 0x0000000088000000|100%| O|  |TAMS 0x0000000088000000, 0x0000000088000000| Untracked 
| 128|0x0000000088000000, 0x0000000088100000, 0x0000000088100000|100%| O|  |TAMS 0x0000000088100000, 0x0000000088100000| Untracked 
| 129|0x0000000088100000, 0x0000000088200000, 0x0000000088200000|100%| O|  |TAMS 0x0000000088200000, 0x0000000088200000| Untracked 
| 130|0x0000000088200000, 0x0000000088300000, 0x0000000088300000|100%| O|  |TAMS 0x0000000088300000, 0x0000000088300000| Untracked 
| 131|0x0000000088300000, 0x0000000088400000, 0x0000000088400000|100%| O|  |TAMS 0x0000000088400000, 0x0000000088400000| Untracked 
| 132|0x0000000088400000, 0x0000000088500000, 0x0000000088500000|100%| O|  |TAMS 0x0000000088500000, 0x0000000088500000| Untracked 
| 133|0x0000000088500000, 0x0000000088600000, 0x0000000088600000|100%| O|  |TAMS 0x0000000088600000, 0x0000000088600000| Untracked 
| 134|0x0000000088600000, 0x0000000088700000, 0x0000000088700000|100%| O|  |TAMS 0x0000000088700000, 0x0000000088700000| Untracked 
| 135|0x0000000088700000, 0x0000000088800000, 0x0000000088800000|100%| O|  |TAMS 0x0000000088800000, 0x0000000088800000| Untracked 
| 136|0x0000000088800000, 0x0000000088900000, 0x0000000088900000|100%| O|  |TAMS 0x0000000088900000, 0x0000000088900000| Untracked 
| 137|0x0000000088900000, 0x0000000088a00000, 0x0000000088a00000|100%| O|  |TAMS 0x0000000088a00000, 0x0000000088a00000| Untracked 
| 138|0x0000000088a00000, 0x0000000088b00000, 0x0000000088b00000|100%| O|  |TAMS 0x0000000088b00000, 0x0000000088b00000| Untracked 
| 139|0x0000000088b00000, 0x0000000088c00000, 0x0000000088c00000|100%| O|  |TAMS 0x0000000088c00000, 0x0000000088c00000| Untracked 
| 140|0x0000000088c00000, 0x0000000088d00000, 0x0000000088d00000|100%| O|  |TAMS 0x0000000088d00000, 0x0000000088d00000| Untracked 
| 141|0x0000000088d00000, 0x0000000088d00000, 0x0000000088e00000|  0%| F|  |TAMS 0x0000000088d00000, 0x0000000088d00000| Untracked 
| 142|0x0000000088e00000, 0x0000000088f00000, 0x0000000088f00000|100%| O|  |TAMS 0x0000000088f00000, 0x0000000088f00000| Untracked 
| 143|0x0000000088f00000, 0x0000000089000000, 0x0000000089000000|100%| O|  |TAMS 0x0000000089000000, 0x0000000089000000| Untracked 
| 144|0x0000000089000000, 0x0000000089100000, 0x0000000089100000|100%| O|  |TAMS 0x0000000089100000, 0x0000000089100000| Untracked 
| 145|0x0000000089100000, 0x0000000089200000, 0x0000000089200000|100%| O|  |TAMS 0x0000000089200000, 0x0000000089200000| Untracked 
| 146|0x0000000089200000, 0x0000000089300000, 0x0000000089300000|100%| O|  |TAMS 0x0000000089300000, 0x0000000089300000| Untracked 
| 147|0x0000000089300000, 0x0000000089400000, 0x0000000089400000|100%| O|  |TAMS 0x0000000089400000, 0x0000000089400000| Untracked 
| 148|0x0000000089400000, 0x0000000089400000, 0x0000000089500000|  0%| F|  |TAMS 0x0000000089400000, 0x0000000089400000| Untracked 
| 149|0x0000000089500000, 0x0000000089600000, 0x0000000089600000|100%| O|  |TAMS 0x0000000089600000, 0x0000000089600000| Untracked 
| 150|0x0000000089600000, 0x0000000089700000, 0x0000000089700000|100%| O|  |TAMS 0x0000000089700000, 0x0000000089700000| Untracked 
| 151|0x0000000089700000, 0x0000000089800000, 0x0000000089800000|100%| O|  |TAMS 0x0000000089800000, 0x0000000089800000| Untracked 
| 152|0x0000000089800000, 0x0000000089900000, 0x0000000089900000|100%| O|  |TAMS 0x0000000089900000, 0x0000000089900000| Untracked 
| 153|0x0000000089900000, 0x0000000089a00000, 0x0000000089a00000|100%| O|  |TAMS 0x0000000089a00000, 0x0000000089a00000| Untracked 
| 154|0x0000000089a00000, 0x0000000089b00000, 0x0000000089b00000|100%| O|  |TAMS 0x0000000089b00000, 0x0000000089b00000| Untracked 
| 155|0x0000000089b00000, 0x0000000089b00000, 0x0000000089c00000|  0%| F|  |TAMS 0x0000000089b00000, 0x0000000089b00000| Untracked 
| 156|0x0000000089c00000, 0x0000000089d00000, 0x0000000089d00000|100%| O|  |TAMS 0x0000000089d00000, 0x0000000089d00000| Untracked 
| 157|0x0000000089d00000, 0x0000000089e00000, 0x0000000089e00000|100%| O|  |TAMS 0x0000000089e00000, 0x0000000089e00000| Untracked 
| 158|0x0000000089e00000, 0x0000000089f00000, 0x0000000089f00000|100%| O|  |TAMS 0x0000000089f00000, 0x0000000089f00000| Untracked 
| 159|0x0000000089f00000, 0x000000008a000000, 0x000000008a000000|100%| O|  |TAMS 0x000000008a000000, 0x000000008a000000| Untracked 
| 160|0x000000008a000000, 0x000000008a100000, 0x000000008a100000|100%| O|  |TAMS 0x000000008a100000, 0x000000008a100000| Untracked 
| 161|0x000000008a100000, 0x000000008a100000, 0x000000008a200000|  0%| F|  |TAMS 0x000000008a100000, 0x000000008a100000| Untracked 
| 162|0x000000008a200000, 0x000000008a300000, 0x000000008a300000|100%| O|  |TAMS 0x000000008a300000, 0x000000008a300000| Untracked 
| 163|0x000000008a300000, 0x000000008a400000, 0x000000008a400000|100%| O|  |TAMS 0x000000008a400000, 0x000000008a400000| Untracked 
| 164|0x000000008a400000, 0x000000008a500000, 0x000000008a500000|100%| O|  |TAMS 0x000000008a500000, 0x000000008a500000| Untracked 
| 165|0x000000008a500000, 0x000000008a600000, 0x000000008a600000|100%| O|  |TAMS 0x000000008a600000, 0x000000008a600000| Untracked 
| 166|0x000000008a600000, 0x000000008a700000, 0x000000008a700000|100%| O|  |TAMS 0x000000008a657800, 0x000000008a700000| Untracked 
| 167|0x000000008a700000, 0x000000008a700000, 0x000000008a800000|  0%| F|  |TAMS 0x000000008a700000, 0x000000008a700000| Untracked 
| 168|0x000000008a800000, 0x000000008a800000, 0x000000008a900000|  0%| F|  |TAMS 0x000000008a800000, 0x000000008a800000| Untracked 
| 169|0x000000008a900000, 0x000000008a900000, 0x000000008aa00000|  0%| F|  |TAMS 0x000000008a900000, 0x000000008a900000| Untracked 
| 170|0x000000008aa00000, 0x000000008aa00000, 0x000000008ab00000|  0%| F|  |TAMS 0x000000008aa00000, 0x000000008aa00000| Untracked 
| 171|0x000000008ab00000, 0x000000008ab00000, 0x000000008ac00000|  0%| F|  |TAMS 0x000000008ab00000, 0x000000008ab00000| Untracked 
| 172|0x000000008ac00000, 0x000000008ac00000, 0x000000008ad00000|  0%| F|  |TAMS 0x000000008ac00000, 0x000000008ac00000| Untracked 
| 173|0x000000008ad00000, 0x000000008ad00000, 0x000000008ae00000|  0%| F|  |TAMS 0x000000008ad00000, 0x000000008ad00000| Untracked 
| 174|0x000000008ae00000, 0x000000008ae00000, 0x000000008af00000|  0%| F|  |TAMS 0x000000008ae00000, 0x000000008ae00000| Untracked 
| 175|0x000000008af00000, 0x000000008af00000, 0x000000008b000000|  0%| F|  |TAMS 0x000000008af00000, 0x000000008af00000| Untracked 
| 176|0x000000008b000000, 0x000000008b000000, 0x000000008b100000|  0%| F|  |TAMS 0x000000008b000000, 0x000000008b000000| Untracked 
| 177|0x000000008b100000, 0x000000008b100000, 0x000000008b200000|  0%| F|  |TAMS 0x000000008b100000, 0x000000008b100000| Untracked 
| 178|0x000000008b200000, 0x000000008b200000, 0x000000008b300000|  0%| F|  |TAMS 0x000000008b200000, 0x000000008b200000| Untracked 
| 179|0x000000008b300000, 0x000000008b300000, 0x000000008b400000|  0%| F|  |TAMS 0x000000008b300000, 0x000000008b300000| Untracked 
| 180|0x000000008b400000, 0x000000008b400000, 0x000000008b500000|  0%| F|  |TAMS 0x000000008b400000, 0x000000008b400000| Untracked 
| 181|0x000000008b500000, 0x000000008b500000, 0x000000008b600000|  0%| F|  |TAMS 0x000000008b500000, 0x000000008b500000| Untracked 
| 182|0x000000008b600000, 0x000000008b600000, 0x000000008b700000|  0%| F|  |TAMS 0x000000008b600000, 0x000000008b600000| Untracked 
| 183|0x000000008b700000, 0x000000008b700000, 0x000000008b800000|  0%| F|  |TAMS 0x000000008b700000, 0x000000008b700000| Untracked 
| 184|0x000000008b800000, 0x000000008b800000, 0x000000008b900000|  0%| F|  |TAMS 0x000000008b800000, 0x000000008b800000| Untracked 
| 185|0x000000008b900000, 0x000000008b900000, 0x000000008ba00000|  0%| F|  |TAMS 0x000000008b900000, 0x000000008b900000| Untracked 
| 186|0x000000008ba00000, 0x000000008ba00000, 0x000000008bb00000|  0%| F|  |TAMS 0x000000008ba00000, 0x000000008ba00000| Untracked 
| 187|0x000000008bb00000, 0x000000008bb00000, 0x000000008bc00000|  0%| F|  |TAMS 0x000000008bb00000, 0x000000008bb00000| Untracked 
| 188|0x000000008bc00000, 0x000000008bc00000, 0x000000008bd00000|  0%| F|  |TAMS 0x000000008bc00000, 0x000000008bc00000| Untracked 
| 189|0x000000008bd00000, 0x000000008bd3d300, 0x000000008be00000| 23%| S|CS|TAMS 0x000000008bd00000, 0x000000008bd00000| Complete 
| 190|0x000000008be00000, 0x000000008bf00000, 0x000000008bf00000|100%| S|CS|TAMS 0x000000008be00000, 0x000000008be00000| Complete 
| 191|0x000000008bf00000, 0x000000008bf00000, 0x000000008c000000|  0%| F|  |TAMS 0x000000008bf00000, 0x000000008bf00000| Untracked 
| 192|0x000000008c000000, 0x000000008c000000, 0x000000008c100000|  0%| F|  |TAMS 0x000000008c000000, 0x000000008c000000| Untracked 
| 193|0x000000008c100000, 0x000000008c100000, 0x000000008c200000|  0%| F|  |TAMS 0x000000008c100000, 0x000000008c100000| Untracked 
| 194|0x000000008c200000, 0x000000008c200000, 0x000000008c300000|  0%| F|  |TAMS 0x000000008c200000, 0x000000008c200000| Untracked 
| 195|0x000000008c300000, 0x000000008c300000, 0x000000008c400000|  0%| F|  |TAMS 0x000000008c300000, 0x000000008c300000| Untracked 
| 196|0x000000008c400000, 0x000000008c400000, 0x000000008c500000|  0%| F|  |TAMS 0x000000008c400000, 0x000000008c400000| Untracked 
| 197|0x000000008c500000, 0x000000008c500000, 0x000000008c600000|  0%| F|  |TAMS 0x000000008c500000, 0x000000008c500000| Untracked 
| 198|0x000000008c600000, 0x000000008c600000, 0x000000008c700000|  0%| F|  |TAMS 0x000000008c600000, 0x000000008c600000| Untracked 
| 199|0x000000008c700000, 0x000000008c700000, 0x000000008c800000|  0%| F|  |TAMS 0x000000008c700000, 0x000000008c700000| Untracked 
| 200|0x000000008c800000, 0x000000008c800000, 0x000000008c900000|  0%| F|  |TAMS 0x000000008c800000, 0x000000008c800000| Untracked 
| 201|0x000000008c900000, 0x000000008c900000, 0x000000008ca00000|  0%| F|  |TAMS 0x000000008c900000, 0x000000008c900000| Untracked 
| 202|0x000000008ca00000, 0x000000008ca00000, 0x000000008cb00000|  0%| F|  |TAMS 0x000000008ca00000, 0x000000008ca00000| Untracked 
| 203|0x000000008cb00000, 0x000000008cb00000, 0x000000008cc00000|  0%| F|  |TAMS 0x000000008cb00000, 0x000000008cb00000| Untracked 
| 204|0x000000008cc00000, 0x000000008cc00000, 0x000000008cd00000|  0%| F|  |TAMS 0x000000008cc00000, 0x000000008cc00000| Untracked 
| 205|0x000000008cd00000, 0x000000008cd00000, 0x000000008ce00000|  0%| F|  |TAMS 0x000000008cd00000, 0x000000008cd00000| Untracked 
| 206|0x000000008ce00000, 0x000000008ce00000, 0x000000008cf00000|  0%| F|  |TAMS 0x000000008ce00000, 0x000000008ce00000| Untracked 
| 207|0x000000008cf00000, 0x000000008cf00000, 0x000000008d000000|  0%| F|  |TAMS 0x000000008cf00000, 0x000000008cf00000| Untracked 
| 208|0x000000008d000000, 0x000000008d000000, 0x000000008d100000|  0%| F|  |TAMS 0x000000008d000000, 0x000000008d000000| Untracked 
| 209|0x000000008d100000, 0x000000008d100000, 0x000000008d200000|  0%| F|  |TAMS 0x000000008d100000, 0x000000008d100000| Untracked 
| 210|0x000000008d200000, 0x000000008d200000, 0x000000008d300000|  0%| F|  |TAMS 0x000000008d200000, 0x000000008d200000| Untracked 
| 211|0x000000008d300000, 0x000000008d300000, 0x000000008d400000|  0%| F|  |TAMS 0x000000008d300000, 0x000000008d300000| Untracked 
| 212|0x000000008d400000, 0x000000008d400000, 0x000000008d500000|  0%| F|  |TAMS 0x000000008d400000, 0x000000008d400000| Untracked 
| 213|0x000000008d500000, 0x000000008d500000, 0x000000008d600000|  0%| F|  |TAMS 0x000000008d500000, 0x000000008d500000| Untracked 
| 214|0x000000008d600000, 0x000000008d600000, 0x000000008d700000|  0%| F|  |TAMS 0x000000008d600000, 0x000000008d600000| Untracked 
| 215|0x000000008d700000, 0x000000008d700000, 0x000000008d800000|  0%| F|  |TAMS 0x000000008d700000, 0x000000008d700000| Untracked 
| 216|0x000000008d800000, 0x000000008d800000, 0x000000008d900000|  0%| F|  |TAMS 0x000000008d800000, 0x000000008d800000| Untracked 
| 217|0x000000008d900000, 0x000000008d900000, 0x000000008da00000|  0%| F|  |TAMS 0x000000008d900000, 0x000000008d900000| Untracked 
| 218|0x000000008da00000, 0x000000008da00000, 0x000000008db00000|  0%| F|  |TAMS 0x000000008da00000, 0x000000008da00000| Untracked 
| 219|0x000000008db00000, 0x000000008db00000, 0x000000008dc00000|  0%| F|  |TAMS 0x000000008db00000, 0x000000008db00000| Untracked 
| 220|0x000000008dc00000, 0x000000008dc00000, 0x000000008dd00000|  0%| F|  |TAMS 0x000000008dc00000, 0x000000008dc00000| Untracked 
| 221|0x000000008dd00000, 0x000000008dd00000, 0x000000008de00000|  0%| F|  |TAMS 0x000000008dd00000, 0x000000008dd00000| Untracked 

Card table byte_map: [0x000001bff6390000,0x000001bff6790000] _byte_map_base: 0x000001bff5f90000

Marking Bits (Prev, Next): (CMBitMap*) 0x000001bff24f0320, (CMBitMap*) 0x000001bff24f02e8
 Prev Bits: [0x000001bff8b90000, 0x000001bffab90000)
 Next Bits: [0x000001bff6b90000, 0x000001bff8b90000)

Polling page: 0x000001bff0650000

Metaspace:

Usage:
  Non-class:    118.29 MB capacity,   115.92 MB ( 98%) used,     1.96 MB (  2%) free+waste,   421.13 KB ( <1%) overhead. 
      Class:     17.49 MB capacity,    16.18 MB ( 93%) used,     1.12 MB (  6%) free+waste,   184.00 KB (  1%) overhead. 
       Both:    135.78 MB capacity,   132.10 MB ( 97%) used,     3.09 MB (  2%) free+waste,   605.13 KB ( <1%) overhead. 

Virtual space:
  Non-class space:      120.00 MB reserved,     118.32 MB ( 99%) committed 
      Class space:        1.00 GB reserved,      17.58 MB (  2%) committed 
             Both:        1.12 GB reserved,     135.90 MB ( 12%) committed 

Chunk freelists:
   Non-Class:  30.00 KB
       Class:  46.00 KB
        Both:  76.00 KB

MaxMetaspaceSize: 17179869184.00 GB
CompressedClassSpaceSize: 1.00 GB

CodeHeap 'non-profiled nmethods': size=120064Kb used=20071Kb max_used=20570Kb free=99993Kb
 bounds [0x000001bf87ac0000, 0x000001bf88ee0000, 0x000001bf8f000000]
CodeHeap 'profiled nmethods': size=120000Kb used=52028Kb max_used=52028Kb free=67971Kb
 bounds [0x000001bf80590000, 0x000001bf838f0000, 0x000001bf87ac0000]
CodeHeap 'non-nmethods': size=5696Kb used=2367Kb max_used=2438Kb free=3329Kb
 bounds [0x000001bf80000000, 0x000001bf80270000, 0x000001bf80590000]
 total_blobs=23945 nmethods=22952 adapters=903
 compilation: enabled
              stopped_count=0, restarted_count=0
 full_count=0

Compilation events (20 events):
Event: 6762.124 Thread 0x000001bffda11000 27193       2       com.android.tools.r8.internal.Nv$b::d (124 bytes)
Event: 6762.125 Thread 0x000001bffda11000 nmethod 27193 0x000001bf81f31a90 code [0x000001bf81f31cc0, 0x000001bf81f32008]
Event: 6762.128 Thread 0x000001bffda11000 27195       2       com.android.tools.r8.internal.Dg::M (2 bytes)
Event: 6762.128 Thread 0x000001bffda11000 nmethod 27195 0x000001bf81c8e290 code [0x000001bf81c8e440, 0x000001bf81c8e538]
Event: 6762.128 Thread 0x000001bffda11000 27196       2       com.android.tools.r8.internal.tz::b (26 bytes)
Event: 6762.129 Thread 0x000001bffda11000 nmethod 27196 0x000001bf81f65910 code [0x000001bf81f65ae0, 0x000001bf81f65de8]
Event: 6762.141 Thread 0x000001bffda11000 27198       2       java.util.TimSort::mergeLo (659 bytes)
Event: 6762.144 Thread 0x000001bffda11000 nmethod 27198 0x000001bf820a0290 code [0x000001bf820a0580, 0x000001bf820a1e58]
Event: 6762.144 Thread 0x000001bffda11000 27199       2       java.util.TimSort::gallopRight (335 bytes)
Event: 6762.145 Thread 0x000001bffda11000 nmethod 27199 0x000001bf81f6fa90 code [0x000001bf81f6fca0, 0x000001bf81f702b8]
Event: 6762.146 Thread 0x000001bffda11000 27200       2       com.android.tools.r8.code.O0::<init> (72 bytes)
Event: 6762.147 Thread 0x000001bffda11000 nmethod 27200 0x000001bf81d67b90 code [0x000001bf81d67d40, 0x000001bf81d67e58]
Event: 6762.147 Thread 0x000001bffda11000 27201       2       com.android.tools.r8.code.O0::hashCode (21 bytes)
Event: 6762.147 Thread 0x000001bffda11000 nmethod 27201 0x000001bf81f31610 code [0x000001bf81f317c0, 0x000001bf81f31908]
Event: 6762.155 Thread 0x000001bffda11000 27202       2       com.android.tools.r8.internal.Mv$$Lambda$1820/0x000000010113e040::apply (8 bytes)
Event: 6762.155 Thread 0x000001bffda11000 nmethod 27202 0x000001bf81f85b90 code [0x000001bf81f85d40, 0x000001bf81f85f38]
Event: 6762.162 Thread 0x000001bffda11000 27203       2       com.android.tools.r8.internal.qr::b (23 bytes)
Event: 6762.162 Thread 0x000001bffda11000 nmethod 27203 0x000001bf81f88910 code [0x000001bf81f88ae0, 0x000001bf81f88da8]
Event: 6762.176 Thread 0x000001bf93e48000 nmethod 27010 0x000001bf88887110 code [0x000001bf88887740, 0x000001bf8888e7d0]
Event: 6762.177 Thread 0x000001bf93e48000 27155 %     4       com.android.tools.r8.graph.c0::a @ 8 (258 bytes)

GC Heap History (20 events):
Event: 6755.369 GC heap after
{Heap after GC invocations=218 (full 0):
 garbage-first heap   total 227328K, used 165342K [0x0000000080000000, 0x0000000100000000)
  region size 1024K, 2 young (2048K), 2 survivors (2048K)
 Metaspace       used 129595K, capacity 133220K, committed 133404K, reserved 1165312K
  class space    used 15805K, capacity 17060K, committed 17108K, reserved 1048576K
}
Event: 6756.040 GC heap before
{Heap before GC invocations=218 (full 0):
 garbage-first heap   total 227328K, used 190942K [0x0000000080000000, 0x0000000100000000)
  region size 1024K, 27 young (27648K), 2 survivors (2048K)
 Metaspace       used 131651K, capacity 135313K, committed 135580K, reserved 1167360K
  class space    used 16181K, capacity 17469K, committed 17492K, reserved 1048576K
}
Event: 6756.060 GC heap after
{Heap after GC invocations=219 (full 0):
 garbage-first heap   total 227328K, used 167783K [0x0000000080000000, 0x0000000100000000)
  region size 1024K, 4 young (4096K), 4 survivors (4096K)
 Metaspace       used 131651K, capacity 135313K, committed 135580K, reserved 1167360K
  class space    used 16181K, capacity 17469K, committed 17492K, reserved 1048576K
}
Event: 6756.571 GC heap before
{Heap before GC invocations=219 (full 0):
 garbage-first heap   total 227328K, used 192359K [0x0000000080000000, 0x0000000100000000)
  region size 1024K, 28 young (28672K), 4 survivors (4096K)
 Metaspace       used 132590K, capacity 136312K, committed 136604K, reserved 1169408K
  class space    used 16368K, capacity 17674K, committed 17748K, reserved 1048576K
}
Event: 6756.583 GC heap after
{Heap after GC invocations=220 (full 0):
 garbage-first heap   total 227328K, used 168359K [0x0000000080000000, 0x0000000100000000)
  region size 1024K, 1 young (1024K), 1 survivors (1024K)
 Metaspace       used 132590K, capacity 136312K, committed 136604K, reserved 1169408K
  class space    used 16368K, capacity 17674K, committed 17748K, reserved 1048576K
}
Event: 6757.310 GC heap before
{Heap before GC invocations=221 (full 0):
 garbage-first heap   total 227328K, used 191911K [0x0000000080000000, 0x0000000100000000)
  region size 1024K, 25 young (25600K), 1 survivors (1024K)
 Metaspace       used 133489K, capacity 137295K, committed 137500K, reserved 1169408K
  class space    used 16472K, capacity 17804K, committed 17876K, reserved 1048576K
}
Event: 6757.315 GC heap after
{Heap after GC invocations=222 (full 0):
 garbage-first heap   total 227328K, used 168443K [0x0000000080000000, 0x0000000100000000)
  region size 1024K, 1 young (1024K), 1 survivors (1024K)
 Metaspace       used 133489K, capacity 137295K, committed 137500K, reserved 1169408K
  class space    used 16472K, capacity 17804K, committed 17876K, reserved 1048576K
}
Event: 6757.714 GC heap before
{Heap before GC invocations=222 (full 0):
 garbage-first heap   total 227328K, used 178683K [0x0000000080000000, 0x0000000100000000)
  region size 1024K, 11 young (11264K), 1 survivors (1024K)
 Metaspace       used 133852K, capacity 137673K, committed 137756K, reserved 1169408K
  class space    used 16496K, capacity 17837K, committed 17876K, reserved 1048576K
}
Event: 6757.730 GC heap after
{Heap after GC invocations=223 (full 0):
 garbage-first heap   total 227328K, used 164865K [0x0000000080000000, 0x0000000100000000)
  region size 1024K, 1 young (1024K), 1 survivors (1024K)
 Metaspace       used 133852K, capacity 137673K, committed 137756K, reserved 1169408K
  class space    used 16496K, capacity 17837K, committed 17876K, reserved 1048576K
}
Event: 6758.827 GC heap before
{Heap before GC invocations=223 (full 0):
 garbage-first heap   total 227328K, used 192513K [0x0000000080000000, 0x0000000100000000)
  region size 1024K, 28 young (28672K), 1 survivors (1024K)
 Metaspace       used 134633K, capacity 138478K, committed 138652K, reserved 1169408K
  class space    used 16569K, capacity 17909K, committed 18004K, reserved 1048576K
}
Event: 6758.835 GC heap after
{Heap after GC invocations=224 (full 0):
 garbage-first heap   total 227328K, used 165214K [0x0000000080000000, 0x0000000100000000)
  region size 1024K, 1 young (1024K), 1 survivors (1024K)
 Metaspace       used 134633K, capacity 138478K, committed 138652K, reserved 1169408K
  class space    used 16569K, capacity 17909K, committed 18004K, reserved 1048576K
}
Event: 6760.025 GC heap before
{Heap before GC invocations=225 (full 0):
 garbage-first heap   total 227328K, used 193886K [0x0000000080000000, 0x0000000100000000)
  region size 1024K, 29 young (29696K), 1 survivors (1024K)
 Metaspace       used 134794K, capacity 138594K, committed 138908K, reserved 1171456K
  class space    used 16549K, capacity 17870K, committed 18004K, reserved 1048576K
}
Event: 6760.035 GC heap after
{Heap after GC invocations=226 (full 0):
 garbage-first heap   total 227328K, used 165698K [0x0000000080000000, 0x0000000100000000)
  region size 1024K, 2 young (2048K), 2 survivors (2048K)
 Metaspace       used 134794K, capacity 138594K, committed 138908K, reserved 1171456K
  class space    used 16549K, capacity 17870K, committed 18004K, reserved 1048576K
}
Event: 6760.482 GC heap before
{Heap before GC invocations=226 (full 0):
 garbage-first heap   total 227328K, used 194370K [0x0000000080000000, 0x0000000100000000)
  region size 1024K, 30 young (30720K), 2 survivors (2048K)
 Metaspace       used 134888K, capacity 138672K, committed 138908K, reserved 1171456K
  class space    used 16551K, capacity 17874K, committed 18004K, reserved 1048576K
}
Event: 6760.488 GC heap after
{Heap after GC invocations=227 (full 0):
 garbage-first heap   total 227328K, used 165478K [0x0000000080000000, 0x0000000100000000)
  region size 1024K, 2 young (2048K), 2 survivors (2048K)
 Metaspace       used 134888K, capacity 138672K, committed 138908K, reserved 1171456K
  class space    used 16551K, capacity 17874K, committed 18004K, reserved 1048576K
}
Event: 6761.571 GC heap before
{Heap before GC invocations=228 (full 0):
 garbage-first heap   total 227328K, used 195174K [0x0000000080000000, 0x0000000100000000)
  region size 1024K, 31 young (31744K), 2 survivors (2048K)
 Metaspace       used 135071K, capacity 138838K, committed 139164K, reserved 1171456K
  class space    used 16571K, capacity 17906K, committed 18004K, reserved 1048576K
}
Event: 6761.580 GC heap after
{Heap after GC invocations=229 (full 0):
 garbage-first heap   total 227328K, used 165516K [0x0000000080000000, 0x0000000100000000)
  region size 1024K, 2 young (2048K), 2 survivors (2048K)
 Metaspace       used 135071K, capacity 138838K, committed 139164K, reserved 1171456K
  class space    used 16571K, capacity 17906K, committed 18004K, reserved 1048576K
}
Event: 6761.656 GC heap before
{Heap before GC invocations=229 (full 0):
 garbage-first heap   total 227328K, used 174732K [0x0000000080000000, 0x0000000100000000)
  region size 1024K, 11 young (11264K), 2 survivors (2048K)
 Metaspace       used 135084K, capacity 138903K, committed 139164K, reserved 1171456K
  class space    used 16571K, capacity 17906K, committed 18004K, reserved 1048576K
}
Event: 6761.666 GC heap after
{Heap after GC invocations=230 (full 0):
 garbage-first heap   total 227328K, used 165434K [0x0000000080000000, 0x0000000100000000)
  region size 1024K, 2 young (2048K), 2 survivors (2048K)
 Metaspace       used 135084K, capacity 138903K, committed 139164K, reserved 1171456K
  class space    used 16571K, capacity 17906K, committed 18004K, reserved 1048576K
}
Event: 6762.210 GC heap before
{Heap before GC invocations=230 (full 0):
 garbage-first heap   total 227328K, used 195130K [0x0000000080000000, 0x0000000100000000)
  region size 1024K, 31 young (31744K), 2 survivors (2048K)
 Metaspace       used 135271K, capacity 139036K, committed 139164K, reserved 1171456K
  class space    used 16571K, capacity 17906K, committed 18004K, reserved 1048576K
}

Deoptimization events (20 events):
Event: 6761.154 Thread 0x000001bf8f703000 Uncommon trap: trap_request=0xffffff7e fr.pc=0x000001bf88722c80 relative=0x0000000000004c60
Event: 6761.154 Thread 0x000001bf8f703000 Uncommon trap: reason=predicate action=maybe_recompile pc=0x000001bf88722c80 method=com.android.tools.r8.internal.Nv.a(Lcom/android/tools/r8/internal/Me;Ljava/util/Set;)Z @ 337 c2
Event: 6761.154 Thread 0x000001bf8f703000 DEOPT PACKING pc=0x000001bf88722c80 sp=0x00000067b98f9520
Event: 6761.154 Thread 0x000001bf8f703000 DEOPT UNPACKING pc=0x000001bf800278af sp=0x00000067b98f9578 mode 2
Event: 6761.604 Thread 0x000001bf8f703000 Uncommon trap: trap_request=0xffffffbe fr.pc=0x000001bf88e89534 relative=0x0000000000000214
Event: 6761.604 Thread 0x000001bf8f703000 Uncommon trap: reason=profile_predicate action=maybe_recompile pc=0x000001bf88e89534 method=com.android.tools.r8.graph.c0.a([C)I @ 8 c2
Event: 6761.604 Thread 0x000001bf8f703000 DEOPT PACKING pc=0x000001bf88e89534 sp=0x00000067b98f9f50
Event: 6761.604 Thread 0x000001bf8f703000 DEOPT UNPACKING pc=0x000001bf800278af sp=0x00000067b98f9ed8 mode 2
Event: 6761.604 Thread 0x000001bf8f703000 Uncommon trap: trap_request=0xffffffbe fr.pc=0x000001bf88e89534 relative=0x0000000000000214
Event: 6761.604 Thread 0x000001bf8f703000 Uncommon trap: reason=profile_predicate action=maybe_recompile pc=0x000001bf88e89534 method=com.android.tools.r8.graph.c0.a([C)I @ 8 c2
Event: 6761.604 Thread 0x000001bf8f703000 DEOPT PACKING pc=0x000001bf88e89534 sp=0x00000067b98f9f50
Event: 6761.604 Thread 0x000001bf8f703000 DEOPT UNPACKING pc=0x000001bf800278af sp=0x00000067b98f9ed8 mode 2
Event: 6761.634 Thread 0x000001bf8f940000 Uncommon trap: trap_request=0xffffff4d fr.pc=0x000001bf87e90070 relative=0x00000000000007b0
Event: 6761.634 Thread 0x000001bf8f940000 Uncommon trap: reason=unstable_if action=reinterpret pc=0x000001bf87e90070 method=com.android.tools.r8.ir.regalloc.b.g(I)Lcom/android/tools/r8/ir/regalloc/b; @ 132 c2
Event: 6761.634 Thread 0x000001bf8f940000 DEOPT PACKING pc=0x000001bf87e90070 sp=0x00000067b97f9550
Event: 6761.634 Thread 0x000001bf8f940000 DEOPT UNPACKING pc=0x000001bf800278af sp=0x00000067b97f94e0 mode 2
Event: 6761.688 Thread 0x000001bf8f93f000 Uncommon trap: trap_request=0xffffff4d fr.pc=0x000001bf88ec1954 relative=0x00000000000007f4
Event: 6761.688 Thread 0x000001bf8f93f000 Uncommon trap: reason=unstable_if action=reinterpret pc=0x000001bf88ec1954 method=com.android.tools.r8.internal.Ah$e.contains(Ljava/lang/Object;)Z @ 124 c2
Event: 6761.688 Thread 0x000001bf8f93f000 DEOPT PACKING pc=0x000001bf88ec1954 sp=0x00000067b94f9cd0
Event: 6761.688 Thread 0x000001bf8f93f000 DEOPT UNPACKING pc=0x000001bf800278af sp=0x00000067b94f9b98 mode 2

Classes redefined (0 events):
No events

Internal exceptions (20 events):
Event: 6751.001 Thread 0x000001bf8f93f000 Exception <a 'java/lang/IncompatibleClassChangeError'{0x000000008bc11980}: Found class java.lang.Object, but interface was expected> (0x000000008bc11980) thrown at [./src/hotspot/share/interpreter/linkResolver.cpp, line 839]
Event: 6751.840 Thread 0x000001bf8f93f000 Exception <a 'java/lang/NoSuchMethodError'{0x000000008b8c7db0}: 'java.lang.Object java.lang.invoke.DirectMethodHandle$Holder.invokeStatic(java.lang.Object, long)'> (0x000000008b8c7db0) thrown at [./src/hotspot/share/interpreter/linkResolver.cpp, line 773]
Event: 6752.709 Thread 0x000001bf8f940000 Exception <a 'java/lang/NoSuchMethodError'{0x000000008d653a00}: 'void java.lang.invoke.DirectMethodHandle$Holder.invokeStatic(java.lang.Object, java.lang.Object, java.lang.Object, int)'> (0x000000008d653a00) thrown at [./src/hotspot/share/interpreter/linkResolver.cpp, line 773]
Event: 6752.764 Thread 0x000001bf8f940000 Exception <a 'java/lang/IncompatibleClassChangeError'{0x000000008d65d8c0}: Found class java.lang.Object, but interface was expected> (0x000000008d65d8c0) thrown at [./src/hotspot/share/interpreter/linkResolver.cpp, line 839]
Event: 6755.316 Thread 0x000001bf8f940000 Implicit null exception at 0x000001bf87caec1f to 0x000001bf87cb0020
Event: 6755.742 Thread 0x000001bf8f93f000 Exception <a 'java/lang/NoSuchMethodError'{0x000000008cfd5ce0}: 'java.lang.Object java.lang.invoke.DirectMethodHandle$Holder.invokeVirtual(java.lang.Object, java.lang.Object, int, java.lang.Object)'> (0x000000008cfd5ce0) thrown at [./src/hotspot/share/interpreter/linkResolver.cpp, line 773]
Event: 6755.742 Thread 0x000001bf8f703000 Exception <a 'java/lang/NoSuchMethodError'{0x000000008cda52c8}: 'java.lang.Object java.lang.invoke.DirectMethodHandle$Holder.invokeVirtual(java.lang.Object, java.lang.Object, int, java.lang.Object)'> (0x000000008cda52c8) thrown at [./src/hotspot/share/interpreter/linkResolver.cpp, line 773]
Event: 6755.742 Thread 0x000001bf8f940000 Exception <a 'java/lang/NoSuchMethodError'{0x000000008cc649d8}: 'java.lang.Object java.lang.invoke.DirectMethodHandle$Holder.invokeVirtual(java.lang.Object, java.lang.Object, int, java.lang.Object)'> (0x000000008cc649d8) thrown at [./src/hotspot/share/interpreter/linkResolver.cpp, line 773]
Event: 6755.769 Thread 0x000001bf8f940000 Exception <a 'java/lang/IncompatibleClassChangeError'{0x000000008ccb1988}: Found class java.lang.Object, but interface was expected> (0x000000008ccb1988) thrown at [./src/hotspot/share/interpreter/linkResolver.cpp, line 839]
Event: 6755.769 Thread 0x000001bf8f703000 Exception <a 'java/lang/IncompatibleClassChangeError'{0x000000008cb1a9d0}: Found class java.lang.Object, but interface was expected> (0x000000008cb1a9d0) thrown at [./src/hotspot/share/interpreter/linkResolver.cpp, line 839]
Event: 6755.770 Thread 0x000001bf8f93f000 Exception <a 'java/lang/IncompatibleClassChangeError'{0x000000008cb52d50}: Found class java.lang.Object, but interface was expected> (0x000000008cb52d50) thrown at [./src/hotspot/share/interpreter/linkResolver.cpp, line 839]
Event: 6755.770 Thread 0x000001bf8f940000 Exception <a 'java/lang/IncompatibleClassChangeError'{0x000000008cb738f0}: Found class java.lang.Object, but interface was expected> (0x000000008cb738f0) thrown at [./src/hotspot/share/interpreter/linkResolver.cpp, line 839]
Event: 6755.815 Thread 0x000001bffdfe7800 Exception <a 'java/lang/NoSuchMethodError'{0x000000008cab5e08}: 'java.lang.Object java.lang.invoke.DirectMethodHandle$Holder.invokeVirtual(java.lang.Object, java.lang.Object, int)'> (0x000000008cab5e08) thrown at [./src/hotspot/share/interpreter/linkResolver.cpp, line 773]
Event: 6755.915 Thread 0x000001bf8f940000 Exception <a 'java/lang/NoSuchMethodError'{0x000000008c7ae328}: 'void java.lang.invoke.DirectMethodHandle$Holder.invokeVirtual(java.lang.Object, java.lang.Object, int, java.lang.Object)'> (0x000000008c7ae328) thrown at [./src/hotspot/share/interpreter/linkResolver.cpp, line 773]
Event: 6755.915 Thread 0x000001bf8f703000 Exception <a 'java/lang/NoSuchMethodError'{0x000000008caf8838}: 'void java.lang.invoke.DirectMethodHandle$Holder.invokeVirtual(java.lang.Object, java.lang.Object, int, java.lang.Object)'> (0x000000008caf8838) thrown at [./src/hotspot/share/interpreter/linkResolver.cpp, line 773]
Event: 6756.027 Thread 0x000001bffdfe7800 Implicit null exception at 0x000001bf886a2150 to 0x000001bf886a2164
Event: 6756.137 Thread 0x000001bf8f940000 Exception <a 'java/lang/NoSuchMethodError'{0x000000008dd509b0}: 'int java.lang.invoke.DirectMethodHandle$Holder.invokeSpecial(java.lang.Object, java.lang.Object, java.lang.Object, int, java.lang.Object)'> (0x000000008dd509b0) thrown at [./src/hotspot/share/interpreter/linkResolver.cpp, line 773]
Event: 6756.202 Thread 0x000001bf8f940000 Exception <a 'java/lang/NoSuchMethodError'{0x000000008d0298d8}: 'java.lang.Object java.lang.invoke.DirectMethodHandle$Holder.newInvokeSpecial(java.lang.Object, int)'> (0x000000008d0298d8) thrown at [./src/hotspot/share/interpreter/linkResolver.cpp, line 773]
Event: 6756.984 Thread 0x000001bf8f940000 Exception <a 'java/lang/NoSuchMethodError'{0x000000008cd550f0}: 'java.lang.Object java.lang.invoke.DirectMethodHandle$Holder.invokeInterface(java.lang.Object, java.lang.Object, int)'> (0x000000008cd550f0) thrown at [./src/hotspot/share/interpreter/linkResolver.cpp, line 773]
Event: 6759.158 Thread 0x000001bf8f940000 Exception <a 'java/lang/NoSuchMethodError'{0x000000008d6fa868}: 'int java.lang.invoke.DirectMethodHandle$Holder.invokeInterface(java.lang.Object, java.lang.Object, int)'> (0x000000008d6fa868) thrown at [./src/hotspot/share/interpreter/linkResolver.cpp, line 773]

Events (20 events):
Event: 6761.504 loading class com/android/tools/r8/code/Y2 done
Event: 6761.505 loading class com/android/tools/r8/code/V2
Event: 6761.505 loading class com/android/tools/r8/code/V2 done
Event: 6761.505 loading class com/android/tools/r8/code/c3
Event: 6761.505 loading class com/android/tools/r8/code/c3 done
Event: 6761.506 loading class com/android/tools/r8/code/Z2
Event: 6761.506 loading class com/android/tools/r8/code/Z2 done
Event: 6761.507 loading class com/android/tools/r8/code/X2
Event: 6761.507 loading class com/android/tools/r8/code/X2 done
Event: 6761.507 loading class com/android/tools/r8/code/U2
Event: 6761.507 loading class com/android/tools/r8/code/U2 done
Event: 6761.508 loading class com/android/tools/r8/code/b3
Event: 6761.508 loading class com/android/tools/r8/code/b3 done
Event: 6761.508 loading class com/android/tools/r8/code/a3
Event: 6761.508 loading class com/android/tools/r8/code/a3 done
Event: 6761.519 Executing VM operation: G1CollectForAllocation
Event: 6761.580 Executing VM operation: G1CollectForAllocation done
Event: 6761.637 Executing VM operation: G1CollectForAllocation
Event: 6761.666 Executing VM operation: G1CollectForAllocation done
Event: 6762.183 Executing VM operation: G1CollectForAllocation


Dynamic libraries:
0x00007ff74bca0000 - 0x00007ff74bcaa000 	D:\sftwr\android_studio\android_software\jre\bin\java.exe
0x00007ff931c60000 - 0x00007ff931e50000 	C:\WINDOWS\SYSTEM32\ntdll.dll
0x00007ff931ae0000 - 0x00007ff931b92000 	C:\WINDOWS\System32\KERNEL32.DLL
0x00007ff92f100000 - 0x00007ff92f3a5000 	C:\WINDOWS\System32\KERNELBASE.dll
0x00007ff92f3b0000 - 0x00007ff92f4aa000 	C:\WINDOWS\System32\ucrtbase.dll
0x00007ff91b970000 - 0x00007ff91b989000 	D:\sftwr\android_studio\android_software\jre\bin\jli.dll
0x00007ff905fa0000 - 0x00007ff905fb7000 	D:\sftwr\android_studio\android_software\jre\bin\VCRUNTIME140.dll
0x00007ff931120000 - 0x00007ff9312b4000 	C:\WINDOWS\System32\USER32.dll
0x00007ff92ec20000 - 0x00007ff92ec41000 	C:\WINDOWS\System32\win32u.dll
0x00007ff921f00000 - 0x00007ff922184000 	C:\WINDOWS\WinSxS\amd64_microsoft.windows.common-controls_6595b64144ccf1df_6.0.18362.1556_none_9e7e372fe45e41d5\COMCTL32.dll
0x00007ff931670000 - 0x00007ff931696000 	C:\WINDOWS\System32\GDI32.dll
0x00007ff9306e0000 - 0x00007ff93077e000 	C:\WINDOWS\System32\msvcrt.dll
0x00007ff92edb0000 - 0x00007ff92ef48000 	C:\WINDOWS\System32\gdi32full.dll
0x00007ff9316a0000 - 0x00007ff9319d6000 	C:\WINDOWS\System32\combase.dll
0x00007ff92ef50000 - 0x00007ff92efee000 	C:\WINDOWS\System32\msvcp_win.dll
0x00007ff92fd70000 - 0x00007ff92fe8f000 	C:\WINDOWS\System32\RPCRT4.dll
0x00007ff92fc80000 - 0x00007ff92fd01000 	C:\WINDOWS\System32\bcryptPrimitives.dll
0x00007ff9319e0000 - 0x00007ff931a0e000 	C:\WINDOWS\System32\IMM32.DLL
0x00007ff8edca0000 - 0x00007ff8edd3d000 	D:\sftwr\android_studio\android_software\jre\bin\msvcp140.dll
0x00007ff8bd430000 - 0x00007ff8bdeff000 	D:\sftwr\android_studio\android_software\jre\bin\server\jvm.dll
0x00007ff9315c0000 - 0x00007ff931663000 	C:\WINDOWS\System32\ADVAPI32.dll
0x00007ff931520000 - 0x00007ff9315b7000 	C:\WINDOWS\System32\sechost.dll
0x00007ff930780000 - 0x00007ff930788000 	C:\WINDOWS\System32\PSAPI.DLL
0x00007ff929540000 - 0x00007ff929549000 	C:\WINDOWS\SYSTEM32\WSOCK32.dll
0x00007ff92c420000 - 0x00007ff92c444000 	C:\WINDOWS\SYSTEM32\WINMM.dll
0x00007ff9310b0000 - 0x00007ff93111f000 	C:\WINDOWS\System32\WS2_32.dll
0x00007ff91ef30000 - 0x00007ff91ef3a000 	C:\WINDOWS\SYSTEM32\VERSION.dll
0x00007ff92c3f0000 - 0x00007ff92c41d000 	C:\WINDOWS\SYSTEM32\WINMMBASE.dll
0x00007ff92ebd0000 - 0x00007ff92ec1a000 	C:\WINDOWS\System32\cfgmgr32.dll
0x00007ff92ebb0000 - 0x00007ff92ebc1000 	C:\WINDOWS\System32\kernel.appcore.dll
0x00007ff927e00000 - 0x00007ff927e11000 	D:\sftwr\android_studio\android_software\jre\bin\verify.dll
0x00007ff925ea0000 - 0x00007ff926094000 	C:\WINDOWS\SYSTEM32\DBGHELP.DLL
0x00007ff925e70000 - 0x00007ff925e9a000 	C:\WINDOWS\SYSTEM32\dbgcore.DLL
0x00007ff920d30000 - 0x00007ff920d59000 	D:\sftwr\android_studio\android_software\jre\bin\java.dll
0x00007ff927fc0000 - 0x00007ff927fcb000 	D:\sftwr\android_studio\android_software\jre\bin\jimage.dll
0x00007ff920e60000 - 0x00007ff920e78000 	D:\sftwr\android_studio\android_software\jre\bin\zip.dll
0x00007ff930790000 - 0x00007ff930e77000 	C:\WINDOWS\System32\SHELL32.dll
0x00007ff931460000 - 0x00007ff931508000 	C:\WINDOWS\System32\shcore.dll
0x00007ff92f4b0000 - 0x00007ff92fc2b000 	C:\WINDOWS\System32\windows.storage.dll
0x00007ff92eb90000 - 0x00007ff92ebae000 	C:\WINDOWS\System32\profapi.dll
0x00007ff92eb40000 - 0x00007ff92eb8a000 	C:\WINDOWS\System32\powrprof.dll
0x00007ff92eb10000 - 0x00007ff92eb20000 	C:\WINDOWS\System32\UMPDC.dll
0x00007ff92fd10000 - 0x00007ff92fd62000 	C:\WINDOWS\System32\shlwapi.dll
0x00007ff92fc60000 - 0x00007ff92fc77000 	C:\WINDOWS\System32\cryptsp.dll
0x00007ff91b950000 - 0x00007ff91b96a000 	D:\sftwr\android_studio\android_software\jre\bin\net.dll
0x00007ff921a00000 - 0x00007ff921afa000 	C:\WINDOWS\SYSTEM32\WINHTTP.dll
0x00007ff92e350000 - 0x00007ff92e3b7000 	C:\WINDOWS\system32\mswsock.dll
0x00007ff91b860000 - 0x00007ff91b874000 	D:\sftwr\android_studio\android_software\jre\bin\nio.dll
0x00007ff8ff570000 - 0x00007ff8ff597000 	C:\Users\tahmi\.gradle\native\8bec1ad78214c89d9ad589b4d07fe93259594b29d510b10fafb7a158f7737e5d\windows-amd64\native-platform.dll
0x00007ff8e87b0000 - 0x00007ff8e88ed000 	C:\Users\tahmi\.gradle\native\53dbd7edfb1c66fb8903c78663c9afc45aea4f116125fa6feffd364cf09443e8\windows-amd64\native-platform-file-events.dll
0x00007ff927df0000 - 0x00007ff927dfa000 	D:\sftwr\android_studio\android_software\jre\bin\management.dll
0x00007ff920d00000 - 0x00007ff920d0c000 	D:\sftwr\android_studio\android_software\jre\bin\management_ext.dll
0x00007ff92ded0000 - 0x00007ff92df03000 	C:\WINDOWS\system32\rsaenh.dll
0x00007ff92fc30000 - 0x00007ff92fc56000 	C:\WINDOWS\System32\bcrypt.dll
0x00007ff92ea00000 - 0x00007ff92ea25000 	C:\WINDOWS\SYSTEM32\USERENV.dll
0x00007ff92e520000 - 0x00007ff92e52c000 	C:\WINDOWS\SYSTEM32\CRYPTBASE.dll
0x00007ff92e060000 - 0x00007ff92e09a000 	C:\WINDOWS\SYSTEM32\IPHLPAPI.DLL
0x00007ff931040000 - 0x00007ff931048000 	C:\WINDOWS\System32\NSI.dll
0x00007ff922250000 - 0x00007ff922266000 	C:\WINDOWS\SYSTEM32\dhcpcsvc6.DLL
0x00007ff925d60000 - 0x00007ff925d7c000 	C:\WINDOWS\SYSTEM32\dhcpcsvc.DLL
0x00007ff92e0f0000 - 0x00007ff92e1bb000 	C:\WINDOWS\SYSTEM32\DNSAPI.dll
0x00007ff926210000 - 0x00007ff926237000 	D:\sftwr\android_studio\android_software\jre\bin\sunec.dll
0x00007ff91d190000 - 0x00007ff91d19a000 	C:\Windows\System32\rasadhlp.dll
0x00007ff921e80000 - 0x00007ff921ef7000 	C:\WINDOWS\System32\fwpuclnt.dll
0x00007ff92db50000 - 0x00007ff92db81000 	C:\WINDOWS\SYSTEM32\ntmarta.dll

dbghelp: loaded successfully - version: 4.0.5 - missing functions: none
symbol engine: initialized successfully - sym options: 0x614 - pdb path: .;D:\sftwr\android_studio\android_software\jre\bin;C:\WINDOWS\SYSTEM32;C:\WINDOWS\WinSxS\amd64_microsoft.windows.common-controls_6595b64144ccf1df_6.0.18362.1556_none_9e7e372fe45e41d5;D:\sftwr\android_studio\android_software\jre\bin\server;C:\Users\tahmi\.gradle\native\8bec1ad78214c89d9ad589b4d07fe93259594b29d510b10fafb7a158f7737e5d\windows-amd64;C:\Users\tahmi\.gradle\native\53dbd7edfb1c66fb8903c78663c9afc45aea4f116125fa6feffd364cf09443e8\windows-amd64

VM Arguments:
jvm_args: --add-opens=java.base/java.util=ALL-UNNAMED --add-opens=java.base/java.lang=ALL-UNNAMED --add-opens=java.base/java.lang.invoke=ALL-UNNAMED --add-opens=java.base/java.util=ALL-UNNAMED --add-opens=java.prefs/java.util.prefs=ALL-UNNAMED --add-opens=java.prefs/java.util.prefs=ALL-UNNAMED --add-opens=java.base/java.nio.charset=ALL-UNNAMED --add-opens=java.base/java.net=ALL-UNNAMED --add-opens=java.base/java.util.concurrent.atomic=ALL-UNNAMED -Xmx2048m -Dfile.encoding=UTF-8 -Duser.country=AU -Duser.language=en -Duser.variant 
java_command: org.gradle.launcher.daemon.bootstrap.GradleDaemon 7.0.2
java_class_path (initial): C:\Users\tahmi\.gradle\wrapper\dists\gradle-7.0.2-bin\857tjihv64xamwrf0h14cai3r\gradle-7.0.2\lib\gradle-launcher-7.0.2.jar
Launcher Type: SUN_STANDARD

[Global flags]
     intx CICompilerCount                          = 3                                         {product} {ergonomic}
     uint ConcGCThreads                            = 1                                         {product} {ergonomic}
     uint G1ConcRefinementThreads                  = 4                                         {product} {ergonomic}
   size_t G1HeapRegionSize                         = 1048576                                   {product} {ergonomic}
    uintx GCDrainStackTargetSize                   = 64                                        {product} {ergonomic}
   size_t InitialHeapSize                          = 134217728                                 {product} {ergonomic}
   size_t MarkStackSize                            = 4194304                                   {product} {ergonomic}
   size_t MaxHeapSize                              = 2147483648                                {product} {command line}
   size_t MaxNewSize                               = 1287651328                                {product} {ergonomic}
   size_t MinHeapDeltaBytes                        = 1048576                                   {product} {ergonomic}
    uintx NonNMethodCodeHeapSize                   = 5830732                                {pd product} {ergonomic}
    uintx NonProfiledCodeHeapSize                  = 122913754                              {pd product} {ergonomic}
    uintx ProfiledCodeHeapSize                     = 122913754                              {pd product} {ergonomic}
    uintx ReservedCodeCacheSize                    = 251658240                              {pd product} {ergonomic}
     bool SegmentedCodeCache                       = true                                      {product} {ergonomic}
     bool UseCompressedClassPointers               = true                                 {lp64_product} {ergonomic}
     bool UseCompressedOops                        = true                                 {lp64_product} {ergonomic}
     bool UseG1GC                                  = true                                      {product} {ergonomic}
     bool UseLargePagesIndividualAllocation        = false                                  {pd product} {ergonomic}

Logging:
Log output configuration:
 #0: stdout all=warning uptime,level,tags
 #1: stderr all=off uptime,level,tags

Environment Variables:
PATH=C:\Python39\Scripts\;C:\Python39\;E:\app\Tahmid1234\product\18.0.0\client_1;E:\app\Tahmid1234\product\18.0.0\client_1\bin;E:\app\client\tahmi\product\18.0.0\client_1;E:\app\client\tahmi\product\18.0.0\client_1\bin;D:\sftwr\app\oracle\product\10.2.0\server\bin;C:\WINDOWS\system32;C:\WINDOWS;C:\WINDOWS\System32\Wbem;C:\WINDOWS\System32\WindowsPowerShell\v1.0\;C:\WINDOWS\System32\OpenSSH\;C:\Program Files\dotnet\;C:\Program Files\Microsoft SQL Server\130\Tools\Binn\;C:\Program Files\Microsoft SQL Server\Client SDK\ODBC\170\Tools\Binn\;C:\Program Files (x86)\Microsoft SQL Server\150\DTS\Binn\;C:\Program Files\Microsoft SQL Server\Client SDK\ODBC\130\Tools\Binn\;C:\Program Files (x86)\Microsoft SQL Server\140\Tools\Binn\;C:\Program Files\Microsoft SQL Server\140\Tools\Binn\;C:\Program Files\Microsoft SQL Server\140\DTS\Binn\;D:\sftwr;C:\Python27;C:\Android;C:\Windows\System32;D:\MATLAB\R2018b\runtime\win64;D:\MATLAB\R2018b\bin;C:\ProgramData\chocolatey\bin;C:\webdriver;D:\sftwr\NodeJs\;C:\Users\tahmi\AppData\Roaming\npm;C:\Users\tahmi\AppData\Local\Microsoft\WindowsApps;D:\INTELLIJ\IntelliJ IDEA Community Edition 2020.3.2\bin;C:\Users\tahmi\AppData\Roaming\npm;E:\StudyStation\Microsoft VS Code\bin;C:\Users\tahmi\.dotnet\tools;D:\sftwr\jet brains\PyCharm Community Edition 2021.2.2\bin
USERNAME=tahmi
OS=Windows_NT
PROCESSOR_IDENTIFIER=Intel64 Family 6 Model 78 Stepping 3, GenuineIntel



---------------  S Y S T E M  ---------------

OS: Windows 10 , 64 bit Build 18362 (10.0.18362.1500)
OS uptime: 0 days 11:16 hours

CPU:total 4 (initial active 4) (2 cores per cpu, 2 threads per core) family 6 model 78 stepping 3 microcode 0xc6, cmov, cx8, fxsr, mmx, sse, sse2, sse3, ssse3, sse4.1, sse4.2, popcnt, avx, avx2, aes, clmul, erms, 3dnowpref, lzcnt, ht, tsc, tscinvbit, bmi1, bmi2, adx, fma

Memory: 4k page, system-wide physical 8065M (899M free)
TotalPageFile size 11135M (AvailPageFile size 24M)
current process WorkingSet (physical memory assigned to process): 586M, peak: 588M
current process commit charge ("private bytes"): 671M, peak: 716M

vm_info: OpenJDK 64-Bit Server VM (11.0.10+0-b96-7249189) for windows-amd64 JRE (11.0.10+0-b96-7249189), built on Mar 31 2021 21:44:00 by "builder" with MS VC++ 14.0 (VS2015)

END.
