#
# There is insufficient memory for the Java Runtime Environment to continue.
# Native memory allocation (mmap) failed to map 255852544 bytes for Failed to commit area from 0x0000000098200000 to 0x00000000a7600000 of length 255852544.
# Possible reasons:
#   The system is out of physical RAM or swap space
#   The process is running with CompressedOops enabled, and the Java Heap may be blocking the growth of the native heap
# Possible solutions:
#   Reduce memory load on the system
#   Increase physical memory or swap space
#   Check if swap backing store is full
#   Decrease Java heap size (-Xmx/-Xms)
#   Decrease number of Java threads
#   Decrease Java thread stack sizes (-Xss)
#   Set larger code cache with -XX:ReservedCodeCacheSize=
#   JVM is running with Unscaled Compressed Oops mode in which the Java heap is
#     placed in the first 4GB address space. The Java Heap base address is the
#     maximum limit for the native heap growth. Please use -XX:HeapBaseMinAddress
#     to set the Java Heap base and to place the Java Heap above 4GB virtual address.
# This output file may be truncated or incomplete.
#
#  Out of Memory Error (./src/hotspot/os/windows/os_windows.cpp:3301), pid=15892, tid=1144
#
# JRE version: OpenJDK Runtime Environment (11.0.10) (build 11.0.10+0-b96-7249189)
# Java VM: OpenJDK 64-Bit Server VM (11.0.10+0-b96-7249189, mixed mode, tiered, compressed oops, g1 gc, windows-amd64)
# No core dump will be written. Minidumps are not enabled by default on client versions of Windows
#

---------------  S U M M A R Y ------------

Command Line: --add-opens=java.base/java.util=ALL-UNNAMED --add-opens=java.base/java.lang=ALL-UNNAMED --add-opens=java.base/java.lang.invoke=ALL-UNNAMED --add-opens=java.base/java.util=ALL-UNNAMED --add-opens=java.prefs/java.util.prefs=ALL-UNNAMED --add-opens=java.prefs/java.util.prefs=ALL-UNNAMED --add-opens=java.base/java.nio.charset=ALL-UNNAMED --add-opens=java.base/java.net=ALL-UNNAMED --add-opens=java.base/java.util.concurrent.atomic=ALL-UNNAMED -Xmx2048m -Dfile.encoding=UTF-8 -Duser.country=AU -Duser.language=en -Duser.variant org.gradle.launcher.daemon.bootstrap.GradleDaemon 7.0.2

Host: Intel(R) Core(TM) i3-6006U CPU @ 2.00GHz, 4 cores, 7G,  Windows 10 , 64 bit Build 18362 (10.0.18362.1500)
Time: Sat Nov 20 16:20:48 2021 Bangladesh Standard Time elapsed time: 8436.783095 seconds (0d 2h 20m 36s)

---------------  T H R E A D  ---------------

Current thread (0x000001ebb25bd000):  VMThread "VM Thread" [stack: 0x0000001e3a500000,0x0000001e3a600000] [id=1144]

Stack: [0x0000001e3a500000,0x0000001e3a600000]
[error occurred during error reporting (printing stack bounds), id 0xc0000005, EXCEPTION_ACCESS_VIOLATION (0xc0000005) at pc=0x000001eb9c4d0f2d]

Native frames: (J=compiled Java code, j=interpreted, Vv=VM code, C=native code)
V  [jvm.dll+0x5ecfaa]
V  [jvm.dll+0x722bd5]
V  [jvm.dll+0x72412d]
V  [jvm.dll+0x724745]
V  [jvm.dll+0x7246fb]
V  [jvm.dll+0x5ec348]
V  [jvm.dll+0x5ecad8]
C  [ntdll.dll+0xa1fff]
C  [ntdll.dll+0x6aad9]
C  [ntdll.dll+0xa0c6e]
C  0x000001eb9c4d0f2d

VM_Operation (0x0000001e3bdfdc30): G1CollectForAllocation, mode: safepoint, requested by thread 0x000001ebb4df7000


---------------  P R O C E S S  ---------------

Threads class SMR info:
_java_thread_list=0x000001ebb3812260, length=53, elements={
0x000001eb989ef800, 0x000001ebb25c3000, 0x000001ebb25c6800, 0x000001ebb2f44800,
0x000001ebb2f45800, 0x000001ebb2f4b000, 0x000001ebb2f4c800, 0x000001ebb2f53000,
0x000001ebb25dd000, 0x000001ebb3098000, 0x000001ebb5989800, 0x000001ebb40ad800,
0x000001ebb4660800, 0x000001ebb4df7000, 0x000001ebb4dfb000, 0x000001ebb4df5800,
0x000001ebb4dfa000, 0x000001ebb4df9800, 0x000001ebb402b000, 0x000001ebb402b800,
0x000001ebb402d000, 0x000001ebb402a000, 0x000001ebb4034800, 0x000001ebb4032000,
0x000001ebb402e000, 0x000001ebb4029000, 0x000001ebb4030800, 0x000001ebb4031800,
0x000001ebb402c800, 0x000001ebb4037000, 0x000001ebb4035800, 0x000001ebb4036000,
0x000001ebb4dfc000, 0x000001ebb4df6000, 0x000001ebb4df8000, 0x000001ebb4df8800,
0x000001ebb4a2d000, 0x000001ebb4a2a800, 0x000001ebb4a2f800, 0x000001ebb4a2f000,
0x000001ebb4a2b800, 0x000001ebb4a2a000, 0x000001ebb4a35800, 0x000001ebb4a36000,
0x000001ebb4a30800, 0x000001ebb4a31800, 0x000001ebb4a2c800, 0x000001ebb4a37000,
0x000001ebb69bd800, 0x000001ebb69bb000, 0x000001ebb69c0000, 0x000001ebb69c1800,
0x000001ebb69bf800
}

Java Threads: ( => current thread )
  0x000001eb989ef800 JavaThread "main" [_thread_blocked, id=10524, stack(0x0000001e39f00000,0x0000001e3a000000)]
  0x000001ebb25c3000 JavaThread "Reference Handler" daemon [_thread_blocked, id=14380, stack(0x0000001e3a600000,0x0000001e3a700000)]
  0x000001ebb25c6800 JavaThread "Finalizer" daemon [_thread_blocked, id=13140, stack(0x0000001e3a700000,0x0000001e3a800000)]
  0x000001ebb2f44800 JavaThread "Signal Dispatcher" daemon [_thread_blocked, id=2496, stack(0x0000001e3a800000,0x0000001e3a900000)]
  0x000001ebb2f45800 JavaThread "Attach Listener" daemon [_thread_blocked, id=15012, stack(0x0000001e3a900000,0x0000001e3aa00000)]
  0x000001ebb2f4b000 JavaThread "Service Thread" daemon [_thread_blocked, id=15820, stack(0x0000001e3aa00000,0x0000001e3ab00000)]
  0x000001ebb2f4c800 JavaThread "C2 CompilerThread0" daemon [_thread_blocked, id=10820, stack(0x0000001e3ab00000,0x0000001e3ac00000)]
  0x000001ebb2f53000 JavaThread "C1 CompilerThread0" daemon [_thread_blocked, id=15440, stack(0x0000001e3ac00000,0x0000001e3ad00000)]
  0x000001ebb25dd000 JavaThread "Sweeper thread" daemon [_thread_blocked, id=15132, stack(0x0000001e3ad00000,0x0000001e3ae00000)]
  0x000001ebb3098000 JavaThread "Common-Cleaner" daemon [_thread_blocked, id=9628, stack(0x0000001e3ae00000,0x0000001e3af00000)]
  0x000001ebb5989800 JavaThread "Daemon health stats" [_thread_blocked, id=13012, stack(0x0000001e3b300000,0x0000001e3b400000)]
  0x000001ebb40ad800 JavaThread "Incoming local TCP Connector on port 52322" [_thread_in_native, id=4904, stack(0x0000001e3b000000,0x0000001e3b100000)]
  0x000001ebb4660800 JavaThread "Daemon periodic checks" [_thread_blocked, id=7860, stack(0x0000001e3b400000,0x0000001e3b500000)]
  0x000001ebb4df7000 JavaThread "Cache worker for file hash cache (C:\Users\tahmi\.gradle\caches\7.0.2\fileHashes)" [_thread_blocked, id=13108, stack(0x0000001e3bd00000,0x0000001e3be00000)]
  0x000001ebb4dfb000 JavaThread "File lock request listener" [_thread_in_native, id=6792, stack(0x0000001e3be00000,0x0000001e3bf00000)]
  0x000001ebb4df5800 JavaThread "Cache worker for journal cache (C:\Users\tahmi\.gradle\caches\journal-1)" [_thread_blocked, id=4960, stack(0x0000001e3bf00000,0x0000001e3c000000)]
  0x000001ebb4dfa000 JavaThread "File watcher server" daemon [_thread_blocked, id=12764, stack(0x0000001e3c200000,0x0000001e3c300000)]
  0x000001ebb4df9800 JavaThread "File watcher consumer" daemon [_thread_blocked, id=11572, stack(0x0000001e3c300000,0x0000001e3c400000)]
  0x000001ebb402b000 JavaThread "Cache worker for execution history cache (C:\Users\tahmi\.gradle\caches\7.0.2\executionHistory)" [_thread_blocked, id=2556, stack(0x0000001e3c700000,0x0000001e3c800000)]
  0x000001ebb402b800 JavaThread "jar transforms" [_thread_blocked, id=5200, stack(0x0000001e3c100000,0x0000001e3c200000)]
  0x000001ebb402d000 JavaThread "jar transforms Thread 2" [_thread_blocked, id=14020, stack(0x0000001e3c800000,0x0000001e3c900000)]
  0x000001ebb402a000 JavaThread "Cache worker for file content cache (C:\Users\tahmi\.gradle\caches\7.0.2\fileContent)" [_thread_blocked, id=10180, stack(0x0000001e3ca00000,0x0000001e3cb00000)]
  0x000001ebb4034800 JavaThread "jar transforms Thread 3" [_thread_blocked, id=8820, stack(0x0000001e3cb00000,0x0000001e3cc00000)]
  0x000001ebb4032000 JavaThread "jar transforms Thread 4" [_thread_blocked, id=14924, stack(0x0000001e3cc00000,0x0000001e3cd00000)]
  0x000001ebb402e000 JavaThread "Memory manager" [_thread_blocked, id=1096, stack(0x0000001e3d300000,0x0000001e3d400000)]
  0x000001ebb4029000 JavaThread "Daemon Thread 2" [_thread_blocked, id=1604, stack(0x0000001e39c00000,0x0000001e39d00000)]
  0x000001ebb4030800 JavaThread "Handler for socket connection from /127.0.0.1:52322 to /127.0.0.1:50693" [_thread_in_native, id=6640, stack(0x0000001e39d00000,0x0000001e39e00000)]
  0x000001ebb4031800 JavaThread "Cancel handler" [_thread_blocked, id=6516, stack(0x0000001e39e00000,0x0000001e39f00000)]
  0x000001ebb402c800 JavaThread "Daemon worker Thread 2" [_thread_blocked, id=14632, stack(0x0000001e3b500000,0x0000001e3b600000)]
  0x000001ebb4037000 JavaThread "Asynchronous log dispatcher for DefaultDaemonConnection: socket connection from /127.0.0.1:52322 to /127.0.0.1:50693" [_thread_blocked, id=10728, stack(0x0000001e3b600000,0x0000001e3b700000)]
  0x000001ebb4035800 JavaThread "Daemon client event forwarder" [_thread_blocked, id=7428, stack(0x0000001e3b800000,0x0000001e3b900000)]
  0x000001ebb4036000 JavaThread "Cache worker for file hash cache (E:\hot_seat_as\Hot_Seat\Hot_Seat_Application\.gradle\7.0.2\fileHashes)" [_thread_blocked, id=5416, stack(0x0000001e3b900000,0x0000001e3ba00000)]
  0x000001ebb4dfc000 JavaThread "Cache worker for checksums cache (E:\hot_seat_as\Hot_Seat\Hot_Seat_Application\.gradle\checksums)" [_thread_blocked, id=1128, stack(0x0000001e3ba00000,0x0000001e3bb00000)]
  0x000001ebb4df6000 JavaThread "Cache worker for cache directory md-supplier (C:\Users\tahmi\.gradle\caches\7.0.2\md-supplier)" [_thread_blocked, id=572, stack(0x0000001e3bb00000,0x0000001e3bc00000)]
  0x000001ebb4df8000 JavaThread "Cache worker for cache directory md-rule (C:\Users\tahmi\.gradle\caches\7.0.2\md-rule)" [_thread_blocked, id=6308, stack(0x0000001e3c000000,0x0000001e3c100000)]
  0x000001ebb4df8800 JavaThread "Cache worker for dependencies-accessors (E:\hot_seat_as\Hot_Seat\Hot_Seat_Application\.gradle\7.0.2\dependencies-accessors)" [_thread_blocked, id=15500, stack(0x0000001e3c400000,0x0000001e3c500000)]
  0x000001ebb4a2d000 JavaThread "Cache worker for Build Output Cleanup Cache (E:\hot_seat_as\Hot_Seat\Hot_Seat_Application\.gradle\buildOutputCleanup)" [_thread_blocked, id=8336, stack(0x0000001e3c500000,0x0000001e3c600000)]
  0x000001ebb4a2a800 JavaThread "Build operations" [_thread_blocked, id=15716, stack(0x0000001e3c900000,0x0000001e3ca00000)]
  0x000001ebb4a2f800 JavaThread "Build operations Thread 2" [_thread_blocked, id=13216, stack(0x0000001e3cd00000,0x0000001e3ce00000)]
  0x000001ebb4a2f000 JavaThread "Build operations Thread 3" [_thread_blocked, id=1516, stack(0x0000001e3ce00000,0x0000001e3cf00000)]
  0x000001ebb4a2b800 JavaThread "Build operations Thread 4" [_thread_blocked, id=11124, stack(0x0000001e3cf00000,0x0000001e3d000000)]
  0x000001ebb4a2a000 JavaThread "build event listener" [_thread_blocked, id=1668, stack(0x0000001e3d000000,0x0000001e3d100000)]
  0x000001ebb4a35800 JavaThread "Execution worker for ':'" [_thread_blocked, id=12140, stack(0x0000001e3d100000,0x0000001e3d200000)]
  0x000001ebb4a36000 JavaThread "Execution worker for ':' Thread 2" [_thread_blocked, id=6504, stack(0x0000001e3d200000,0x0000001e3d300000)]
  0x000001ebb4a30800 JavaThread "Execution worker for ':' Thread 3" [_thread_blocked, id=11800, stack(0x0000001e3d400000,0x0000001e3d500000)]
  0x000001ebb4a31800 JavaThread "Cache worker for execution history cache (E:\hot_seat_as\Hot_Seat\Hot_Seat_Application\.gradle\7.0.2\executionHistory)" [_thread_blocked, id=7564, stack(0x0000001e3d500000,0x0000001e3d600000)]
  0x000001ebb4a2c800 JavaThread "WorkerExecutor Queue Thread 2" [_thread_blocked, id=4272, stack(0x0000001e3d700000,0x0000001e3d800000)]
  0x000001ebb4a37000 JavaThread "WorkerExecutor Queue Thread 3" [_thread_blocked, id=15640, stack(0x0000001e3d900000,0x0000001e3da00000)]
  0x000001ebb69bd800 JavaThread "WorkerExecutor Queue Thread 5" [_thread_blocked, id=13752, stack(0x0000001e3d800000,0x0000001e3d900000)]
  0x000001ebb69bb000 JavaThread "WorkerExecutor Queue Thread 6" [_thread_blocked, id=13276, stack(0x0000001e3c600000,0x0000001e3c700000)]
  0x000001ebb69c0000 JavaThread "pool-4-thread-1" [_thread_blocked, id=8936, stack(0x0000001e3b700000,0x0000001e3b800000)]
  0x000001ebb69c1800 JavaThread "stderr" [_thread_blocked, id=14688, stack(0x0000001e3da00000,0x0000001e3db00000)]
  0x000001ebb69bf800 JavaThread "stdout" [_thread_in_native, id=4048, stack(0x0000001e3db00000,0x0000001e3dc00000)]

Other Threads:
=>0x000001ebb25bd000 VMThread "VM Thread" [stack: 0x0000001e3a500000,0x0000001e3a600000] [id=1144]
  0x000001ebb30d5000 WatcherThread [stack: 0x0000001e3af00000,0x0000001e3b000000] [id=3384]
  0x000001eb98a09000 GCTaskThread "GC Thread#0" [stack: 0x0000001e3a000000,0x0000001e3a100000] [id=1136]
  0x000001ebb3362800 GCTaskThread "GC Thread#1" [stack: 0x0000001e3b100000,0x0000001e3b200000] [id=5628]
  0x000001ebb3af6000 GCTaskThread "GC Thread#2" [stack: 0x0000001e3b200000,0x0000001e3b300000] [id=12156]
  0x000001ebb46ff000 GCTaskThread "GC Thread#3" [stack: 0x0000001e3bc00000,0x0000001e3bd00000] [id=3256]
  0x000001eb98a3a000 ConcurrentGCThread "G1 Main Marker" [stack: 0x0000001e3a100000,0x0000001e3a200000] [id=14484]
  0x000001eb98a3b800 ConcurrentGCThread "G1 Conc#0" [stack: 0x0000001e3a200000,0x0000001e3a300000] [id=2424]
  0x000001ebb2410800 ConcurrentGCThread "G1 Refine#0" [stack: 0x0000001e3a300000,0x0000001e3a400000] [id=9708]
  0x000001ebba077800 ConcurrentGCThread "G1 Refine#1" [stack: 0x0000001e3d600000,0x0000001e3d700000] [id=13792]
  0x000001ebba07a000 ConcurrentGCThread "G1 Refine#2" [stack: 0x0000001e3df00000,0x0000001e3e000000] [id=11820]
  0x000001ebb2411800 ConcurrentGCThread "G1 Young RemSet Sampling" [stack: 0x0000001e3a400000,0x0000001e3a500000] [id=4076]

Threads with active compile tasks:
C2 CompilerThread08436896 24080   !   4       com.google.common.cache.LocalCache::processPendingNotifications (47 bytes)

VM state:at safepoint (normal execution)

VM Mutex/Monitor currently owned by a thread:  ([mutex/lock_event])
[0x000001eb989eba50] Threads_lock - owner thread: 0x000001ebb25bd000
[0x000001eb989ebff0] Heap_lock - owner thread: 0x000001ebb4df7000

Heap address: 0x0000000080000000, size: 2048 MB, Compressed Oops mode: 32-bit
Narrow klass base: 0x0000000000000000, Narrow klass shift: 3
Compressed class space size: 1073741824 Address: 0x0000000100000000

Heap:
 garbage-first heap   total 645120K, used 180890K [0x0000000080000000, 0x0000000100000000)
  region size 1024K, 7 young (7168K), 7 survivors (7168K)
 Metaspace       used 108987K, capacity 111921K, committed 112204K, reserved 1146880K
  class space    used 13727K, capacity 14868K, committed 14976K, reserved 1048576K
Heap Regions: E=young(eden), S=young(survivor), O=old, HS=humongous(starts), HC=humongous(continues), CS=collection set, F=free, A=archive, TAMS=top-at-mark-start (previous, next)
|   0|0x0000000080000000, 0x0000000080100000, 0x0000000080100000|100%| O|  |TAMS 0x0000000080100000, 0x0000000080000000| Untracked 
|   1|0x0000000080100000, 0x0000000080200000, 0x0000000080200000|100%| O|  |TAMS 0x0000000080200000, 0x0000000080100000| Untracked 
|   2|0x0000000080200000, 0x0000000080300000, 0x0000000080300000|100%| O|  |TAMS 0x0000000080300000, 0x0000000080200000| Untracked 
|   3|0x0000000080300000, 0x0000000080400000, 0x0000000080400000|100%|HS|  |TAMS 0x0000000080400000, 0x0000000080300000| Complete 
|   4|0x0000000080400000, 0x0000000080500000, 0x0000000080500000|100%|HC|  |TAMS 0x0000000080500000, 0x0000000080400000| Complete 
|   5|0x0000000080500000, 0x0000000080600000, 0x0000000080600000|100%|HC|  |TAMS 0x0000000080600000, 0x0000000080500000| Complete 
|   6|0x0000000080600000, 0x0000000080700000, 0x0000000080700000|100%| O|  |TAMS 0x0000000080700000, 0x0000000080600000| Untracked 
|   7|0x0000000080700000, 0x0000000080800000, 0x0000000080800000|100%| O|  |TAMS 0x0000000080800000, 0x0000000080700000| Untracked 
|   8|0x0000000080800000, 0x0000000080900000, 0x0000000080900000|100%| O|  |TAMS 0x0000000080900000, 0x0000000080800000| Untracked 
|   9|0x0000000080900000, 0x0000000080a00000, 0x0000000080a00000|100%| O|  |TAMS 0x0000000080a00000, 0x0000000080900000| Untracked 
|  10|0x0000000080a00000, 0x0000000080b00000, 0x0000000080b00000|100%| O|  |TAMS 0x0000000080b00000, 0x0000000080a00000| Untracked 
|  11|0x0000000080b00000, 0x0000000080c00000, 0x0000000080c00000|100%| O|  |TAMS 0x0000000080c00000, 0x0000000080b00000| Untracked 
|  12|0x0000000080c00000, 0x0000000080d00000, 0x0000000080d00000|100%| O|  |TAMS 0x0000000080d00000, 0x0000000080c00000| Untracked 
|  13|0x0000000080d00000, 0x0000000080e00000, 0x0000000080e00000|100%| O|  |TAMS 0x0000000080e00000, 0x0000000080d00000| Untracked 
|  14|0x0000000080e00000, 0x0000000080f00000, 0x0000000080f00000|100%| O|  |TAMS 0x0000000080f00000, 0x0000000080e00000| Untracked 
|  15|0x0000000080f00000, 0x0000000081000000, 0x0000000081000000|100%| O|  |TAMS 0x0000000081000000, 0x0000000080f00000| Untracked 
|  16|0x0000000081000000, 0x0000000081100000, 0x0000000081100000|100%| O|  |TAMS 0x0000000081100000, 0x0000000081000000| Untracked 
|  17|0x0000000081100000, 0x0000000081200000, 0x0000000081200000|100%|HS|  |TAMS 0x0000000081200000, 0x0000000081100000| Complete 
|  18|0x0000000081200000, 0x0000000081300000, 0x0000000081300000|100%| O|  |TAMS 0x0000000081300000, 0x0000000081200000| Untracked 
|  19|0x0000000081300000, 0x0000000081400000, 0x0000000081400000|100%| O|  |TAMS 0x0000000081400000, 0x0000000081300000| Untracked 
|  20|0x0000000081400000, 0x0000000081500000, 0x0000000081500000|100%| O|  |TAMS 0x0000000081500000, 0x0000000081400000| Untracked 
|  21|0x0000000081500000, 0x0000000081600000, 0x0000000081600000|100%| O|  |TAMS 0x0000000081600000, 0x0000000081500000| Untracked 
|  22|0x0000000081600000, 0x0000000081700000, 0x0000000081700000|100%| O|  |TAMS 0x0000000081700000, 0x0000000081600000| Untracked 
|  23|0x0000000081700000, 0x0000000081800000, 0x0000000081800000|100%| O|  |TAMS 0x0000000081800000, 0x0000000081700000| Untracked 
|  24|0x0000000081800000, 0x0000000081900000, 0x0000000081900000|100%|HS|  |TAMS 0x0000000081900000, 0x0000000081800000| Complete 
|  25|0x0000000081900000, 0x0000000081a00000, 0x0000000081a00000|100%|HS|  |TAMS 0x0000000081a00000, 0x0000000081900000| Complete 
|  26|0x0000000081a00000, 0x0000000081b00000, 0x0000000081b00000|100%|HC|  |TAMS 0x0000000081b00000, 0x0000000081a00000| Complete 
|  27|0x0000000081b00000, 0x0000000081c00000, 0x0000000081c00000|100%| O|  |TAMS 0x0000000081c00000, 0x0000000081b00000| Untracked 
|  28|0x0000000081c00000, 0x0000000081d00000, 0x0000000081d00000|100%| O|  |TAMS 0x0000000081d00000, 0x0000000081c00000| Untracked 
|  29|0x0000000081d00000, 0x0000000081e00000, 0x0000000081e00000|100%| O|  |TAMS 0x0000000081e00000, 0x0000000081d00000| Untracked 
|  30|0x0000000081e00000, 0x0000000081f00000, 0x0000000081f00000|100%| O|  |TAMS 0x0000000081f00000, 0x0000000081e00000| Untracked 
|  31|0x0000000081f00000, 0x0000000082000000, 0x0000000082000000|100%| O|  |TAMS 0x0000000082000000, 0x0000000081f00000| Untracked 
|  32|0x0000000082000000, 0x0000000082100000, 0x0000000082100000|100%| O|  |TAMS 0x0000000082100000, 0x0000000082000000| Untracked 
|  33|0x0000000082100000, 0x0000000082200000, 0x0000000082200000|100%| O|  |TAMS 0x0000000082200000, 0x0000000082100000| Untracked 
|  34|0x0000000082200000, 0x0000000082300000, 0x0000000082300000|100%| O|  |TAMS 0x0000000082300000, 0x0000000082200000| Untracked 
|  35|0x0000000082300000, 0x0000000082400000, 0x0000000082400000|100%| O|  |TAMS 0x0000000082300000, 0x0000000082300000| Untracked 
|  36|0x0000000082400000, 0x0000000082500000, 0x0000000082500000|100%| O|  |TAMS 0x0000000082500000, 0x0000000082400000| Untracked 
|  37|0x0000000082500000, 0x0000000082600000, 0x0000000082600000|100%| O|  |TAMS 0x0000000082600000, 0x0000000082500000| Untracked 
|  38|0x0000000082600000, 0x0000000082700000, 0x0000000082700000|100%| O|  |TAMS 0x0000000082600000, 0x0000000082600000| Untracked 
|  39|0x0000000082700000, 0x0000000082800000, 0x0000000082800000|100%| O|  |TAMS 0x0000000082700000, 0x0000000082700000| Untracked 
|  40|0x0000000082800000, 0x0000000082900000, 0x0000000082900000|100%| O|  |TAMS 0x0000000082900000, 0x0000000082800000| Untracked 
|  41|0x0000000082900000, 0x0000000082a00000, 0x0000000082a00000|100%| O|  |TAMS 0x0000000082a00000, 0x0000000082900000| Untracked 
|  42|0x0000000082a00000, 0x0000000082b00000, 0x0000000082b00000|100%| O|  |TAMS 0x0000000082b00000, 0x0000000082a00000| Untracked 
|  43|0x0000000082b00000, 0x0000000082c00000, 0x0000000082c00000|100%| O|  |TAMS 0x0000000082c00000, 0x0000000082b00000| Untracked 
|  44|0x0000000082c00000, 0x0000000082d00000, 0x0000000082d00000|100%| O|  |TAMS 0x0000000082d00000, 0x0000000082c00000| Untracked 
|  45|0x0000000082d00000, 0x0000000082e00000, 0x0000000082e00000|100%| O|  |TAMS 0x0000000082e00000, 0x0000000082d00000| Untracked 
|  46|0x0000000082e00000, 0x0000000082f00000, 0x0000000082f00000|100%| O|  |TAMS 0x0000000082f00000, 0x0000000082e00000| Untracked 
|  47|0x0000000082f00000, 0x0000000083000000, 0x0000000083000000|100%|HS|  |TAMS 0x0000000082f00000, 0x0000000082f00000| Complete 
|  48|0x0000000083000000, 0x0000000083100000, 0x0000000083100000|100%| O|  |TAMS 0x0000000083100000, 0x0000000083000000| Untracked 
|  49|0x0000000083100000, 0x0000000083200000, 0x0000000083200000|100%| O|  |TAMS 0x0000000083200000, 0x0000000083100000| Untracked 
|  50|0x0000000083200000, 0x0000000083300000, 0x0000000083300000|100%| O|  |TAMS 0x0000000083300000, 0x0000000083200000| Untracked 
|  51|0x0000000083300000, 0x0000000083400000, 0x0000000083400000|100%| O|  |TAMS 0x0000000083400000, 0x0000000083300000| Untracked 
|  52|0x0000000083400000, 0x0000000083500000, 0x0000000083500000|100%| O|  |TAMS 0x0000000083500000, 0x0000000083400000| Untracked 
|  53|0x0000000083500000, 0x0000000083600000, 0x0000000083600000|100%| O|  |TAMS 0x0000000083600000, 0x0000000083500000| Untracked 
|  54|0x0000000083600000, 0x0000000083700000, 0x0000000083700000|100%| O|  |TAMS 0x0000000083700000, 0x0000000083600000| Untracked 
|  55|0x0000000083700000, 0x0000000083800000, 0x0000000083800000|100%| O|  |TAMS 0x0000000083800000, 0x0000000083700000| Untracked 
|  56|0x0000000083800000, 0x0000000083900000, 0x0000000083900000|100%| O|  |TAMS 0x0000000083900000, 0x0000000083800000| Untracked 
|  57|0x0000000083900000, 0x0000000083a00000, 0x0000000083a00000|100%| O|  |TAMS 0x0000000083a00000, 0x0000000083900000| Untracked 
|  58|0x0000000083a00000, 0x0000000083b00000, 0x0000000083b00000|100%| O|  |TAMS 0x0000000083b00000, 0x0000000083a00000| Untracked 
|  59|0x0000000083b00000, 0x0000000083c00000, 0x0000000083c00000|100%| O|  |TAMS 0x0000000083c00000, 0x0000000083b00000| Untracked 
|  60|0x0000000083c00000, 0x0000000083d00000, 0x0000000083d00000|100%| O|  |TAMS 0x0000000083c00000, 0x0000000083c00000| Untracked 
|  61|0x0000000083d00000, 0x0000000083e00000, 0x0000000083e00000|100%| O|  |TAMS 0x0000000083e00000, 0x0000000083d00000| Untracked 
|  62|0x0000000083e00000, 0x0000000083f00000, 0x0000000083f00000|100%| O|  |TAMS 0x0000000083f00000, 0x0000000083e00000| Untracked 
|  63|0x0000000083f00000, 0x0000000084000000, 0x0000000084000000|100%| O|  |TAMS 0x0000000084000000, 0x0000000083f00000| Untracked 
|  64|0x0000000084000000, 0x0000000084100000, 0x0000000084100000|100%| O|  |TAMS 0x0000000084100000, 0x0000000084000000| Untracked 
|  65|0x0000000084100000, 0x0000000084200000, 0x0000000084200000|100%| O|  |TAMS 0x0000000084200000, 0x0000000084100000| Untracked 
|  66|0x0000000084200000, 0x0000000084300000, 0x0000000084300000|100%| O|  |TAMS 0x0000000084300000, 0x0000000084200000| Untracked 
|  67|0x0000000084300000, 0x0000000084400000, 0x0000000084400000|100%| O|  |TAMS 0x0000000084400000, 0x0000000084300000| Untracked 
|  68|0x0000000084400000, 0x0000000084500000, 0x0000000084500000|100%| O|  |TAMS 0x0000000084400000, 0x0000000084400000| Untracked 
|  69|0x0000000084500000, 0x0000000084600000, 0x0000000084600000|100%| O|  |TAMS 0x0000000084500000, 0x0000000084500000| Untracked 
|  70|0x0000000084600000, 0x0000000084700000, 0x0000000084700000|100%|HS|  |TAMS 0x0000000084600000, 0x0000000084600000| Complete 
|  71|0x0000000084700000, 0x0000000084800000, 0x0000000084800000|100%| O|  |TAMS 0x0000000084800000, 0x0000000084700000| Untracked 
|  72|0x0000000084800000, 0x0000000084900000, 0x0000000084900000|100%| O|  |TAMS 0x0000000084900000, 0x0000000084800000| Untracked 
|  73|0x0000000084900000, 0x0000000084a00000, 0x0000000084a00000|100%| O|  |TAMS 0x0000000084900000, 0x0000000084900000| Untracked 
|  74|0x0000000084a00000, 0x0000000084b00000, 0x0000000084b00000|100%| O|  |TAMS 0x0000000084a00000, 0x0000000084a00000| Untracked 
|  75|0x0000000084b00000, 0x0000000084c00000, 0x0000000084c00000|100%|HS|  |TAMS 0x0000000084b00000, 0x0000000084b00000| Complete 
|  76|0x0000000084c00000, 0x0000000084d00000, 0x0000000084d00000|100%|HC|  |TAMS 0x0000000084c00000, 0x0000000084c00000| Complete 
|  77|0x0000000084d00000, 0x0000000084e00000, 0x0000000084e00000|100%| O|  |TAMS 0x0000000084e00000, 0x0000000084d00000| Untracked 
|  78|0x0000000084e00000, 0x0000000084f00000, 0x0000000084f00000|100%| O|  |TAMS 0x0000000084f00000, 0x0000000084e00000| Untracked 
|  79|0x0000000084f00000, 0x0000000085000000, 0x0000000085000000|100%| O|  |TAMS 0x0000000085000000, 0x0000000084f00000| Untracked 
|  80|0x0000000085000000, 0x0000000085100000, 0x0000000085100000|100%| O|  |TAMS 0x0000000085000000, 0x0000000085000000| Untracked 
|  81|0x0000000085100000, 0x0000000085100000, 0x0000000085200000|  0%| F|  |TAMS 0x0000000085100000, 0x0000000085100000| Untracked 
|  82|0x0000000085200000, 0x0000000085300000, 0x0000000085300000|100%| O|  |TAMS 0x0000000085300000, 0x0000000085200000| Untracked 
|  83|0x0000000085300000, 0x0000000085300000, 0x0000000085400000|  0%| F|  |TAMS 0x0000000085300000, 0x0000000085300000| Untracked 
|  84|0x0000000085400000, 0x0000000085500000, 0x0000000085500000|100%| O|  |TAMS 0x0000000085500000, 0x0000000085400000| Untracked 
|  85|0x0000000085500000, 0x0000000085600000, 0x0000000085600000|100%| O|  |TAMS 0x0000000085600000, 0x0000000085500000| Untracked 
|  86|0x0000000085600000, 0x0000000085700000, 0x0000000085700000|100%| O|  |TAMS 0x0000000085700000, 0x0000000085600000| Untracked 
|  87|0x0000000085700000, 0x0000000085800000, 0x0000000085800000|100%| O|  |TAMS 0x0000000085800000, 0x0000000085700000| Untracked 
|  88|0x0000000085800000, 0x0000000085900000, 0x0000000085900000|100%|HS|  |TAMS 0x0000000085800000, 0x0000000085800000| Complete 
|  89|0x0000000085900000, 0x0000000085a00000, 0x0000000085a00000|100%|HC|  |TAMS 0x0000000085900000, 0x0000000085900000| Complete 
|  90|0x0000000085a00000, 0x0000000085a00000, 0x0000000085b00000|  0%| F|  |TAMS 0x0000000085a00000, 0x0000000085a00000| Untracked 
|  91|0x0000000085b00000, 0x0000000085c00000, 0x0000000085c00000|100%| O|  |TAMS 0x0000000085c00000, 0x0000000085b00000| Untracked 
|  92|0x0000000085c00000, 0x0000000085c00000, 0x0000000085d00000|  0%| F|  |TAMS 0x0000000085c00000, 0x0000000085c00000| Untracked 
|  93|0x0000000085d00000, 0x0000000085e00000, 0x0000000085e00000|100%|HS|  |TAMS 0x0000000085d00000, 0x0000000085d00000| Complete 
|  94|0x0000000085e00000, 0x0000000085f00000, 0x0000000085f00000|100%| O|  |TAMS 0x0000000085e00000, 0x0000000085e00000| Untracked 
|  95|0x0000000085f00000, 0x0000000086000000, 0x0000000086000000|100%| O|  |TAMS 0x0000000085f00000, 0x0000000085f00000| Untracked 
|  96|0x0000000086000000, 0x0000000086100000, 0x0000000086100000|100%| O|  |TAMS 0x0000000086000000, 0x0000000086000000| Untracked 
|  97|0x0000000086100000, 0x0000000086200000, 0x0000000086200000|100%| O|  |TAMS 0x0000000086200000, 0x0000000086100000| Untracked 
|  98|0x0000000086200000, 0x0000000086300000, 0x0000000086300000|100%| O|  |TAMS 0x0000000086300000, 0x0000000086200000| Untracked 
|  99|0x0000000086300000, 0x0000000086400000, 0x0000000086400000|100%| O|  |TAMS 0x0000000086300000, 0x0000000086300000| Untracked 
| 100|0x0000000086400000, 0x0000000086500000, 0x0000000086500000|100%| O|  |TAMS 0x0000000086400000, 0x0000000086400000| Untracked 
| 101|0x0000000086500000, 0x0000000086600000, 0x0000000086600000|100%| O|  |TAMS 0x0000000086500000, 0x0000000086500000| Untracked 
| 102|0x0000000086600000, 0x0000000086700000, 0x0000000086700000|100%| O|  |TAMS 0x0000000086600000, 0x0000000086600000| Untracked 
| 103|0x0000000086700000, 0x0000000086800000, 0x0000000086800000|100%| O|  |TAMS 0x0000000086700000, 0x0000000086700000| Untracked 
| 104|0x0000000086800000, 0x0000000086900000, 0x0000000086900000|100%| O|  |TAMS 0x0000000086800000, 0x0000000086800000| Untracked 
| 105|0x0000000086900000, 0x0000000086a00000, 0x0000000086a00000|100%| O|  |TAMS 0x0000000086900000, 0x0000000086900000| Untracked 
| 106|0x0000000086a00000, 0x0000000086b00000, 0x0000000086b00000|100%| O|  |TAMS 0x0000000086a00000, 0x0000000086a00000| Untracked 
| 107|0x0000000086b00000, 0x0000000086bb0e00, 0x0000000086c00000| 69%| O|  |TAMS 0x0000000086b00000, 0x0000000086b00000| Untracked 
| 108|0x0000000086c00000, 0x0000000086d00000, 0x0000000086d00000|100%| O|  |TAMS 0x0000000086c00000, 0x0000000086c00000| Untracked 
| 109|0x0000000086d00000, 0x0000000086d00000, 0x0000000086e00000|  0%| F|  |TAMS 0x0000000086d00000, 0x0000000086d00000| Untracked 
| 110|0x0000000086e00000, 0x0000000086f00000, 0x0000000086f00000|100%| O|  |TAMS 0x0000000086e00000, 0x0000000086e00000| Untracked 
| 111|0x0000000086f00000, 0x0000000087000000, 0x0000000087000000|100%| O|  |TAMS 0x0000000086f00000, 0x0000000086f00000| Untracked 
| 112|0x0000000087000000, 0x0000000087100000, 0x0000000087100000|100%| O|  |TAMS 0x0000000087000000, 0x0000000087000000| Untracked 
| 113|0x0000000087100000, 0x0000000087200000, 0x0000000087200000|100%| O|  |TAMS 0x0000000087100000, 0x0000000087100000| Untracked 
| 114|0x0000000087200000, 0x0000000087200000, 0x0000000087300000|  0%| F|  |TAMS 0x0000000087200000, 0x0000000087200000| Untracked 
| 115|0x0000000087300000, 0x0000000087300000, 0x0000000087400000|  0%| F|  |TAMS 0x0000000087300000, 0x0000000087300000| Untracked 
| 116|0x0000000087400000, 0x0000000087400000, 0x0000000087500000|  0%| F|  |TAMS 0x0000000087400000, 0x0000000087400000| Untracked 
| 117|0x0000000087500000, 0x0000000087500000, 0x0000000087600000|  0%| F|  |TAMS 0x0000000087500000, 0x0000000087500000| Untracked 
| 118|0x0000000087600000, 0x0000000087600000, 0x0000000087700000|  0%| F|  |TAMS 0x0000000087600000, 0x0000000087600000| Untracked 
| 119|0x0000000087700000, 0x0000000087700000, 0x0000000087800000|  0%| F|  |TAMS 0x0000000087700000, 0x0000000087700000| Untracked 
| 120|0x0000000087800000, 0x0000000087800000, 0x0000000087900000|  0%| F|  |TAMS 0x0000000087800000, 0x0000000087800000| Untracked 
| 121|0x0000000087900000, 0x0000000087900000, 0x0000000087a00000|  0%| F|  |TAMS 0x0000000087900000, 0x0000000087900000| Untracked 
| 122|0x0000000087a00000, 0x0000000087a00000, 0x0000000087b00000|  0%| F|  |TAMS 0x0000000087a00000, 0x0000000087a00000| Untracked 
| 123|0x0000000087b00000, 0x0000000087b00000, 0x0000000087c00000|  0%| F|  |TAMS 0x0000000087b00000, 0x0000000087b00000| Untracked 
| 124|0x0000000087c00000, 0x0000000087c00000, 0x0000000087d00000|  0%| F|  |TAMS 0x0000000087c00000, 0x0000000087c00000| Untracked 
| 125|0x0000000087d00000, 0x0000000087d00000, 0x0000000087e00000|  0%| F|  |TAMS 0x0000000087d00000, 0x0000000087d00000| Untracked 
| 126|0x0000000087e00000, 0x0000000087e00000, 0x0000000087f00000|  0%| F|  |TAMS 0x0000000087e00000, 0x0000000087e00000| Untracked 
| 127|0x0000000087f00000, 0x0000000087f00000, 0x0000000088000000|  0%| F|  |TAMS 0x0000000087f00000, 0x0000000087f00000| Untracked 
| 128|0x0000000088000000, 0x0000000088000000, 0x0000000088100000|  0%| F|  |TAMS 0x0000000088000000, 0x0000000088000000| Untracked 
| 129|0x0000000088100000, 0x0000000088100000, 0x0000000088200000|  0%| F|  |TAMS 0x0000000088100000, 0x0000000088100000| Untracked 
| 130|0x0000000088200000, 0x0000000088200000, 0x0000000088300000|  0%| F|  |TAMS 0x0000000088200000, 0x0000000088200000| Untracked 
| 131|0x0000000088300000, 0x0000000088300000, 0x0000000088400000|  0%| F|  |TAMS 0x0000000088300000, 0x0000000088300000| Untracked 
| 132|0x0000000088400000, 0x0000000088400000, 0x0000000088500000|  0%| F|  |TAMS 0x0000000088400000, 0x0000000088400000| Untracked 
| 133|0x0000000088500000, 0x0000000088500000, 0x0000000088600000|  0%| F|  |TAMS 0x0000000088500000, 0x0000000088500000| Untracked 
| 134|0x0000000088600000, 0x0000000088600000, 0x0000000088700000|  0%| F|  |TAMS 0x0000000088600000, 0x0000000088600000| Untracked 
| 135|0x0000000088700000, 0x0000000088700000, 0x0000000088800000|  0%| F|  |TAMS 0x0000000088700000, 0x0000000088700000| Untracked 
| 136|0x0000000088800000, 0x0000000088800000, 0x0000000088900000|  0%| F|  |TAMS 0x0000000088800000, 0x0000000088800000| Untracked 
| 137|0x0000000088900000, 0x0000000088900000, 0x0000000088a00000|  0%| F|  |TAMS 0x0000000088900000, 0x0000000088900000| Untracked 
| 138|0x0000000088a00000, 0x0000000088a00000, 0x0000000088b00000|  0%| F|  |TAMS 0x0000000088a00000, 0x0000000088a00000| Untracked 
| 139|0x0000000088b00000, 0x0000000088b00000, 0x0000000088c00000|  0%| F|  |TAMS 0x0000000088b00000, 0x0000000088b00000| Untracked 
| 140|0x0000000088c00000, 0x0000000088d00000, 0x0000000088d00000|100%| O|  |TAMS 0x0000000088c00000, 0x0000000088c00000| Untracked 
| 141|0x0000000088d00000, 0x0000000088d00000, 0x0000000088e00000|  0%| F|  |TAMS 0x0000000088d00000, 0x0000000088d00000| Untracked 
| 142|0x0000000088e00000, 0x0000000088f00000, 0x0000000088f00000|100%| O|  |TAMS 0x0000000088e00000, 0x0000000088e00000| Untracked 
| 143|0x0000000088f00000, 0x0000000088f00000, 0x0000000089000000|  0%| F|  |TAMS 0x0000000088f00000, 0x0000000088f00000| Untracked 
| 144|0x0000000089000000, 0x0000000089100000, 0x0000000089100000|100%| O|  |TAMS 0x0000000089000000, 0x0000000089000000| Untracked 
| 145|0x0000000089100000, 0x0000000089200000, 0x0000000089200000|100%| O|  |TAMS 0x0000000089100000, 0x0000000089100000| Untracked 
| 146|0x0000000089200000, 0x0000000089300000, 0x0000000089300000|100%| O|  |TAMS 0x0000000089200000, 0x0000000089200000| Untracked 
| 147|0x0000000089300000, 0x0000000089400000, 0x0000000089400000|100%| O|  |TAMS 0x0000000089300000, 0x0000000089300000| Untracked 
| 148|0x0000000089400000, 0x0000000089500000, 0x0000000089500000|100%| O|  |TAMS 0x0000000089400000, 0x0000000089400000| Untracked 
| 149|0x0000000089500000, 0x0000000089600000, 0x0000000089600000|100%| O|  |TAMS 0x0000000089600000, 0x0000000089500000| Untracked 
| 150|0x0000000089600000, 0x0000000089700000, 0x0000000089700000|100%| O|  |TAMS 0x0000000089700000, 0x0000000089600000| Untracked 
| 151|0x0000000089700000, 0x0000000089700000, 0x0000000089800000|  0%| F|  |TAMS 0x0000000089700000, 0x0000000089700000| Untracked 
| 152|0x0000000089800000, 0x0000000089900000, 0x0000000089900000|100%| O|  |TAMS 0x0000000089900000, 0x0000000089800000| Untracked 
| 153|0x0000000089900000, 0x0000000089a00000, 0x0000000089a00000|100%| O|  |TAMS 0x0000000089a00000, 0x0000000089900000| Untracked 
| 154|0x0000000089a00000, 0x0000000089b00000, 0x0000000089b00000|100%| O|  |TAMS 0x0000000089b00000, 0x0000000089a00000| Untracked 
| 155|0x0000000089b00000, 0x0000000089b00000, 0x0000000089c00000|  0%| F|  |TAMS 0x0000000089b00000, 0x0000000089b00000| Untracked 
| 156|0x0000000089c00000, 0x0000000089c00000, 0x0000000089d00000|  0%| F|  |TAMS 0x0000000089c00000, 0x0000000089c00000| Untracked 
| 157|0x0000000089d00000, 0x0000000089d00000, 0x0000000089e00000|  0%| F|  |TAMS 0x0000000089d00000, 0x0000000089d00000| Untracked 
| 158|0x0000000089e00000, 0x0000000089f00000, 0x0000000089f00000|100%| O|  |TAMS 0x0000000089f00000, 0x0000000089e00000| Untracked 
| 159|0x0000000089f00000, 0x000000008a000000, 0x000000008a000000|100%| O|  |TAMS 0x000000008a000000, 0x0000000089f00000| Untracked 
| 160|0x000000008a000000, 0x000000008a100000, 0x000000008a100000|100%| O|  |TAMS 0x000000008a100000, 0x000000008a000000| Untracked 
| 161|0x000000008a100000, 0x000000008a200000, 0x000000008a200000|100%| O|  |TAMS 0x000000008a200000, 0x000000008a100000| Untracked 
| 162|0x000000008a200000, 0x000000008a300000, 0x000000008a300000|100%| O|  |TAMS 0x000000008a300000, 0x000000008a200000| Untracked 
| 163|0x000000008a300000, 0x000000008a400000, 0x000000008a400000|100%| O|  |TAMS 0x000000008a400000, 0x000000008a300000| Untracked 
| 164|0x000000008a400000, 0x000000008a500000, 0x000000008a500000|100%| O|  |TAMS 0x000000008a500000, 0x000000008a400000| Untracked 
| 165|0x000000008a500000, 0x000000008a600000, 0x000000008a600000|100%| O|  |TAMS 0x000000008a600000, 0x000000008a500000| Untracked 
| 166|0x000000008a600000, 0x000000008a600000, 0x000000008a700000|  0%| F|  |TAMS 0x000000008a600000, 0x000000008a600000| Untracked 
| 167|0x000000008a700000, 0x000000008a700000, 0x000000008a800000|  0%| F|  |TAMS 0x000000008a700000, 0x000000008a700000| Untracked 
| 168|0x000000008a800000, 0x000000008a800000, 0x000000008a900000|  0%| F|  |TAMS 0x000000008a800000, 0x000000008a800000| Untracked 
| 169|0x000000008a900000, 0x000000008aa00000, 0x000000008aa00000|100%| O|  |TAMS 0x000000008a951600, 0x000000008a900000| Untracked 
| 170|0x000000008aa00000, 0x000000008ab00000, 0x000000008ab00000|100%|HS|  |TAMS 0x000000008aa00000, 0x000000008aa00000| Complete 
| 171|0x000000008ab00000, 0x000000008ac00000, 0x000000008ac00000|100%|HS|  |TAMS 0x000000008ab00000, 0x000000008ab00000| Complete 
| 172|0x000000008ac00000, 0x000000008ad00000, 0x000000008ad00000|100%|HS|  |TAMS 0x000000008ad00000, 0x000000008ac00000| Complete 
| 173|0x000000008ad00000, 0x000000008ae00000, 0x000000008ae00000|100%|HC|  |TAMS 0x000000008ae00000, 0x000000008ad00000| Complete 
| 174|0x000000008ae00000, 0x000000008af00000, 0x000000008af00000|100%|HS|  |TAMS 0x000000008af00000, 0x000000008ae00000| Complete 
| 175|0x000000008af00000, 0x000000008b000000, 0x000000008b000000|100%| O|  |TAMS 0x000000008af00000, 0x000000008af00000| Untracked 
| 176|0x000000008b000000, 0x000000008b100000, 0x000000008b100000|100%| O|  |TAMS 0x000000008b000000, 0x000000008b000000| Untracked 
| 177|0x000000008b100000, 0x000000008b200000, 0x000000008b200000|100%| O|  |TAMS 0x000000008b100000, 0x000000008b100000| Untracked 
| 178|0x000000008b200000, 0x000000008b300000, 0x000000008b300000|100%| O|  |TAMS 0x000000008b200000, 0x000000008b200000| Untracked 
| 179|0x000000008b300000, 0x000000008b400000, 0x000000008b400000|100%| O|  |TAMS 0x000000008b300000, 0x000000008b300000| Untracked 
| 180|0x000000008b400000, 0x000000008b500000, 0x000000008b500000|100%| O|  |TAMS 0x000000008b400000, 0x000000008b400000| Untracked 
| 181|0x000000008b500000, 0x000000008b600000, 0x000000008b600000|100%| O|  |TAMS 0x000000008b500000, 0x000000008b500000| Untracked 
| 182|0x000000008b600000, 0x000000008b700000, 0x000000008b700000|100%| O|  |TAMS 0x000000008b600000, 0x000000008b600000| Untracked 
| 183|0x000000008b700000, 0x000000008b800000, 0x000000008b800000|100%| O|  |TAMS 0x000000008b700000, 0x000000008b700000| Untracked 
| 184|0x000000008b800000, 0x000000008b900000, 0x000000008b900000|100%| O|  |TAMS 0x000000008b800000, 0x000000008b800000| Untracked 
| 185|0x000000008b900000, 0x000000008ba00000, 0x000000008ba00000|100%| O|  |TAMS 0x000000008b900000, 0x000000008b900000| Untracked 
| 186|0x000000008ba00000, 0x000000008bb00000, 0x000000008bb00000|100%| O|  |TAMS 0x000000008ba00000, 0x000000008ba00000| Untracked 
| 187|0x000000008bb00000, 0x000000008bc00000, 0x000000008bc00000|100%| O|  |TAMS 0x000000008bb00000, 0x000000008bb00000| Untracked 
| 188|0x000000008bc00000, 0x000000008bd00000, 0x000000008bd00000|100%| O|  |TAMS 0x000000008bc00000, 0x000000008bc00000| Untracked 
| 189|0x000000008bd00000, 0x000000008be00000, 0x000000008be00000|100%| O|  |TAMS 0x000000008bd00000, 0x000000008bd00000| Untracked 
| 190|0x000000008be00000, 0x000000008bf00000, 0x000000008bf00000|100%| O|  |TAMS 0x000000008be00000, 0x000000008be00000| Untracked 
| 191|0x000000008bf00000, 0x000000008bfffff8, 0x000000008c000000| 99%| O|  |TAMS 0x000000008bf00000, 0x000000008bf00000| Untracked 
| 192|0x000000008c000000, 0x000000008c100000, 0x000000008c100000|100%| O|  |TAMS 0x000000008c000000, 0x000000008c000000| Untracked 
| 193|0x000000008c100000, 0x000000008c200000, 0x000000008c200000|100%| O|  |TAMS 0x000000008c100000, 0x000000008c100000| Untracked 
| 194|0x000000008c200000, 0x000000008c300000, 0x000000008c300000|100%| O|  |TAMS 0x000000008c200000, 0x000000008c200000| Untracked 
| 195|0x000000008c300000, 0x000000008c400000, 0x000000008c400000|100%| O|  |TAMS 0x000000008c300000, 0x000000008c300000| Untracked 
| 196|0x000000008c400000, 0x000000008c500000, 0x000000008c500000|100%| O|  |TAMS 0x000000008c400000, 0x000000008c400000| Untracked 
| 197|0x000000008c500000, 0x000000008c600000, 0x000000008c600000|100%| O|  |TAMS 0x000000008c500000, 0x000000008c500000| Untracked 
| 198|0x000000008c600000, 0x000000008c700000, 0x000000008c700000|100%| O|  |TAMS 0x000000008c600000, 0x000000008c600000| Untracked 
| 199|0x000000008c700000, 0x000000008c800000, 0x000000008c800000|100%| O|  |TAMS 0x000000008c700000, 0x000000008c700000| Untracked 
| 200|0x000000008c800000, 0x000000008c900000, 0x000000008c900000|100%| O|  |TAMS 0x000000008c800000, 0x000000008c800000| Untracked 
| 201|0x000000008c900000, 0x000000008ca00000, 0x000000008ca00000|100%| O|  |TAMS 0x000000008c900000, 0x000000008c900000| Untracked 
| 202|0x000000008ca00000, 0x000000008cb00000, 0x000000008cb00000|100%| O|  |TAMS 0x000000008ca00000, 0x000000008ca00000| Untracked 
| 203|0x000000008cb00000, 0x000000008cc00000, 0x000000008cc00000|100%| O|  |TAMS 0x000000008cb00000, 0x000000008cb00000| Untracked 
| 204|0x000000008cc00000, 0x000000008cd00000, 0x000000008cd00000|100%| O|  |TAMS 0x000000008cc00000, 0x000000008cc00000| Untracked 
| 205|0x000000008cd00000, 0x000000008ce00000, 0x000000008ce00000|100%| O|  |TAMS 0x000000008cd00000, 0x000000008cd00000| Untracked 
| 206|0x000000008ce00000, 0x000000008cf00000, 0x000000008cf00000|100%| O|  |TAMS 0x000000008ce00000, 0x000000008ce00000| Untracked 
| 207|0x000000008cf00000, 0x000000008d000000, 0x000000008d000000|100%| O|  |TAMS 0x000000008cf00000, 0x000000008cf00000| Untracked 
| 208|0x000000008d000000, 0x000000008d100000, 0x000000008d100000|100%| O|  |TAMS 0x000000008d000000, 0x000000008d000000| Untracked 
| 209|0x000000008d100000, 0x000000008d200000, 0x000000008d200000|100%| O|  |TAMS 0x000000008d100000, 0x000000008d100000| Untracked 
| 210|0x000000008d200000, 0x000000008d200000, 0x000000008d300000|  0%| F|  |TAMS 0x000000008d200000, 0x000000008d200000| Untracked 
| 211|0x000000008d300000, 0x000000008d300000, 0x000000008d400000|  0%| F|  |TAMS 0x000000008d300000, 0x000000008d300000| Untracked 
| 212|0x000000008d400000, 0x000000008d400000, 0x000000008d500000|  0%| F|  |TAMS 0x000000008d400000, 0x000000008d400000| Untracked 
| 213|0x000000008d500000, 0x000000008d500000, 0x000000008d600000|  0%| F|  |TAMS 0x000000008d500000, 0x000000008d500000| Untracked 
| 214|0x000000008d600000, 0x000000008d600000, 0x000000008d700000|  0%| F|  |TAMS 0x000000008d600000, 0x000000008d600000| Untracked 
| 215|0x000000008d700000, 0x000000008d700000, 0x000000008d800000|  0%| F|  |TAMS 0x000000008d700000, 0x000000008d700000| Untracked 
| 216|0x000000008d800000, 0x000000008d800000, 0x000000008d900000|  0%| F|  |TAMS 0x000000008d800000, 0x000000008d800000| Untracked 
| 217|0x000000008d900000, 0x000000008d900000, 0x000000008da00000|  0%| F|  |TAMS 0x000000008d900000, 0x000000008d900000| Untracked 
| 218|0x000000008da00000, 0x000000008da00000, 0x000000008db00000|  0%| F|  |TAMS 0x000000008da00000, 0x000000008da00000| Untracked 
| 219|0x000000008db00000, 0x000000008db00000, 0x000000008dc00000|  0%| F|  |TAMS 0x000000008db00000, 0x000000008db00000| Untracked 
| 220|0x000000008dc00000, 0x000000008dc00000, 0x000000008dd00000|  0%| F|  |TAMS 0x000000008dc00000, 0x000000008dc00000| Untracked 
| 221|0x000000008dd00000, 0x000000008dd00000, 0x000000008de00000|  0%| F|  |TAMS 0x000000008dd00000, 0x000000008dd00000| Untracked 
| 222|0x000000008de00000, 0x000000008de00000, 0x000000008df00000|  0%| F|  |TAMS 0x000000008de00000, 0x000000008de00000| Untracked 
| 223|0x000000008df00000, 0x000000008df00000, 0x000000008e000000|  0%| F|  |TAMS 0x000000008df00000, 0x000000008df00000| Untracked 
| 224|0x000000008e000000, 0x000000008e000000, 0x000000008e100000|  0%| F|  |TAMS 0x000000008e000000, 0x000000008e000000| Untracked 
| 225|0x000000008e100000, 0x000000008e100000, 0x000000008e200000|  0%| F|  |TAMS 0x000000008e100000, 0x000000008e100000| Untracked 
| 226|0x000000008e200000, 0x000000008e200000, 0x000000008e300000|  0%| F|  |TAMS 0x000000008e200000, 0x000000008e200000| Untracked 
| 227|0x000000008e300000, 0x000000008e300000, 0x000000008e400000|  0%| F|  |TAMS 0x000000008e300000, 0x000000008e300000| Untracked 
| 228|0x000000008e400000, 0x000000008e400000, 0x000000008e500000|  0%| F|  |TAMS 0x000000008e400000, 0x000000008e400000| Untracked 
| 229|0x000000008e500000, 0x000000008e500000, 0x000000008e600000|  0%| F|  |TAMS 0x000000008e500000, 0x000000008e500000| Untracked 
| 230|0x000000008e600000, 0x000000008e600000, 0x000000008e700000|  0%| F|  |TAMS 0x000000008e600000, 0x000000008e600000| Untracked 
| 231|0x000000008e700000, 0x000000008e700000, 0x000000008e800000|  0%| F|  |TAMS 0x000000008e700000, 0x000000008e700000| Untracked 
| 232|0x000000008e800000, 0x000000008e800000, 0x000000008e900000|  0%| F|  |TAMS 0x000000008e800000, 0x000000008e800000| Untracked 
| 233|0x000000008e900000, 0x000000008e900000, 0x000000008ea00000|  0%| F|  |TAMS 0x000000008e900000, 0x000000008e900000| Untracked 
| 234|0x000000008ea00000, 0x000000008ea00000, 0x000000008eb00000|  0%| F|  |TAMS 0x000000008ea00000, 0x000000008ea00000| Untracked 
| 235|0x000000008eb00000, 0x000000008eb00000, 0x000000008ec00000|  0%| F|  |TAMS 0x000000008eb00000, 0x000000008eb00000| Untracked 
| 236|0x000000008ec00000, 0x000000008ec00000, 0x000000008ed00000|  0%| F|  |TAMS 0x000000008ec00000, 0x000000008ec00000| Untracked 
| 237|0x000000008ed00000, 0x000000008ed00000, 0x000000008ee00000|  0%| F|  |TAMS 0x000000008ed00000, 0x000000008ed00000| Untracked 
| 238|0x000000008ee00000, 0x000000008ee00000, 0x000000008ef00000|  0%| F|  |TAMS 0x000000008ee00000, 0x000000008ee00000| Untracked 
| 239|0x000000008ef00000, 0x000000008ef00000, 0x000000008f000000|  0%| F|  |TAMS 0x000000008ef00000, 0x000000008ef00000| Untracked 
| 240|0x000000008f000000, 0x000000008f000000, 0x000000008f100000|  0%| F|  |TAMS 0x000000008f000000, 0x000000008f000000| Untracked 
| 241|0x000000008f100000, 0x000000008f100000, 0x000000008f200000|  0%| F|  |TAMS 0x000000008f100000, 0x000000008f100000| Untracked 
| 242|0x000000008f200000, 0x000000008f200000, 0x000000008f300000|  0%| F|  |TAMS 0x000000008f200000, 0x000000008f200000| Untracked 
| 243|0x000000008f300000, 0x000000008f300000, 0x000000008f400000|  0%| F|  |TAMS 0x000000008f300000, 0x000000008f300000| Untracked 
| 244|0x000000008f400000, 0x000000008f400000, 0x000000008f500000|  0%| F|  |TAMS 0x000000008f400000, 0x000000008f400000| Untracked 
| 245|0x000000008f500000, 0x000000008f500000, 0x000000008f600000|  0%| F|  |TAMS 0x000000008f500000, 0x000000008f500000| Untracked 
| 246|0x000000008f600000, 0x000000008f600000, 0x000000008f700000|  0%| F|  |TAMS 0x000000008f600000, 0x000000008f600000| Untracked 
| 247|0x000000008f700000, 0x000000008f700000, 0x000000008f800000|  0%| F|  |TAMS 0x000000008f700000, 0x000000008f700000| Untracked 
| 248|0x000000008f800000, 0x000000008f800000, 0x000000008f900000|  0%| F|  |TAMS 0x000000008f800000, 0x000000008f800000| Untracked 
| 249|0x000000008f900000, 0x000000008f900000, 0x000000008fa00000|  0%| F|  |TAMS 0x000000008f900000, 0x000000008f900000| Untracked 
| 250|0x000000008fa00000, 0x000000008fa00000, 0x000000008fb00000|  0%| F|  |TAMS 0x000000008fa00000, 0x000000008fa00000| Untracked 
| 251|0x000000008fb00000, 0x000000008fb00000, 0x000000008fc00000|  0%| F|  |TAMS 0x000000008fb00000, 0x000000008fb00000| Untracked 
| 252|0x000000008fc00000, 0x000000008fc00000, 0x000000008fd00000|  0%| F|  |TAMS 0x000000008fc00000, 0x000000008fc00000| Untracked 
| 253|0x000000008fd00000, 0x000000008fd00000, 0x000000008fe00000|  0%| F|  |TAMS 0x000000008fd00000, 0x000000008fd00000| Untracked 
| 254|0x000000008fe00000, 0x000000008fe00000, 0x000000008ff00000|  0%| F|  |TAMS 0x000000008fe00000, 0x000000008fe00000| Untracked 
| 255|0x000000008ff00000, 0x000000008ff00000, 0x0000000090000000|  0%| F|  |TAMS 0x000000008ff00000, 0x000000008ff00000| Untracked 
| 256|0x0000000090000000, 0x0000000090000000, 0x0000000090100000|  0%| F|  |TAMS 0x0000000090000000, 0x0000000090000000| Untracked 
| 257|0x0000000090100000, 0x0000000090100000, 0x0000000090200000|  0%| F|  |TAMS 0x0000000090100000, 0x0000000090100000| Untracked 
| 258|0x0000000090200000, 0x0000000090200000, 0x0000000090300000|  0%| F|  |TAMS 0x0000000090200000, 0x0000000090200000| Untracked 
| 259|0x0000000090300000, 0x0000000090300000, 0x0000000090400000|  0%| F|  |TAMS 0x0000000090300000, 0x0000000090300000| Untracked 
| 260|0x0000000090400000, 0x0000000090400000, 0x0000000090500000|  0%| F|  |TAMS 0x0000000090400000, 0x0000000090400000| Untracked 
| 261|0x0000000090500000, 0x0000000090500000, 0x0000000090600000|  0%| F|  |TAMS 0x0000000090500000, 0x0000000090500000| Untracked 
| 262|0x0000000090600000, 0x00000000906f5bb0, 0x0000000090700000| 95%| S|CS|TAMS 0x0000000090600000, 0x0000000090600000| Complete 
| 263|0x0000000090700000, 0x0000000090800000, 0x0000000090800000|100%| S|CS|TAMS 0x0000000090700000, 0x0000000090700000| Complete 
| 264|0x0000000090800000, 0x0000000090900000, 0x0000000090900000|100%| S|CS|TAMS 0x0000000090800000, 0x0000000090800000| Complete 
| 265|0x0000000090900000, 0x0000000090a00000, 0x0000000090a00000|100%| S|CS|TAMS 0x0000000090900000, 0x0000000090900000| Complete 
| 266|0x0000000090a00000, 0x0000000090b00000, 0x0000000090b00000|100%| S|CS|TAMS 0x0000000090a00000, 0x0000000090a00000| Complete 
| 267|0x0000000090b00000, 0x0000000090c00000, 0x0000000090c00000|100%| S|CS|TAMS 0x0000000090b00000, 0x0000000090b00000| Complete 
| 268|0x0000000090c00000, 0x0000000090d00000, 0x0000000090d00000|100%| S|CS|TAMS 0x0000000090c00000, 0x0000000090c00000| Complete 
| 269|0x0000000090d00000, 0x0000000090d00000, 0x0000000090e00000|  0%| F|  |TAMS 0x0000000090d00000, 0x0000000090d00000| Untracked 
| 270|0x0000000090e00000, 0x0000000090e00000, 0x0000000090f00000|  0%| F|  |TAMS 0x0000000090e00000, 0x0000000090e00000| Untracked 
| 271|0x0000000090f00000, 0x0000000090f00000, 0x0000000091000000|  0%| F|  |TAMS 0x0000000090f00000, 0x0000000090f00000| Untracked 
| 272|0x0000000091000000, 0x0000000091000000, 0x0000000091100000|  0%| F|  |TAMS 0x0000000091000000, 0x0000000091000000| Untracked 
| 273|0x0000000091100000, 0x0000000091100000, 0x0000000091200000|  0%| F|  |TAMS 0x0000000091100000, 0x0000000091100000| Untracked 
| 274|0x0000000091200000, 0x0000000091200000, 0x0000000091300000|  0%| F|  |TAMS 0x0000000091200000, 0x0000000091200000| Untracked 
| 275|0x0000000091300000, 0x0000000091300000, 0x0000000091400000|  0%| F|  |TAMS 0x0000000091300000, 0x0000000091300000| Untracked 
| 276|0x0000000091400000, 0x0000000091400000, 0x0000000091500000|  0%| F|  |TAMS 0x0000000091400000, 0x0000000091400000| Untracked 
| 277|0x0000000091500000, 0x0000000091500000, 0x0000000091600000|  0%| F|  |TAMS 0x0000000091500000, 0x0000000091500000| Untracked 
| 278|0x0000000091600000, 0x0000000091600000, 0x0000000091700000|  0%| F|  |TAMS 0x0000000091600000, 0x0000000091600000| Untracked 
| 279|0x0000000091700000, 0x0000000091700000, 0x0000000091800000|  0%| F|  |TAMS 0x0000000091700000, 0x0000000091700000| Untracked 
| 280|0x0000000091800000, 0x0000000091800000, 0x0000000091900000|  0%| F|  |TAMS 0x0000000091800000, 0x0000000091800000| Untracked 
| 281|0x0000000091900000, 0x0000000091900000, 0x0000000091a00000|  0%| F|  |TAMS 0x0000000091900000, 0x0000000091900000| Untracked 
| 282|0x0000000091a00000, 0x0000000091a00000, 0x0000000091b00000|  0%| F|  |TAMS 0x0000000091a00000, 0x0000000091a00000| Untracked 
| 283|0x0000000091b00000, 0x0000000091b00000, 0x0000000091c00000|  0%| F|  |TAMS 0x0000000091b00000, 0x0000000091b00000| Untracked 
| 284|0x0000000091c00000, 0x0000000091c00000, 0x0000000091d00000|  0%| F|  |TAMS 0x0000000091c00000, 0x0000000091c00000| Untracked 
| 285|0x0000000091d00000, 0x0000000091d00000, 0x0000000091e00000|  0%| F|  |TAMS 0x0000000091d00000, 0x0000000091d00000| Untracked 
| 286|0x0000000091e00000, 0x0000000091e00000, 0x0000000091f00000|  0%| F|  |TAMS 0x0000000091e00000, 0x0000000091e00000| Untracked 
| 287|0x0000000091f00000, 0x0000000091f00000, 0x0000000092000000|  0%| F|  |TAMS 0x0000000091f00000, 0x0000000091f00000| Untracked 
| 288|0x0000000092000000, 0x0000000092000000, 0x0000000092100000|  0%| F|  |TAMS 0x0000000092000000, 0x0000000092000000| Untracked 
| 289|0x0000000092100000, 0x0000000092100000, 0x0000000092200000|  0%| F|  |TAMS 0x0000000092100000, 0x0000000092100000| Untracked 
| 290|0x0000000092200000, 0x0000000092200000, 0x0000000092300000|  0%| F|  |TAMS 0x0000000092200000, 0x0000000092200000| Untracked 
| 291|0x0000000092300000, 0x0000000092300000, 0x0000000092400000|  0%| F|  |TAMS 0x0000000092300000, 0x0000000092300000| Untracked 
| 292|0x0000000092400000, 0x0000000092400000, 0x0000000092500000|  0%| F|  |TAMS 0x0000000092400000, 0x0000000092400000| Untracked 
| 293|0x0000000092500000, 0x0000000092500000, 0x0000000092600000|  0%| F|  |TAMS 0x0000000092500000, 0x0000000092500000| Untracked 
| 294|0x0000000092600000, 0x0000000092600000, 0x0000000092700000|  0%| F|  |TAMS 0x0000000092600000, 0x0000000092600000| Untracked 
| 295|0x0000000092700000, 0x0000000092700000, 0x0000000092800000|  0%| F|  |TAMS 0x0000000092700000, 0x0000000092700000| Untracked 
| 296|0x0000000092800000, 0x0000000092800000, 0x0000000092900000|  0%| F|  |TAMS 0x0000000092800000, 0x0000000092800000| Untracked 
| 297|0x0000000092900000, 0x0000000092900000, 0x0000000092a00000|  0%| F|  |TAMS 0x0000000092900000, 0x0000000092900000| Untracked 
| 298|0x0000000092a00000, 0x0000000092a00000, 0x0000000092b00000|  0%| F|  |TAMS 0x0000000092a00000, 0x0000000092a00000| Untracked 
| 299|0x0000000092b00000, 0x0000000092b00000, 0x0000000092c00000|  0%| F|  |TAMS 0x0000000092b00000, 0x0000000092b00000| Untracked 
| 300|0x0000000092c00000, 0x0000000092c00000, 0x0000000092d00000|  0%| F|  |TAMS 0x0000000092c00000, 0x0000000092c00000| Untracked 
| 301|0x0000000092d00000, 0x0000000092d00000, 0x0000000092e00000|  0%| F|  |TAMS 0x0000000092d00000, 0x0000000092d00000| Untracked 
| 302|0x0000000092e00000, 0x0000000092e00000, 0x0000000092f00000|  0%| F|  |TAMS 0x0000000092e00000, 0x0000000092e00000| Untracked 
| 303|0x0000000092f00000, 0x0000000092f00000, 0x0000000093000000|  0%| F|  |TAMS 0x0000000092f00000, 0x0000000092f00000| Untracked 
| 304|0x0000000093000000, 0x0000000093000000, 0x0000000093100000|  0%| F|  |TAMS 0x0000000093000000, 0x0000000093000000| Untracked 
| 305|0x0000000093100000, 0x0000000093100000, 0x0000000093200000|  0%| F|  |TAMS 0x0000000093100000, 0x0000000093100000| Untracked 
| 306|0x0000000093200000, 0x0000000093200000, 0x0000000093300000|  0%| F|  |TAMS 0x0000000093200000, 0x0000000093200000| Untracked 
| 307|0x0000000093300000, 0x0000000093300000, 0x0000000093400000|  0%| F|  |TAMS 0x0000000093300000, 0x0000000093300000| Untracked 
| 308|0x0000000093400000, 0x0000000093400000, 0x0000000093500000|  0%| F|  |TAMS 0x0000000093400000, 0x0000000093400000| Untracked 
| 309|0x0000000093500000, 0x0000000093500000, 0x0000000093600000|  0%| F|  |TAMS 0x0000000093500000, 0x0000000093500000| Untracked 
| 310|0x0000000093600000, 0x0000000093600000, 0x0000000093700000|  0%| F|  |TAMS 0x0000000093600000, 0x0000000093600000| Untracked 
| 311|0x0000000093700000, 0x0000000093700000, 0x0000000093800000|  0%| F|  |TAMS 0x0000000093700000, 0x0000000093700000| Untracked 
| 312|0x0000000093800000, 0x0000000093800000, 0x0000000093900000|  0%| F|  |TAMS 0x0000000093800000, 0x0000000093800000| Untracked 
| 313|0x0000000093900000, 0x0000000093900000, 0x0000000093a00000|  0%| F|  |TAMS 0x0000000093900000, 0x0000000093900000| Untracked 
| 314|0x0000000093a00000, 0x0000000093a00000, 0x0000000093b00000|  0%| F|  |TAMS 0x0000000093a00000, 0x0000000093a00000| Untracked 
| 315|0x0000000093b00000, 0x0000000093b00000, 0x0000000093c00000|  0%| F|  |TAMS 0x0000000093b00000, 0x0000000093b00000| Untracked 
| 316|0x0000000093c00000, 0x0000000093c00000, 0x0000000093d00000|  0%| F|  |TAMS 0x0000000093c00000, 0x0000000093c00000| Untracked 
| 317|0x0000000093d00000, 0x0000000093d00000, 0x0000000093e00000|  0%| F|  |TAMS 0x0000000093d00000, 0x0000000093d00000| Untracked 
| 318|0x0000000093e00000, 0x0000000093e00000, 0x0000000093f00000|  0%| F|  |TAMS 0x0000000093e00000, 0x0000000093e00000| Untracked 
| 319|0x0000000093f00000, 0x0000000093f00000, 0x0000000094000000|  0%| F|  |TAMS 0x0000000093f00000, 0x0000000093f00000| Untracked 
| 320|0x0000000094000000, 0x0000000094000000, 0x0000000094100000|  0%| F|  |TAMS 0x0000000094000000, 0x0000000094000000| Untracked 
| 321|0x0000000094100000, 0x0000000094100000, 0x0000000094200000|  0%| F|  |TAMS 0x0000000094100000, 0x0000000094100000| Untracked 
| 322|0x0000000094200000, 0x0000000094200000, 0x0000000094300000|  0%| F|  |TAMS 0x0000000094200000, 0x0000000094200000| Untracked 
| 323|0x0000000094300000, 0x0000000094300000, 0x0000000094400000|  0%| F|  |TAMS 0x0000000094300000, 0x0000000094300000| Untracked 
| 324|0x0000000094400000, 0x0000000094400000, 0x0000000094500000|  0%| F|  |TAMS 0x0000000094400000, 0x0000000094400000| Untracked 
| 325|0x0000000094500000, 0x0000000094500000, 0x0000000094600000|  0%| F|  |TAMS 0x0000000094500000, 0x0000000094500000| Untracked 
| 326|0x0000000094600000, 0x0000000094600000, 0x0000000094700000|  0%| F|  |TAMS 0x0000000094600000, 0x0000000094600000| Untracked 
| 327|0x0000000094700000, 0x0000000094700000, 0x0000000094800000|  0%| F|  |TAMS 0x0000000094700000, 0x0000000094700000| Untracked 
| 328|0x0000000094800000, 0x0000000094800000, 0x0000000094900000|  0%| F|  |TAMS 0x0000000094800000, 0x0000000094800000| Untracked 
| 329|0x0000000094900000, 0x0000000094900000, 0x0000000094a00000|  0%| F|  |TAMS 0x0000000094900000, 0x0000000094900000| Untracked 
| 330|0x0000000094a00000, 0x0000000094a00000, 0x0000000094b00000|  0%| F|  |TAMS 0x0000000094a00000, 0x0000000094a00000| Untracked 
| 331|0x0000000094b00000, 0x0000000094b00000, 0x0000000094c00000|  0%| F|  |TAMS 0x0000000094b00000, 0x0000000094b00000| Untracked 
| 332|0x0000000094c00000, 0x0000000094c00000, 0x0000000094d00000|  0%| F|  |TAMS 0x0000000094c00000, 0x0000000094c00000| Untracked 
| 333|0x0000000094d00000, 0x0000000094d00000, 0x0000000094e00000|  0%| F|  |TAMS 0x0000000094d00000, 0x0000000094d00000| Untracked 
| 334|0x0000000094e00000, 0x0000000094e00000, 0x0000000094f00000|  0%| F|  |TAMS 0x0000000094e00000, 0x0000000094e00000| Untracked 
| 335|0x0000000094f00000, 0x0000000094f00000, 0x0000000095000000|  0%| F|  |TAMS 0x0000000094f00000, 0x0000000094f00000| Untracked 
| 336|0x0000000095000000, 0x0000000095000000, 0x0000000095100000|  0%| F|  |TAMS 0x0000000095000000, 0x0000000095000000| Untracked 
| 337|0x0000000095100000, 0x0000000095100000, 0x0000000095200000|  0%| F|  |TAMS 0x0000000095100000, 0x0000000095100000| Untracked 
| 338|0x0000000095200000, 0x0000000095200000, 0x0000000095300000|  0%| F|  |TAMS 0x0000000095200000, 0x0000000095200000| Untracked 
| 339|0x0000000095300000, 0x0000000095300000, 0x0000000095400000|  0%| F|  |TAMS 0x0000000095300000, 0x0000000095300000| Untracked 
| 340|0x0000000095400000, 0x0000000095400000, 0x0000000095500000|  0%| F|  |TAMS 0x0000000095400000, 0x0000000095400000| Untracked 
| 341|0x0000000095500000, 0x0000000095500000, 0x0000000095600000|  0%| F|  |TAMS 0x0000000095500000, 0x0000000095500000| Untracked 
| 342|0x0000000095600000, 0x0000000095600000, 0x0000000095700000|  0%| F|  |TAMS 0x0000000095600000, 0x0000000095600000| Untracked 
| 343|0x0000000095700000, 0x0000000095700000, 0x0000000095800000|  0%| F|  |TAMS 0x0000000095700000, 0x0000000095700000| Untracked 
| 344|0x0000000095800000, 0x0000000095800000, 0x0000000095900000|  0%| F|  |TAMS 0x0000000095800000, 0x0000000095800000| Untracked 
| 345|0x0000000095900000, 0x0000000095900000, 0x0000000095a00000|  0%| F|  |TAMS 0x0000000095900000, 0x0000000095900000| Untracked 
| 346|0x0000000095a00000, 0x0000000095a00000, 0x0000000095b00000|  0%| F|  |TAMS 0x0000000095a00000, 0x0000000095a00000| Untracked 
| 347|0x0000000095b00000, 0x0000000095b00000, 0x0000000095c00000|  0%| F|  |TAMS 0x0000000095b00000, 0x0000000095b00000| Untracked 
| 348|0x0000000095c00000, 0x0000000095c00000, 0x0000000095d00000|  0%| F|  |TAMS 0x0000000095c00000, 0x0000000095c00000| Untracked 
| 349|0x0000000095d00000, 0x0000000095d00000, 0x0000000095e00000|  0%| F|  |TAMS 0x0000000095d00000, 0x0000000095d00000| Untracked 
| 350|0x0000000095e00000, 0x0000000095e00000, 0x0000000095f00000|  0%| F|  |TAMS 0x0000000095e00000, 0x0000000095e00000| Untracked 
| 351|0x0000000095f00000, 0x0000000095f00000, 0x0000000096000000|  0%| F|  |TAMS 0x0000000095f00000, 0x0000000095f00000| Untracked 
| 352|0x0000000096000000, 0x0000000096000000, 0x0000000096100000|  0%| F|  |TAMS 0x0000000096000000, 0x0000000096000000| Untracked 
| 353|0x0000000096100000, 0x0000000096100000, 0x0000000096200000|  0%| F|  |TAMS 0x0000000096100000, 0x0000000096100000| Untracked 
| 354|0x0000000096200000, 0x0000000096200000, 0x0000000096300000|  0%| F|  |TAMS 0x0000000096200000, 0x0000000096200000| Untracked 
| 355|0x0000000096300000, 0x0000000096300000, 0x0000000096400000|  0%| F|  |TAMS 0x0000000096300000, 0x0000000096300000| Untracked 
| 356|0x0000000096400000, 0x0000000096400000, 0x0000000096500000|  0%| F|  |TAMS 0x0000000096400000, 0x0000000096400000| Untracked 
| 357|0x0000000096500000, 0x0000000096500000, 0x0000000096600000|  0%| F|  |TAMS 0x0000000096500000, 0x0000000096500000| Untracked 
| 358|0x0000000096600000, 0x0000000096600000, 0x0000000096700000|  0%| F|  |TAMS 0x0000000096600000, 0x0000000096600000| Untracked 
| 359|0x0000000096700000, 0x0000000096700000, 0x0000000096800000|  0%| F|  |TAMS 0x0000000096700000, 0x0000000096700000| Untracked 
| 360|0x0000000096800000, 0x0000000096800000, 0x0000000096900000|  0%| F|  |TAMS 0x0000000096800000, 0x0000000096800000| Untracked 
| 361|0x0000000096900000, 0x0000000096900000, 0x0000000096a00000|  0%| F|  |TAMS 0x0000000096900000, 0x0000000096900000| Untracked 
| 362|0x0000000096a00000, 0x0000000096a00000, 0x0000000096b00000|  0%| F|  |TAMS 0x0000000096a00000, 0x0000000096a00000| Untracked 
| 363|0x0000000096b00000, 0x0000000096b00000, 0x0000000096c00000|  0%| F|  |TAMS 0x0000000096b00000, 0x0000000096b00000| Untracked 
| 364|0x0000000096c00000, 0x0000000096c00000, 0x0000000096d00000|  0%| F|  |TAMS 0x0000000096c00000, 0x0000000096c00000| Untracked 
| 365|0x0000000096d00000, 0x0000000096d00000, 0x0000000096e00000|  0%| F|  |TAMS 0x0000000096d00000, 0x0000000096d00000| Untracked 
| 366|0x0000000096e00000, 0x0000000096e00000, 0x0000000096f00000|  0%| F|  |TAMS 0x0000000096e00000, 0x0000000096e00000| Untracked 
| 367|0x0000000096f00000, 0x0000000096f00000, 0x0000000097000000|  0%| F|  |TAMS 0x0000000096f00000, 0x0000000096f00000| Untracked 
| 368|0x0000000097000000, 0x0000000097000000, 0x0000000097100000|  0%| F|  |TAMS 0x0000000097000000, 0x0000000097000000| Untracked 
| 369|0x0000000097100000, 0x0000000097100000, 0x0000000097200000|  0%| F|  |TAMS 0x0000000097100000, 0x0000000097100000| Untracked 
| 370|0x0000000097200000, 0x0000000097200000, 0x0000000097300000|  0%| F|  |TAMS 0x0000000097200000, 0x0000000097200000| Untracked 
| 371|0x0000000097300000, 0x0000000097300000, 0x0000000097400000|  0%| F|  |TAMS 0x0000000097300000, 0x0000000097300000| Untracked 
| 372|0x0000000097400000, 0x0000000097400000, 0x0000000097500000|  0%| F|  |TAMS 0x0000000097400000, 0x0000000097400000| Untracked 
| 373|0x0000000097500000, 0x0000000097500000, 0x0000000097600000|  0%| F|  |TAMS 0x0000000097500000, 0x0000000097500000| Untracked 
| 374|0x0000000097600000, 0x0000000097600000, 0x0000000097700000|  0%| F|  |TAMS 0x0000000097600000, 0x0000000097600000| Untracked 
| 375|0x0000000097700000, 0x0000000097700000, 0x0000000097800000|  0%| F|  |TAMS 0x0000000097700000, 0x0000000097700000| Untracked 
| 376|0x0000000097800000, 0x0000000097800000, 0x0000000097900000|  0%| F|  |TAMS 0x0000000097800000, 0x0000000097800000| Untracked 
| 377|0x0000000097900000, 0x0000000097900000, 0x0000000097a00000|  0%| F|  |TAMS 0x0000000097900000, 0x0000000097900000| Untracked 
| 378|0x0000000097a00000, 0x0000000097a00000, 0x0000000097b00000|  0%| F|  |TAMS 0x0000000097a00000, 0x0000000097a00000| Untracked 
| 379|0x0000000097b00000, 0x0000000097b00000, 0x0000000097c00000|  0%| F|  |TAMS 0x0000000097b00000, 0x0000000097b00000| Untracked 
| 380|0x0000000097c00000, 0x0000000097c00000, 0x0000000097d00000|  0%| F|  |TAMS 0x0000000097c00000, 0x0000000097c00000| Untracked 
| 381|0x0000000097d00000, 0x0000000097d00000, 0x0000000097e00000|  0%| F|  |TAMS 0x0000000097d00000, 0x0000000097d00000| Untracked 
| 382|0x0000000097e00000, 0x0000000097e00000, 0x0000000097f00000|  0%| F|  |TAMS 0x0000000097e00000, 0x0000000097e00000| Untracked 
| 383|0x0000000097f00000, 0x0000000097f00000, 0x0000000098000000|  0%| F|  |TAMS 0x0000000097f00000, 0x0000000097f00000| Untracked 
| 384|0x0000000098000000, 0x0000000098000000, 0x0000000098100000|  0%| F|  |TAMS 0x0000000098000000, 0x0000000098000000| Untracked 
| 385|0x0000000098100000, 0x0000000098100000, 0x0000000098200000|  0%| F|  |TAMS 0x0000000098100000, 0x0000000098100000| Untracked 

Card table byte_map: [0x000001ebab8d0000,0x000001ebabcd0000] _byte_map_base: 0x000001ebab4d0000

Marking Bits (Prev, Next): (CMBitMap*) 0x000001eb98a31128, (CMBitMap*) 0x000001eb98a31160
 Prev Bits: [0x000001ebac0d0000, 0x000001ebae0d0000)
 Next Bits: [0x000001ebae0d0000, 0x000001ebb00d0000)

Polling page: 0x000001eb967a0000

Metaspace:

Usage:
  Non-class:     94.78 MB capacity,    93.03 MB ( 98%) used,     1.39 MB (  1%) free+waste,   367.56 KB ( <1%) overhead. 
      Class:     14.52 MB capacity,    13.41 MB ( 92%) used,   981.76 KB (  7%) free+waste,   159.00 KB (  1%) overhead. 
       Both:    109.30 MB capacity,   106.43 MB ( 97%) used,     2.35 MB (  2%) free+waste,   526.56 KB ( <1%) overhead. 

Virtual space:
  Non-class space:       96.00 MB reserved,      94.95 MB ( 99%) committed 
      Class space:        1.00 GB reserved,      14.63 MB (  1%) committed 
             Both:        1.09 GB reserved,     109.57 MB ( 10%) committed 

Chunk freelists:
   Non-Class:  47.00 KB
       Class:  12.00 KB
        Both:  59.00 KB

MaxMetaspaceSize: 17179869184.00 GB
CompressedClassSpaceSize: 1.00 GB

CodeHeap 'non-profiled nmethods': size=120064Kb used=19816Kb max_used=19816Kb free=100247Kb
 bounds [0x000001eba3f90000, 0x000001eba52f0000, 0x000001ebab4d0000]
CodeHeap 'profiled nmethods': size=120000Kb used=41365Kb max_used=41365Kb free=78634Kb
 bounds [0x000001eb9ca60000, 0x000001eb9f310000, 0x000001eba3f90000]
CodeHeap 'non-nmethods': size=5696Kb used=2321Kb max_used=2415Kb free=3374Kb
 bounds [0x000001eb9c4d0000, 0x000001eb9c740000, 0x000001eb9ca60000]
 total_blobs=20043 nmethods=19108 adapters=844
 compilation: enabled
              stopped_count=0, restarted_count=0
 full_count=0

Compilation events (20 events):
Event: 8436.392 Thread 0x000001ebb2f4c800 nmethod 24069 0x000001eba52e6690 code [0x000001eba52e6840, 0x000001eba52e69f8]
Event: 8436.393 Thread 0x000001ebb2f4c800 24071   !   4       com.google.common.cache.LocalCache$LoadingValueReference::loadFuture (125 bytes)
Event: 8436.456 Thread 0x000001ebb2f53000 24074       3       sun.nio.fs.WindowsPath::getFileName (87 bytes)
Event: 8436.457 Thread 0x000001ebb2f53000 nmethod 24074 0x000001eb9f13bc90 code [0x000001eb9f13bf40, 0x000001eb9f13cc28]
Event: 8436.534 Thread 0x000001ebb2f53000 24075       3       com.google.protobuf.CodedOutputStream$AbstractBufferedEncoder::buffer (28 bytes)
Event: 8436.534 Thread 0x000001ebb2f53000 nmethod 24075 0x000001eb9f13b890 code [0x000001eb9f13ba40, 0x000001eb9f13bb78]
Event: 8436.558 Thread 0x000001ebb2f4c800 nmethod 24071 0x000001eba52e6b10 code [0x000001eba52e6e60, 0x000001eba52e97f8]
Event: 8436.558 Thread 0x000001ebb2f4c800 24072       4       jdk.xml.internal.SecuritySupport$$Lambda$522/0x0000000100673440::run (8 bytes)
Event: 8436.583 Thread 0x000001ebb2f4c800 nmethod 24072 0x000001eba52eac90 code [0x000001eba52eae80, 0x000001eba52eb898]
Event: 8436.583 Thread 0x000001ebb2f4c800 24073       4       jdk.internal.ref.PhantomCleanable::clear (12 bytes)
Event: 8436.593 Thread 0x000001ebb2f4c800 nmethod 24073 0x000001eba52ebf10 code [0x000001eba52ec0a0, 0x000001eba52ec6f8]
Event: 8436.647 Thread 0x000001ebb2f53000 24076       3       com.google.common.collect.ImmutableList$Builder::add (14 bytes)
Event: 8436.647 Thread 0x000001ebb2f53000 nmethod 24076 0x000001eb9f13af90 code [0x000001eb9f13b1a0, 0x000001eb9f13b688]
Event: 8436.648 Thread 0x000001ebb2f53000 24077       3       com.google.common.collect.ImmutableList$Builder::add (35 bytes)
Event: 8436.648 Thread 0x000001ebb2f53000 nmethod 24077 0x000001eb9f13aa10 code [0x000001eb9f13abe0, 0x000001eb9f13aeb8]
Event: 8436.688 Thread 0x000001ebb2f4c800 24078       4       com.google.common.cache.LocalCache::put (29 bytes)
Event: 8436.693 Thread 0x000001ebb2f4c800 nmethod 24078 0x000001eba52ec890 code [0x000001eba52eca40, 0x000001eba52ecc88]
Event: 8436.706 Thread 0x000001ebb2f4c800 24079       4       org.gradle.internal.io.StreamByteBuffer::<init> (75 bytes)
Event: 8436.722 Thread 0x000001ebb2f4c800 nmethod 24079 0x000001eba52ecf10 code [0x000001eba52ed0e0, 0x000001eba52ed7d8]
Event: 8436.722 Thread 0x000001ebb2f4c800 24080   !   4       com.google.common.cache.LocalCache::processPendingNotifications (47 bytes)

GC Heap History (20 events):
Event: 8413.150 GC heap after
{Heap after GC invocations=116 (full 0):
 garbage-first heap   total 328704K, used 178757K [0x0000000080000000, 0x0000000100000000)
  region size 1024K, 8 young (8192K), 8 survivors (8192K)
 Metaspace       used 106104K, capacity 108993K, committed 109132K, reserved 1144832K
  class space    used 13518K, capacity 14619K, committed 14720K, reserved 1048576K
}
Event: 8413.746 GC heap before
{Heap before GC invocations=116 (full 0):
 garbage-first heap   total 328704K, used 285253K [0x0000000080000000, 0x0000000100000000)
  region size 1024K, 112 young (114688K), 8 survivors (8192K)
 Metaspace       used 106108K, capacity 108993K, committed 109132K, reserved 1144832K
  class space    used 13518K, capacity 14619K, committed 14720K, reserved 1048576K
}
Event: 8413.761 GC heap after
{Heap after GC invocations=117 (full 0):
 garbage-first heap   total 328704K, used 176072K [0x0000000080000000, 0x0000000100000000)
  region size 1024K, 3 young (3072K), 3 survivors (3072K)
 Metaspace       used 106108K, capacity 108993K, committed 109132K, reserved 1144832K
  class space    used 13518K, capacity 14619K, committed 14720K, reserved 1048576K
}
Event: 8414.185 GC heap before
{Heap before GC invocations=117 (full 0):
 garbage-first heap   total 328704K, used 284616K [0x0000000080000000, 0x0000000100000000)
  region size 1024K, 109 young (111616K), 3 survivors (3072K)
 Metaspace       used 106108K, capacity 108993K, committed 109132K, reserved 1144832K
  class space    used 13518K, capacity 14619K, committed 14720K, reserved 1048576K
}
Event: 8414.194 GC heap after
{Heap after GC invocations=118 (full 0):
 garbage-first heap   total 328704K, used 176056K [0x0000000080000000, 0x0000000100000000)
  region size 1024K, 3 young (3072K), 3 survivors (3072K)
 Metaspace       used 106108K, capacity 108993K, committed 109132K, reserved 1144832K
  class space    used 13518K, capacity 14619K, committed 14720K, reserved 1048576K
}
Event: 8414.853 GC heap before
{Heap before GC invocations=118 (full 0):
 garbage-first heap   total 328704K, used 286648K [0x0000000080000000, 0x0000000100000000)
  region size 1024K, 111 young (113664K), 3 survivors (3072K)
 Metaspace       used 106112K, capacity 108996K, committed 109132K, reserved 1144832K
  class space    used 13519K, capacity 14620K, committed 14720K, reserved 1048576K
}
Event: 8414.864 GC heap after
{Heap after GC invocations=119 (full 0):
 garbage-first heap   total 328704K, used 176170K [0x0000000080000000, 0x0000000100000000)
  region size 1024K, 3 young (3072K), 3 survivors (3072K)
 Metaspace       used 106112K, capacity 108996K, committed 109132K, reserved 1144832K
  class space    used 13519K, capacity 14620K, committed 14720K, reserved 1048576K
}
Event: 8415.438 GC heap before
{Heap before GC invocations=119 (full 0):
 garbage-first heap   total 328704K, used 287786K [0x0000000080000000, 0x0000000100000000)
  region size 1024K, 112 young (114688K), 3 survivors (3072K)
 Metaspace       used 106112K, capacity 108996K, committed 109132K, reserved 1144832K
  class space    used 13519K, capacity 14620K, committed 14720K, reserved 1048576K
}
Event: 8415.451 GC heap after
{Heap after GC invocations=120 (full 0):
 garbage-first heap   total 328704K, used 176829K [0x0000000080000000, 0x0000000100000000)
  region size 1024K, 4 young (4096K), 4 survivors (4096K)
 Metaspace       used 106112K, capacity 108996K, committed 109132K, reserved 1144832K
  class space    used 13519K, capacity 14620K, committed 14720K, reserved 1048576K
}
Event: 8417.265 GC heap before
{Heap before GC invocations=120 (full 0):
 garbage-first heap   total 328704K, used 279229K [0x0000000080000000, 0x0000000100000000)
  region size 1024K, 100 young (102400K), 4 survivors (4096K)
 Metaspace       used 106376K, capacity 109390K, committed 109644K, reserved 1144832K
  class space    used 13544K, capacity 14661K, committed 14720K, reserved 1048576K
}
Event: 8417.280 GC heap after
{Heap after GC invocations=121 (full 0):
 garbage-first heap   total 395264K, used 178947K [0x0000000080000000, 0x0000000100000000)
  region size 1024K, 3 young (3072K), 3 survivors (3072K)
 Metaspace       used 106376K, capacity 109390K, committed 109644K, reserved 1144832K
  class space    used 13544K, capacity 14661K, committed 14720K, reserved 1048576K
}
Event: 8420.585 GC heap before
{Heap before GC invocations=122 (full 0):
 garbage-first heap   total 395264K, used 320259K [0x0000000080000000, 0x0000000100000000)
  region size 1024K, 151 young (154624K), 3 survivors (3072K)
 Metaspace       used 107218K, capacity 110182K, committed 110540K, reserved 1144832K
  class space    used 13610K, capacity 14730K, committed 14848K, reserved 1048576K
}
Event: 8420.727 GC heap after
{Heap after GC invocations=123 (full 0):
 garbage-first heap   total 395264K, used 212727K [0x0000000080000000, 0x0000000100000000)
  region size 1024K, 19 young (19456K), 19 survivors (19456K)
 Metaspace       used 107218K, capacity 110182K, committed 110540K, reserved 1144832K
  class space    used 13610K, capacity 14730K, committed 14848K, reserved 1048576K
}
Event: 8420.804 GC heap before
{Heap before GC invocations=123 (full 0):
 garbage-first heap   total 395264K, used 213751K [0x0000000080000000, 0x0000000100000000)
  region size 1024K, 20 young (20480K), 19 survivors (19456K)
 Metaspace       used 107218K, capacity 110182K, committed 110540K, reserved 1144832K
  class space    used 13610K, capacity 14730K, committed 14848K, reserved 1048576K
}
Event: 8420.904 GC heap after
{Heap after GC invocations=124 (full 0):
 garbage-first heap   total 395264K, used 177144K [0x0000000080000000, 0x0000000100000000)
  region size 1024K, 2 young (2048K), 2 survivors (2048K)
 Metaspace       used 107218K, capacity 110182K, committed 110540K, reserved 1144832K
  class space    used 13610K, capacity 14730K, committed 14848K, reserved 1048576K
}
Event: 8421.493 GC heap before
{Heap before GC invocations=124 (full 0):
 garbage-first heap   total 395264K, used 194552K [0x0000000080000000, 0x0000000100000000)
  region size 1024K, 19 young (19456K), 2 survivors (2048K)
 Metaspace       used 107229K, capacity 110188K, committed 110540K, reserved 1144832K
  class space    used 13610K, capacity 14731K, committed 14848K, reserved 1048576K
}
Event: 8421.534 GC heap after
{Heap after GC invocations=125 (full 0):
 garbage-first heap   total 395264K, used 161791K [0x0000000080000000, 0x0000000100000000)
  region size 1024K, 3 young (3072K), 3 survivors (3072K)
 Metaspace       used 107229K, capacity 110188K, committed 110540K, reserved 1144832K
  class space    used 13610K, capacity 14731K, committed 14848K, reserved 1048576K
}
Event: 8424.804 GC heap before
{Heap before GC invocations=125 (full 0):
 garbage-first heap   total 395264K, used 304127K [0x0000000080000000, 0x0000000100000000)
  region size 1024K, 133 young (136192K), 3 survivors (3072K)
 Metaspace       used 108244K, capacity 111248K, committed 111308K, reserved 1146880K
  class space    used 13700K, capacity 14824K, committed 14848K, reserved 1048576K
}
Event: 8424.845 GC heap after
{Heap after GC invocations=126 (full 0):
 garbage-first heap   total 395264K, used 184783K [0x0000000080000000, 0x0000000100000000)
  region size 1024K, 16 young (16384K), 16 survivors (16384K)
 Metaspace       used 108244K, capacity 111248K, committed 111308K, reserved 1146880K
  class space    used 13700K, capacity 14824K, committed 14848K, reserved 1048576K
}
Event: 8436.725 GC heap before
{Heap before GC invocations=126 (full 0):
 garbage-first heap   total 395264K, used 312783K [0x0000000080000000, 0x0000000100000000)
  region size 1024K, 133 young (136192K), 16 survivors (16384K)
 Metaspace       used 108987K, capacity 111921K, committed 112204K, reserved 1146880K
  class space    used 13727K, capacity 14868K, committed 14976K, reserved 1048576K
}

Deoptimization events (20 events):
Event: 8430.457 Thread 0x000001ebb4a2b800 Uncommon trap: trap_request=0xffffff4d fr.pc=0x000001eba52b4cc8 relative=0x0000000000000a48
Event: 8430.457 Thread 0x000001ebb4a2b800 Uncommon trap: reason=unstable_if action=reinterpret pc=0x000001eba52b4cc8 method=com.sun.org.apache.xerces.internal.impl.XMLEntityScanner.scanData(Ljava/lang/String;Lcom/sun/org/apache/xerces/internal/util/XMLStringBuffer;I)Z @ 736 c2
Event: 8430.457 Thread 0x000001ebb4a2b800 DEOPT PACKING pc=0x000001eba52b4cc8 sp=0x0000001e3cffb0a0
Event: 8430.457 Thread 0x000001ebb4a2b800 DEOPT UNPACKING pc=0x000001eb9c4f78af sp=0x0000001e3cffb060 mode 2
Event: 8430.510 Thread 0x000001ebb4a2b800 DEOPT PACKING pc=0x000001eb9ef073a7 sp=0x0000001e3cffaf70
Event: 8430.510 Thread 0x000001ebb4a2b800 DEOPT UNPACKING pc=0x000001eb9c4f76ce sp=0x0000001e3cffa498 mode 0
Event: 8430.792 Thread 0x000001ebb4a2b800 DEOPT PACKING pc=0x000001eb9ef073a7 sp=0x0000001e3cffaf70
Event: 8430.792 Thread 0x000001ebb4a2b800 DEOPT UNPACKING pc=0x000001eb9c4f76ce sp=0x0000001e3cffa498 mode 0
Event: 8431.200 Thread 0x000001ebb4a2b800 DEOPT PACKING pc=0x000001eb9ef073a7 sp=0x0000001e3cffaf70
Event: 8431.200 Thread 0x000001ebb4a2b800 DEOPT UNPACKING pc=0x000001eb9c4f76ce sp=0x0000001e3cffa498 mode 0
Event: 8431.686 Thread 0x000001ebb4a2f800 DEOPT PACKING pc=0x000001eb9ef073a7 sp=0x0000001e3cdfac60
Event: 8431.686 Thread 0x000001ebb4a2f800 DEOPT UNPACKING pc=0x000001eb9c4f76ce sp=0x0000001e3cdfa188 mode 0
Event: 8432.439 Thread 0x000001ebb4a2b800 DEOPT PACKING pc=0x000001eb9ef073a7 sp=0x0000001e3cffaf70
Event: 8432.439 Thread 0x000001ebb4a2b800 DEOPT UNPACKING pc=0x000001eb9c4f76ce sp=0x0000001e3cffa498 mode 0
Event: 8435.897 Thread 0x000001ebb4a2b800 DEOPT PACKING pc=0x000001eb9df63131 sp=0x0000001e3cffb620
Event: 8435.897 Thread 0x000001ebb4a2b800 DEOPT UNPACKING pc=0x000001eb9c4f76ce sp=0x0000001e3cffaae8 mode 0
Event: 8436.224 Thread 0x000001ebb4a2b800 Uncommon trap: trap_request=0xffffff4d fr.pc=0x000001eba5117134 relative=0x0000000000001c14
Event: 8436.224 Thread 0x000001ebb4a2b800 Uncommon trap: reason=unstable_if action=reinterpret pc=0x000001eba5117134 method=java.util.concurrent.locks.AbstractQueuedSynchronizer.enq(Ljava/util/concurrent/locks/AbstractQueuedSynchronizer$Node;)Ljava/util/concurrent/locks/AbstractQueuedSynchronizer
Event: 8436.224 Thread 0x000001ebb4a2b800 DEOPT PACKING pc=0x000001eba5117134 sp=0x0000001e3cffd4e0
Event: 8436.224 Thread 0x000001ebb4a2b800 DEOPT UNPACKING pc=0x000001eb9c4f78af sp=0x0000001e3cffd258 mode 2

Classes redefined (0 events):
No events

Internal exceptions (20 events):
Event: 8408.730 Thread 0x000001ebb4a2a800 Exception <a 'sun/nio/fs/WindowsException'{0x0000000092a73140}> (0x0000000092a73140) thrown at [./src/hotspot/share/prims/jni.cpp, line 615]
Event: 8408.859 Thread 0x000001ebb4a2f000 Exception <a 'sun/nio/fs/WindowsException'{0x000000009279ede0}> (0x000000009279ede0) thrown at [./src/hotspot/share/prims/jni.cpp, line 615]
Event: 8408.927 Thread 0x000001ebb4a2f800 Exception <a 'sun/nio/fs/WindowsException'{0x00000000933b8250}> (0x00000000933b8250) thrown at [./src/hotspot/share/prims/jni.cpp, line 615]
Event: 8408.931 Thread 0x000001ebb4a2f800 Exception <a 'sun/nio/fs/WindowsException'{0x00000000924d16a0}> (0x00000000924d16a0) thrown at [./src/hotspot/share/prims/jni.cpp, line 615]
Event: 8409.099 Thread 0x000001ebb4a2b800 Exception <a 'sun/nio/fs/WindowsException'{0x0000000093e8d3d8}> (0x0000000093e8d3d8) thrown at [./src/hotspot/share/prims/jni.cpp, line 615]
Event: 8409.105 Thread 0x000001ebb4a2b800 Exception <a 'sun/nio/fs/WindowsException'{0x0000000091174738}> (0x0000000091174738) thrown at [./src/hotspot/share/prims/jni.cpp, line 615]
Event: 8409.741 Thread 0x000001ebb4a36000 Exception <a 'sun/nio/fs/WindowsException'{0x0000000093c2f770}> (0x0000000093c2f770) thrown at [./src/hotspot/share/prims/jni.cpp, line 615]
Event: 8413.172 Thread 0x000001ebb4a2f000 Exception <a 'sun/nio/fs/WindowsException'{0x00000000937a2bc0}> (0x00000000937a2bc0) thrown at [./src/hotspot/share/prims/jni.cpp, line 615]
Event: 8416.409 Thread 0x000001ebb4a36000 Exception <a 'sun/nio/fs/WindowsException'{0x000000008e68d8f8}> (0x000000008e68d8f8) thrown at [./src/hotspot/share/prims/jni.cpp, line 615]
Event: 8417.479 Thread 0x000001ebb4a2c800 Exception <a 'sun/nio/fs/WindowsException'{0x0000000097d49310}> (0x0000000097d49310) thrown at [./src/hotspot/share/prims/jni.cpp, line 615]
Event: 8422.637 Thread 0x000001ebb402c800 Implicit null exception at 0x000001eba464c3f6 to 0x000001eba464c56c
Event: 8422.643 Thread 0x000001ebb402c800 Exception <a 'sun/nio/fs/WindowsException'{0x0000000094446a80}> (0x0000000094446a80) thrown at [./src/hotspot/share/prims/jni.cpp, line 615]
Event: 8422.994 Thread 0x000001ebb4a30800 Exception <a 'sun/nio/fs/WindowsException'{0x00000000933c97e0}> (0x00000000933c97e0) thrown at [./src/hotspot/share/prims/jni.cpp, line 615]
Event: 8423.009 Thread 0x000001ebb4a30800 Exception <a 'sun/nio/fs/WindowsException'{0x00000000933d2d70}> (0x00000000933d2d70) thrown at [./src/hotspot/share/prims/jni.cpp, line 615]
Event: 8423.249 Thread 0x000001ebb4a30800 Exception <a 'sun/nio/fs/WindowsException'{0x00000000933d9068}> (0x00000000933d9068) thrown at [./src/hotspot/share/prims/jni.cpp, line 615]
Event: 8426.609 Thread 0x000001ebb69bc000 Exception <a 'sun/nio/fs/WindowsException'{0x0000000093151d98}> (0x0000000093151d98) thrown at [./src/hotspot/share/prims/jni.cpp, line 615]
Event: 8429.298 Thread 0x000001ebb4a2f800 Exception <a 'java/lang/NoSuchMethodError'{0x0000000092819510}: 'void java.lang.invoke.DirectMethodHandle$Holder.invokeStatic(java.lang.Object, long)'> (0x0000000092819510) thrown at [./src/hotspot/share/interpreter/linkResolver.cpp, line 773]
Event: 8429.301 Thread 0x000001ebb4a2f800 Exception <a 'java/lang/NoSuchMethodError'{0x00000000928248e8}: 'java.lang.Object java.lang.invoke.DirectMethodHandle$Holder.invokeStaticInit(java.lang.Object, java.lang.Object, long, java.lang.Object)'> (0x00000000928248e8) thrown at [./src/hotspot/share/interpreter/linkResolver.cpp, line 773]
Event: 8429.301 Thread 0x000001ebb4a2f800 Exception <a 'java/lang/NoSuchMethodError'{0x000000009282b078}: 'java.lang.Object java.lang.invoke.DirectMethodHandle$Holder.invokeStatic(java.lang.Object, java.lang.Object, long)'> (0x000000009282b078) thrown at [./src/hotspot/share/interpreter/linkResolver.cpp, line 773]
Event: 8429.302 Thread 0x000001ebb4a2f800 Exception <a 'java/lang/NoSuchMethodError'{0x00000000928b9560}: 'java.lang.Object java.lang.invoke.Invokers$Holder.linkToTargetMethod(java.lang.Object, long, java.lang.Object)'> (0x00000000928b9560) thrown at [./src/hotspot/share/interpreter/linkResolver.cpp, line 773]

Events (20 events):
Event: 8430.057 loading class com/android/builder/internal/aapt/v2/Aapt2DaemonImpl$WaitForTaskCompletion done
Event: 8430.058 loading class com/android/builder/internal/aapt/v2/Aapt2DaemonUtil
Event: 8430.058 loading class com/android/builder/internal/aapt/v2/Aapt2DaemonUtil done
Event: 8430.089 loading class com/android/builder/internal/aapt/AaptException
Event: 8430.089 loading class com/android/builder/internal/aapt/AaptException done
Event: 8430.090 loading class com/android/builder/internal/aapt/v2/AaptV2CommandBuilder
Event: 8430.090 loading class com/android/builder/internal/aapt/v2/AaptV2CommandBuilder done
Event: 8430.164 loading class com/android/builder/internal/aapt/v2/Aapt2DaemonImpl$WaitForTaskCompletion$Result$Succeeded
Event: 8430.164 loading class com/android/builder/internal/aapt/v2/Aapt2DaemonImpl$WaitForTaskCompletion$Result$Succeeded done
Event: 8430.165 loading class com/android/builder/internal/aapt/v2/Aapt2DaemonImpl$WaitForTaskCompletion$Result
Event: 8430.165 loading class com/android/builder/internal/aapt/v2/Aapt2DaemonImpl$WaitForTaskCompletion$Result done
Event: 8430.178 Executing VM operation: RevokeBias
Event: 8430.179 Executing VM operation: RevokeBias done
Event: 8436.551 Executing VM operation: RevokeBias
Event: 8436.552 Executing VM operation: RevokeBias done
Event: 8436.552 Executing VM operation: RevokeBias
Event: 8436.552 Executing VM operation: RevokeBias done
Event: 8436.552 Executing VM operation: RevokeBias
Event: 8436.552 Executing VM operation: RevokeBias done
Event: 8436.725 Executing VM operation: G1CollectForAllocation


Dynamic libraries:
0x00007ff74bca0000 - 0x00007ff74bcaa000 	D:\sftwr\android_studio\android_software\jre\bin\java.exe
0x00007ff931c60000 - 0x00007ff931e50000 	C:\WINDOWS\SYSTEM32\ntdll.dll
0x00007ff931ae0000 - 0x00007ff931b92000 	C:\WINDOWS\System32\KERNEL32.DLL
0x00007ff92f100000 - 0x00007ff92f3a5000 	C:\WINDOWS\System32\KERNELBASE.dll
0x00007ff92f3b0000 - 0x00007ff92f4aa000 	C:\WINDOWS\System32\ucrtbase.dll
0x00007ff920d90000 - 0x00007ff920da7000 	D:\sftwr\android_studio\android_software\jre\bin\VCRUNTIME140.dll
0x00007ff920ea0000 - 0x00007ff920eb9000 	D:\sftwr\android_studio\android_software\jre\bin\jli.dll
0x00007ff931120000 - 0x00007ff9312b4000 	C:\WINDOWS\System32\USER32.dll
0x00007ff921f00000 - 0x00007ff922184000 	C:\WINDOWS\WinSxS\amd64_microsoft.windows.common-controls_6595b64144ccf1df_6.0.18362.1556_none_9e7e372fe45e41d5\COMCTL32.dll
0x00007ff92ec20000 - 0x00007ff92ec41000 	C:\WINDOWS\System32\win32u.dll
0x00007ff9306e0000 - 0x00007ff93077e000 	C:\WINDOWS\System32\msvcrt.dll
0x00007ff931670000 - 0x00007ff931696000 	C:\WINDOWS\System32\GDI32.dll
0x00007ff9316a0000 - 0x00007ff9319d6000 	C:\WINDOWS\System32\combase.dll
0x00007ff92edb0000 - 0x00007ff92ef48000 	C:\WINDOWS\System32\gdi32full.dll
0x00007ff92fd70000 - 0x00007ff92fe8f000 	C:\WINDOWS\System32\RPCRT4.dll
0x00007ff92ef50000 - 0x00007ff92efee000 	C:\WINDOWS\System32\msvcp_win.dll
0x00007ff92fc80000 - 0x00007ff92fd01000 	C:\WINDOWS\System32\bcryptPrimitives.dll
0x00007ff9319e0000 - 0x00007ff931a0e000 	C:\WINDOWS\System32\IMM32.DLL
0x00007ff9016d0000 - 0x00007ff90176d000 	D:\sftwr\android_studio\android_software\jre\bin\msvcp140.dll
0x00007ff8bd430000 - 0x00007ff8bdeff000 	D:\sftwr\android_studio\android_software\jre\bin\server\jvm.dll
0x00007ff9315c0000 - 0x00007ff931663000 	C:\WINDOWS\System32\ADVAPI32.dll
0x00007ff931520000 - 0x00007ff9315b7000 	C:\WINDOWS\System32\sechost.dll
0x00007ff930780000 - 0x00007ff930788000 	C:\WINDOWS\System32\PSAPI.DLL
0x00007ff929540000 - 0x00007ff929549000 	C:\WINDOWS\SYSTEM32\WSOCK32.dll
0x00007ff92c420000 - 0x00007ff92c444000 	C:\WINDOWS\SYSTEM32\WINMM.dll
0x00007ff9310b0000 - 0x00007ff93111f000 	C:\WINDOWS\System32\WS2_32.dll
0x00007ff91ef30000 - 0x00007ff91ef3a000 	C:\WINDOWS\SYSTEM32\VERSION.dll
0x00007ff92c3f0000 - 0x00007ff92c41d000 	C:\WINDOWS\SYSTEM32\WINMMBASE.dll
0x00007ff92ebd0000 - 0x00007ff92ec1a000 	C:\WINDOWS\System32\cfgmgr32.dll
0x00007ff92ebb0000 - 0x00007ff92ebc1000 	C:\WINDOWS\System32\kernel.appcore.dll
0x00007ff927e00000 - 0x00007ff927e11000 	D:\sftwr\android_studio\android_software\jre\bin\verify.dll
0x00007ff925ea0000 - 0x00007ff926094000 	C:\WINDOWS\SYSTEM32\DBGHELP.DLL
0x00007ff925e70000 - 0x00007ff925e9a000 	C:\WINDOWS\SYSTEM32\dbgcore.DLL
0x00007ff920d30000 - 0x00007ff920d59000 	D:\sftwr\android_studio\android_software\jre\bin\java.dll
0x00007ff927fc0000 - 0x00007ff927fcb000 	D:\sftwr\android_studio\android_software\jre\bin\jimage.dll
0x00007ff920e60000 - 0x00007ff920e78000 	D:\sftwr\android_studio\android_software\jre\bin\zip.dll
0x00007ff930790000 - 0x00007ff930e77000 	C:\WINDOWS\System32\SHELL32.dll
0x00007ff931460000 - 0x00007ff931508000 	C:\WINDOWS\System32\shcore.dll
0x00007ff92f4b0000 - 0x00007ff92fc2b000 	C:\WINDOWS\System32\windows.storage.dll
0x00007ff92eb90000 - 0x00007ff92ebae000 	C:\WINDOWS\System32\profapi.dll
0x00007ff92eb40000 - 0x00007ff92eb8a000 	C:\WINDOWS\System32\powrprof.dll
0x00007ff92eb10000 - 0x00007ff92eb20000 	C:\WINDOWS\System32\UMPDC.dll
0x00007ff92fd10000 - 0x00007ff92fd62000 	C:\WINDOWS\System32\shlwapi.dll
0x00007ff92fc60000 - 0x00007ff92fc77000 	C:\WINDOWS\System32\cryptsp.dll
0x00007ff91b950000 - 0x00007ff91b96a000 	D:\sftwr\android_studio\android_software\jre\bin\net.dll
0x00007ff921a00000 - 0x00007ff921afa000 	C:\WINDOWS\SYSTEM32\WINHTTP.dll
0x00007ff92e350000 - 0x00007ff92e3b7000 	C:\WINDOWS\system32\mswsock.dll
0x00007ff91b860000 - 0x00007ff91b874000 	D:\sftwr\android_studio\android_software\jre\bin\nio.dll
0x00007ff8ff570000 - 0x00007ff8ff597000 	C:\Users\tahmi\.gradle\native\8bec1ad78214c89d9ad589b4d07fe93259594b29d510b10fafb7a158f7737e5d\windows-amd64\native-platform.dll
0x00007ff8e87b0000 - 0x00007ff8e88ed000 	C:\Users\tahmi\.gradle\native\53dbd7edfb1c66fb8903c78663c9afc45aea4f116125fa6feffd364cf09443e8\windows-amd64\native-platform-file-events.dll
0x00007ff927df0000 - 0x00007ff927dfa000 	D:\sftwr\android_studio\android_software\jre\bin\management.dll
0x00007ff920d00000 - 0x00007ff920d0c000 	D:\sftwr\android_studio\android_software\jre\bin\management_ext.dll
0x00007ff92ded0000 - 0x00007ff92df03000 	C:\WINDOWS\system32\rsaenh.dll
0x00007ff92fc30000 - 0x00007ff92fc56000 	C:\WINDOWS\System32\bcrypt.dll
0x00007ff92ea00000 - 0x00007ff92ea25000 	C:\WINDOWS\SYSTEM32\USERENV.dll
0x00007ff92e520000 - 0x00007ff92e52c000 	C:\WINDOWS\SYSTEM32\CRYPTBASE.dll
0x00007ff92e060000 - 0x00007ff92e09a000 	C:\WINDOWS\SYSTEM32\IPHLPAPI.DLL
0x00007ff931040000 - 0x00007ff931048000 	C:\WINDOWS\System32\NSI.dll
0x00007ff922250000 - 0x00007ff922266000 	C:\WINDOWS\SYSTEM32\dhcpcsvc6.DLL
0x00007ff925d60000 - 0x00007ff925d7c000 	C:\WINDOWS\SYSTEM32\dhcpcsvc.DLL
0x00007ff92e0f0000 - 0x00007ff92e1bb000 	C:\WINDOWS\SYSTEM32\DNSAPI.dll
0x00007ff92cc80000 - 0x00007ff92cd0f000 	C:\WINDOWS\system32\apphelp.dll

dbghelp: loaded successfully - version: 4.0.5 - missing functions: none
symbol engine: initialized successfully - sym options: 0x614 - pdb path: .;D:\sftwr\android_studio\android_software\jre\bin;C:\WINDOWS\SYSTEM32;C:\WINDOWS\WinSxS\amd64_microsoft.windows.common-controls_6595b64144ccf1df_6.0.18362.1556_none_9e7e372fe45e41d5;D:\sftwr\android_studio\android_software\jre\bin\server;C:\Users\tahmi\.gradle\native\8bec1ad78214c89d9ad589b4d07fe93259594b29d510b10fafb7a158f7737e5d\windows-amd64;C:\Users\tahmi\.gradle\native\53dbd7edfb1c66fb8903c78663c9afc45aea4f116125fa6feffd364cf09443e8\windows-amd64

VM Arguments:
jvm_args: --add-opens=java.base/java.util=ALL-UNNAMED --add-opens=java.base/java.lang=ALL-UNNAMED --add-opens=java.base/java.lang.invoke=ALL-UNNAMED --add-opens=java.base/java.util=ALL-UNNAMED --add-opens=java.prefs/java.util.prefs=ALL-UNNAMED --add-opens=java.prefs/java.util.prefs=ALL-UNNAMED --add-opens=java.base/java.nio.charset=ALL-UNNAMED --add-opens=java.base/java.net=ALL-UNNAMED --add-opens=java.base/java.util.concurrent.atomic=ALL-UNNAMED -Xmx2048m -Dfile.encoding=UTF-8 -Duser.country=AU -Duser.language=en -Duser.variant 
java_command: org.gradle.launcher.daemon.bootstrap.GradleDaemon 7.0.2
java_class_path (initial): C:\Users\tahmi\.gradle\wrapper\dists\gradle-7.0.2-bin\857tjihv64xamwrf0h14cai3r\gradle-7.0.2\lib\gradle-launcher-7.0.2.jar
Launcher Type: SUN_STANDARD

[Global flags]
     intx CICompilerCount                          = 3                                         {product} {ergonomic}
     uint ConcGCThreads                            = 1                                         {product} {ergonomic}
     uint G1ConcRefinementThreads                  = 4                                         {product} {ergonomic}
   size_t G1HeapRegionSize                         = 1048576                                   {product} {ergonomic}
    uintx GCDrainStackTargetSize                   = 64                                        {product} {ergonomic}
   size_t InitialHeapSize                          = 134217728                                 {product} {ergonomic}
   size_t MarkStackSize                            = 4194304                                   {product} {ergonomic}
   size_t MaxHeapSize                              = 2147483648                                {product} {command line}
   size_t MaxNewSize                               = 1287651328                                {product} {ergonomic}
   size_t MinHeapDeltaBytes                        = 1048576                                   {product} {ergonomic}
    uintx NonNMethodCodeHeapSize                   = 5830732                                {pd product} {ergonomic}
    uintx NonProfiledCodeHeapSize                  = 122913754                              {pd product} {ergonomic}
    uintx ProfiledCodeHeapSize                     = 122913754                              {pd product} {ergonomic}
    uintx ReservedCodeCacheSize                    = 251658240                              {pd product} {ergonomic}
     bool SegmentedCodeCache                       = true                                      {product} {ergonomic}
     bool UseCompressedClassPointers               = true                                 {lp64_product} {ergonomic}
     bool UseCompressedOops                        = true                                 {lp64_product} {ergonomic}
     bool UseG1GC                                  = true                                      {product} {ergonomic}
     bool UseLargePagesIndividualAllocation        = false                                  {pd product} {ergonomic}

Logging:
Log output configuration:
 #0: stdout all=warning uptime,level,tags
 #1: stderr all=off uptime,level,tags

Environment Variables:
PATH=C:\Python39\Scripts\;C:\Python39\;E:\app\Tahmid1234\product\18.0.0\client_1;E:\app\Tahmid1234\product\18.0.0\client_1\bin;E:\app\client\tahmi\product\18.0.0\client_1;E:\app\client\tahmi\product\18.0.0\client_1\bin;D:\sftwr\app\oracle\product\10.2.0\server\bin;C:\WINDOWS\system32;C:\WINDOWS;C:\WINDOWS\System32\Wbem;C:\WINDOWS\System32\WindowsPowerShell\v1.0\;C:\WINDOWS\System32\OpenSSH\;C:\Program Files\dotnet\;C:\Program Files\Microsoft SQL Server\130\Tools\Binn\;C:\Program Files\Microsoft SQL Server\Client SDK\ODBC\170\Tools\Binn\;C:\Program Files (x86)\Microsoft SQL Server\150\DTS\Binn\;C:\Program Files\Microsoft SQL Server\Client SDK\ODBC\130\Tools\Binn\;C:\Program Files (x86)\Microsoft SQL Server\140\Tools\Binn\;C:\Program Files\Microsoft SQL Server\140\Tools\Binn\;C:\Program Files\Microsoft SQL Server\140\DTS\Binn\;D:\sftwr;C:\Python27;C:\Android;C:\Windows\System32;D:\MATLAB\R2018b\runtime\win64;D:\MATLAB\R2018b\bin;C:\ProgramData\chocolatey\bin;C:\webdriver;D:\sftwr\NodeJs\;C:\Users\tahmi\AppData\Roaming\npm;C:\Users\tahmi\AppData\Local\Microsoft\WindowsApps;D:\INTELLIJ\IntelliJ IDEA Community Edition 2020.3.2\bin;C:\Users\tahmi\AppData\Roaming\npm;E:\StudyStation\Microsoft VS Code\bin;C:\Users\tahmi\.dotnet\tools;D:\sftwr\jet brains\PyCharm Community Edition 2021.2.2\bin
USERNAME=tahmi
OS=Windows_NT
PROCESSOR_IDENTIFIER=Intel64 Family 6 Model 78 Stepping 3, GenuineIntel



---------------  S Y S T E M  ---------------

OS: Windows 10 , 64 bit Build 18362 (10.0.18362.1500)
OS uptime: 0 days 13:37 hours

CPU:total 4 (initial active 4) (2 cores per cpu, 2 threads per core) family 6 model 78 stepping 3 microcode 0xc6, cmov, cx8, fxsr, mmx, sse, sse2, sse3, ssse3, sse4.1, sse4.2, popcnt, avx, avx2, aes, clmul, erms, 3dnowpref, lzcnt, ht, tsc, tscinvbit, bmi1, bmi2, adx, fma

Memory: 4k page, system-wide physical 8065M (618M free)
TotalPageFile size 11135M (AvailPageFile size 223M)
current process WorkingSet (physical memory assigned to process): 718M, peak: 747M
current process commit charge ("private bytes"): 780M, peak: 1024M

vm_info: OpenJDK 64-Bit Server VM (11.0.10+0-b96-7249189) for windows-amd64 JRE (11.0.10+0-b96-7249189), built on Mar 31 2021 21:44:00 by "builder" with MS VC++ 14.0 (VS2015)

END.
